Log file open, 09/26/23 12:30:16
LogWindows: Failed to load 'aqProf.dll' (GetLastError=126)
LogWindows: File 'aqProf.dll' does not exist
LogWindows: Failed to load 'VtuneApi.dll' (GetLastError=126)
LogWindows: File 'VtuneApi.dll' does not exist
LogWindows: Failed to load 'VtuneApi32e.dll' (GetLastError=126)
LogWindows: File 'VtuneApi32e.dll' does not exist
LogConsoleResponse: Display: Failed to find resolution value strings in scalability ini. Falling back to default.
LogConsoleResponse: Display: Failed to find resolution value strings in scalability ini. Falling back to default.
LogInit: Display: Running engine for game: TopDownShooterBsz
LogPlatformFile: Not using cached read wrapper
LogTaskGraph: Started task graph with 5 named threads and 23 total threads with 3 sets of task threads.
LogStats: Stats thread started at 0.241433
LogICUInternationalization: ICU TimeZone Detection - Raw Offset: +1:00, Platform Override: ''
LogInit: Display: Loading text-based GConfig....
LogPluginManager: Mounting plugin MeshPainting
LogPluginManager: Mounting plugin XGEController
LogPluginManager: Mounting plugin Paper2D
LogPluginManager: Mounting plugin LiveLink
LogPluginManager: Mounting plugin EnvironmentQueryEditor
LogPluginManager: Mounting plugin LightPropagationVolume
LogPluginManager: Mounting plugin AISupport
LogPluginManager: Mounting plugin CameraShakePreviewer
LogPluginManager: Mounting plugin GameplayCameras
LogPluginManager: Mounting plugin AnimationSharing
LogPluginManager: Mounting plugin CLionSourceCodeAccess
LogPluginManager: Mounting plugin CodeLiteSourceCodeAccess
LogPluginManager: Mounting plugin GitSourceControl
LogPluginManager: Mounting plugin KDevelopSourceCodeAccess
LogPluginManager: Mounting plugin NullSourceCodeAccess
LogPluginManager: Mounting plugin PerforceSourceControl
LogPluginManager: Mounting plugin PixWinPlugin
LogPluginManager: Mounting plugin PlasticSourceControl
LogPluginManager: Mounting plugin PluginUtils
LogPluginManager: Mounting plugin AssetManagerEditor
LogPluginManager: Mounting plugin PropertyAccessNode
LogPluginManager: Mounting plugin RiderSourceCodeAccess
LogPluginManager: Mounting plugin SubversionSourceControl
LogPluginManager: Mounting plugin TextureFormatOodle
LogPluginManager: Mounting plugin CryptoKeys
LogPluginManager: Mounting plugin CurveEditorTools
LogPluginManager: Mounting plugin DataValidation
LogPluginManager: Mounting plugin UObjectPlugin
LogPluginManager: Mounting plugin FacialAnimation
LogPluginManager: Mounting plugin OodleData
LogPluginManager: Mounting plugin GameplayTagsEditor
LogPluginManager: Mounting plugin GeometryMode
LogPluginManager: Mounting plugin MacGraphicsSwitching
LogPluginManager: Mounting plugin MobileLauncherProfileWizard
LogPluginManager: Mounting plugin PluginBrowser
LogPluginManager: Mounting plugin MaterialAnalyzer
LogPluginManager: Mounting plugin SpeedTreeImporter
LogPluginManager: Mounting plugin VisualStudioCodeSourceCodeAccess
LogPluginManager: Mounting plugin VisualStudioSourceCodeAccess
LogPluginManager: Mounting plugin XCodeSourceCodeAccess
LogPluginManager: Mounting plugin OodleNetwork
LogPluginManager: Mounting plugin DatasmithContent
LogPluginManager: Mounting plugin Niagara
LogPluginManager: Mounting plugin VariantManagerContent
LogPluginManager: Mounting plugin LuminPlatformFeatures
LogPluginManager: Mounting plugin MagicLeap
LogPluginManager: Mounting plugin MagicLeapLightEstimation
LogPluginManager: Mounting plugin MagicLeapMedia
LogPluginManager: Mounting plugin MagicLeapPassableWorld
LogPluginManager: Mounting plugin MLSDK
LogPluginManager: Mounting plugin TcpMessaging
LogPluginManager: Mounting plugin UdpMessaging
LogPluginManager: Mounting plugin AndroidMedia
LogPluginManager: Mounting plugin AvfMedia
LogPluginManager: Mounting plugin ImgMedia
LogPluginManager: Mounting plugin MediaCompositing
LogPluginManager: Mounting plugin MediaPlayerEditor
LogPluginManager: Mounting plugin WebMMedia
LogPluginManager: Mounting plugin WmfMedia
LogPluginManager: Mounting plugin AlembicImporter
LogPluginManager: Mounting plugin AutomationUtils
LogPluginManager: Mounting plugin BackChannel
LogPluginManager: Mounting plugin ChaosCloth
LogPluginManager: Mounting plugin ChaosClothEditor
LogPluginManager: Mounting plugin ChaosNiagara
LogPluginManager: Mounting plugin ChaosSolverPlugin
LogPluginManager: Mounting plugin ChaosEditor
LogPluginManager: Mounting plugin CharacterAI
LogPluginManager: Mounting plugin GeometryCollectionPlugin
LogPluginManager: Mounting plugin GeometryCache
LogPluginManager: Mounting plugin ActorSequence
LogPluginManager: Mounting plugin LevelSequenceEditor
LogPluginManager: Mounting plugin MatineeToLevelSequence
LogPluginManager: Mounting plugin TemplateSequence
LogPluginManager: Mounting plugin GeometryProcessing
LogPluginManager: Mounting plugin MotoSynth
LogPluginManager: Mounting plugin OpenImageDenoise
LogPluginManager: Mounting plugin PlanarCut
LogPluginManager: Mounting plugin PlatformCrypto
LogPluginManager: Mounting plugin PythonScriptPlugin
LogPluginManager: Mounting plugin ProxyLODPlugin
LogPluginManager: Mounting plugin SkeletalReduction
LogPluginManager: Mounting plugin OnlineSubsystem
LogPluginManager: Mounting plugin OnlineSubsystemNull
LogPluginManager: Mounting plugin OnlineSubsystemUtils
LogPluginManager: Mounting plugin LauncherChunkInstaller
LogPluginManager: Mounting plugin ActorLayerUtilities
LogPluginManager: Mounting plugin AndroidDeviceProfileSelector
LogPluginManager: Mounting plugin AndroidMoviePlayer
LogPluginManager: Mounting plugin AndroidPermission
LogPluginManager: Mounting plugin AppleImageUtils
LogPluginManager: Mounting plugin AppleMoviePlayer
LogPluginManager: Mounting plugin AssetTags
LogPluginManager: Mounting plugin ArchVisCharacter
LogPluginManager: Mounting plugin AudioCapture
LogPluginManager: Mounting plugin AudioSynesthesia
LogPluginManager: Mounting plugin CableComponent
LogPluginManager: Mounting plugin CustomMeshComponent
LogPluginManager: Mounting plugin ChunkDownloader
LogPluginManager: Mounting plugin EditableMesh
LogPluginManager: Mounting plugin ExampleDeviceProfileSelector
LogPluginManager: Mounting plugin GoogleCloudMessaging
LogPluginManager: Mounting plugin GooglePAD
LogPluginManager: Mounting plugin IOSDeviceProfileSelector
LogPluginManager: Mounting plugin LinuxDeviceProfileSelector
LogPluginManager: Mounting plugin LocationServicesBPLibrary
LogPluginManager: Mounting plugin MobilePatchingUtils
LogPluginManager: Mounting plugin OpenXR
LogPluginManager: Mounting plugin OpenXREyeTracker
LogPluginManager: Mounting plugin OpenXRHandTracking
LogPluginManager: Mounting plugin PhysXVehicles
LogPluginManager: Mounting plugin ScreenshotTools
LogPluginManager: Mounting plugin PostSplashScreen
LogPluginManager: Mounting plugin ProceduralMeshComponent
LogPluginManager: Mounting plugin PropertyAccessEditor
LogPluginManager: Mounting plugin RuntimePhysXCooking
LogPluginManager: Mounting plugin SignificanceManager
LogPluginManager: Mounting plugin Takes
LogPluginManager: Mounting plugin SoundFields
LogPluginManager: Mounting plugin Synthesis
LogPluginManager: Mounting plugin WebMMoviePlayer
LogPluginManager: Mounting plugin WindowsMoviePlayer
LogPluginManager: Mounting plugin ContentBrowserAssetDataSource
LogPluginManager: Mounting plugin ContentBrowserClassDataSource
LogPluginManager: Mounting plugin ContentBrowserFileDataSource
LogPluginManager: Mounting plugin OnlineSubsystemGooglePlay
LogPluginManager: Mounting plugin OnlineSubsystemIOS
LogPluginManager: Mounting plugin OculusVR
LogPluginManager: Mounting plugin SteamVR
PixWinPlugin: PIX capture plugin failed to initialize! Check that the process is launched from PIX.
LogInit: Using libcurl 7.55.1-DEV
LogInit:  - built for x86_64-pc-win32
LogInit:  - supports SSL with OpenSSL/1.1.1
LogInit:  - supports HTTP deflate (compression) using libz 1.2.8
LogInit:  - other features:
LogInit:      CURL_VERSION_SSL
LogInit:      CURL_VERSION_LIBZ
LogInit:      CURL_VERSION_IPV6
LogInit:      CURL_VERSION_ASYNCHDNS
LogInit:      CURL_VERSION_LARGEFILE
LogInit:      CURL_VERSION_IDN
LogInit:  CurlRequestOptions (configurable via config and command line):
LogInit:  - bVerifyPeer = true  - Libcurl will verify peer certificate
LogInit:  - bUseHttpProxy = false  - Libcurl will NOT use HTTP proxy
LogInit:  - bDontReuseConnections = false  - Libcurl will reuse connections
LogInit:  - MaxHostConnections = 16  - Libcurl will limit the number of connections to a host
LogInit:  - LocalHostAddr = Default
LogInit:  - BufferSize = 65536
LogOnline: OSS: Creating online subsystem instance for: NULL
LogInit: WinSock: version 1.1 (2.2), MaxSocks=32767, MaxUdp=65467
LogOnline: OSS: TryLoadSubsystemAndSetDefault: Loaded subsystem for module [NULL]
LogOculusPluginWrapper: OculusPlugin initialized successfully
LogHMD: Failed initializing OVRPlugin 1.59.0
LogInit: Build: ++UE4+Release-4.27-CL-18319896
LogInit: Engine Version: 4.27.2-18319896+++UE4+Release-4.27
LogInit: Compatible Engine Version: 4.27.0-17155196+++UE4+Release-4.27
LogInit: Net CL: 17155196
LogInit: OS: Windows 10 (Release 2009) (), CPU: 11th Gen Intel(R) Core(TM) i5-1135G7 @ 2.40GHz, GPU: Intel(R) Iris(R) Xe Graphics
LogInit: Compiled (64-bit): Nov 30 2021 07:12:08
LogInit: Compiled with Visual C++: 19.24.28315.00
LogInit: Build Configuration: Development
LogInit: Branch Name: ++UE4+Release-4.27
LogInit: Command Line: 
LogInit: Base Directory: C:/Program Files/Epic Games/UE_4.27/Engine/Binaries/Win64/
LogInit: Allocator: TBB
LogInit: Installed Engine Build: 1
LogDevObjectVersion: Number of dev versions registered: 29
LogDevObjectVersion:   Dev-Blueprints (B0D832E4-1F89-4F0D-ACCF-7EB736FD4AA2): 10
LogDevObjectVersion:   Dev-Build (E1C64328-A22C-4D53-A36C-8E866417BD8C): 0
LogDevObjectVersion:   Dev-Core (375EC13C-06E4-48FB-B500-84F0262A717E): 4
LogDevObjectVersion:   Dev-Editor (E4B068ED-F494-42E9-A231-DA0B2E46BB41): 40
LogDevObjectVersion:   Dev-Framework (CFFC743F-43B0-4480-9391-14DF171D2073): 37
LogDevObjectVersion:   Dev-Mobile (B02B49B5-BB20-44E9-A304-32B752E40360): 3
LogDevObjectVersion:   Dev-Networking (A4E4105C-59A1-49B5-A7C5-40C4547EDFEE): 0
LogDevObjectVersion:   Dev-Online (39C831C9-5AE6-47DC-9A44-9C173E1C8E7C): 0
LogDevObjectVersion:   Dev-Physics (78F01B33-EBEA-4F98-B9B4-84EACCB95AA2): 14
LogDevObjectVersion:   Dev-Platform (6631380F-2D4D-43E0-8009-CF276956A95A): 0
LogDevObjectVersion:   Dev-Rendering (12F88B9F-8875-4AFC-A67C-D90C383ABD29): 45
LogDevObjectVersion:   Dev-Sequencer (7B5AE74C-D270-4C10-A958-57980B212A5A): 13
LogDevObjectVersion:   Dev-VR (D7296918-1DD6-4BDD-9DE2-64A83CC13884): 3
LogDevObjectVersion:   Dev-LoadTimes (C2A15278-BFE7-4AFE-6C17-90FF531DF755): 1
LogDevObjectVersion:   Private-Geometry (6EACA3D4-40EC-4CC1-B786-8BED09428FC5): 3
LogDevObjectVersion:   Dev-AnimPhys (29E575DD-E0A3-4627-9D10-D276232CDCEA): 17
LogDevObjectVersion:   Dev-Anim (AF43A65D-7FD3-4947-9873-3E8ED9C1BB05): 15
LogDevObjectVersion:   Dev-ReflectionCapture (6B266CEC-1EC7-4B8F-A30B-E4D90942FC07): 1
LogDevObjectVersion:   Dev-Automation (0DF73D61-A23F-47EA-B727-89E90C41499A): 1
LogDevObjectVersion:   FortniteMain (601D1886-AC64-4F84-AA16-D3DE0DEAC7D6): 47
LogDevObjectVersion:   FortniteRelease (E7086368-6B23-4C58-8439-1B7016265E91): 1
LogDevObjectVersion:   Dev-Enterprise (9DFFBCD6-494F-0158-E221-12823C92A888): 10
LogDevObjectVersion:   Dev-Niagara (F2AED0AC-9AFE-416F-8664-AA7FFA26D6FC): 1
LogDevObjectVersion:   Dev-Destruction (174F1F0B-B4C6-45A5-B13F-2EE8D0FB917D): 10
LogDevObjectVersion:   Dev-Physics-Ext (35F94A83-E258-406C-A318-09F59610247C): 41
LogDevObjectVersion:   Dev-PhysicsMaterial-Chaos (B68FC16E-8B1B-42E2-B453-215C058844FE): 1
LogDevObjectVersion:   Dev-CineCamera (B2E18506-4273-CFC2-A54E-F4BB758BBA07): 1
LogDevObjectVersion:   Dev-VirtualProduction (64F58936-FD1B-42BA-BA96-7289D5D0FA4E): 1
LogDevObjectVersion:   Dev-MediaFramework (6F0ED827-A609-4895-9C91-998D90180EA4): 2
LogInit: Presizing for max 25165824 objects, including 0 objects not considered by GC, pre-allocating 0 bytes for permanent pool.
LogConfig: Applying CVar settings from Section [/Script/Engine.StreamingSettings] File [C:/Users/1465500/Documents/GitHub/Shoter/TopDownShooterBsz/Saved/Config/Windows/Engine.ini]
LogConfig: Setting CVar [[s.MinBulkDataSizeForAsyncLoading:131072]]
LogConfig: Setting CVar [[s.AsyncLoadingThreadEnabled:0]]
LogConfig: Setting CVar [[s.EventDrivenLoaderEnabled:1]]
LogConfig: Setting CVar [[s.WarnIfTimeLimitExceeded:0]]
LogConfig: Setting CVar [[s.TimeLimitExceededMultiplier:1.5]]
LogConfig: Setting CVar [[s.TimeLimitExceededMinTime:0.005]]
LogConfig: Setting CVar [[s.UseBackgroundLevelStreaming:1]]
LogConfig: Setting CVar [[s.PriorityAsyncLoadingExtraTime:15.0]]
LogConfig: Setting CVar [[s.LevelStreamingActorsUpdateTimeLimit:5.0]]
LogConfig: Setting CVar [[s.PriorityLevelStreamingActorsUpdateExtraTime:5.0]]
LogConfig: Setting CVar [[s.LevelStreamingComponentsRegistrationGranularity:10]]
LogConfig: Setting CVar [[s.UnregisterComponentsTimeLimit:1.0]]
LogConfig: Setting CVar [[s.LevelStreamingComponentsUnregistrationGranularity:5]]
LogConfig: Setting CVar [[s.FlushStreamingOnExit:1]]
LogInit: Object subsystem initialized
LogConfig: Setting CVar [[con.DebugEarlyDefault:1]]
LogConfig: Setting CVar [[r.setres:1280x720]]
[2023.09.26-10.30.16:676][  0]LogConfig: Setting CVar [[r.VSync:0]]
[2023.09.26-10.30.16:676][  0]LogConfig: Setting CVar [[r.RHICmdBypass:0]]
[2023.09.26-10.30.16:676][  0]LogConfig: Applying CVar settings from Section [/Script/Engine.RendererSettings] File [C:/Users/1465500/Documents/GitHub/Shoter/TopDownShooterBsz/Saved/Config/Windows/Engine.ini]
[2023.09.26-10.30.16:676][  0]LogConfig: Setting CVar [[r.GPUCrashDebugging:0]]
[2023.09.26-10.30.16:676][  0]LogConfig: Applying CVar settings from Section [/Script/Engine.RendererOverrideSettings] File [C:/Users/1465500/Documents/GitHub/Shoter/TopDownShooterBsz/Saved/Config/Windows/Engine.ini]
[2023.09.26-10.30.16:676][  0]LogConfig: Applying CVar settings from Section [/Script/Engine.StreamingSettings] File [C:/Users/1465500/Documents/GitHub/Shoter/TopDownShooterBsz/Saved/Config/Windows/Engine.ini]
[2023.09.26-10.30.16:676][  0]LogConfig: Setting CVar [[s.MinBulkDataSizeForAsyncLoading:131072]]
[2023.09.26-10.30.16:676][  0]LogConfig: Setting CVar [[s.AsyncLoadingThreadEnabled:0]]
[2023.09.26-10.30.16:676][  0]LogConfig: Setting CVar [[s.EventDrivenLoaderEnabled:1]]
[2023.09.26-10.30.16:676][  0]LogConfig: Setting CVar [[s.WarnIfTimeLimitExceeded:0]]
[2023.09.26-10.30.16:676][  0]LogConfig: Setting CVar [[s.TimeLimitExceededMultiplier:1.5]]
[2023.09.26-10.30.16:676][  0]LogConfig: Setting CVar [[s.TimeLimitExceededMinTime:0.005]]
[2023.09.26-10.30.16:676][  0]LogConfig: Setting CVar [[s.UseBackgroundLevelStreaming:1]]
[2023.09.26-10.30.16:676][  0]LogConfig: Setting CVar [[s.PriorityAsyncLoadingExtraTime:15.0]]
[2023.09.26-10.30.16:676][  0]LogConfig: Setting CVar [[s.LevelStreamingActorsUpdateTimeLimit:5.0]]
[2023.09.26-10.30.16:676][  0]LogConfig: Setting CVar [[s.PriorityLevelStreamingActorsUpdateExtraTime:5.0]]
[2023.09.26-10.30.16:676][  0]LogConfig: Setting CVar [[s.LevelStreamingComponentsRegistrationGranularity:10]]
[2023.09.26-10.30.16:676][  0]LogConfig: Setting CVar [[s.UnregisterComponentsTimeLimit:1.0]]
[2023.09.26-10.30.16:676][  0]LogConfig: Setting CVar [[s.LevelStreamingComponentsUnregistrationGranularity:5]]
[2023.09.26-10.30.16:676][  0]LogConfig: Setting CVar [[s.FlushStreamingOnExit:1]]
[2023.09.26-10.30.16:676][  0]LogConfig: Applying CVar settings from Section [/Script/Engine.GarbageCollectionSettings] File [C:/Users/1465500/Documents/GitHub/Shoter/TopDownShooterBsz/Saved/Config/Windows/Engine.ini]
[2023.09.26-10.30.16:676][  0]LogConfig: Setting CVar [[gc.MaxObjectsNotConsideredByGC:1]]
[2023.09.26-10.30.16:676][  0]LogConfig: Setting CVar [[gc.SizeOfPermanentObjectPool:0]]
[2023.09.26-10.30.16:676][  0]LogConfig: Setting CVar [[gc.FlushStreamingOnGC:0]]
[2023.09.26-10.30.16:676][  0]LogConfig: Setting CVar [[gc.NumRetriesBeforeForcingGC:10]]
[2023.09.26-10.30.16:676][  0]LogConfig: Setting CVar [[gc.AllowParallelGC:1]]
[2023.09.26-10.30.16:676][  0]LogConfig: Setting CVar [[gc.TimeBetweenPurgingPendingKillObjects:61.1]]
[2023.09.26-10.30.16:676][  0]LogConfig: Setting CVar [[gc.MaxObjectsInEditor:25165824]]
[2023.09.26-10.30.16:676][  0]LogConfig: Setting CVar [[gc.IncrementalBeginDestroyEnabled:1]]
[2023.09.26-10.30.16:676][  0]LogConfig: Setting CVar [[gc.CreateGCClusters:1]]
[2023.09.26-10.30.16:676][  0]LogConfig: Setting CVar [[gc.MinGCClusterSize:5]]
[2023.09.26-10.30.16:676][  0]LogConfig: Setting CVar [[gc.ActorClusteringEnabled:0]]
[2023.09.26-10.30.16:676][  0]LogConfig: Setting CVar [[gc.BlueprintClusteringEnabled:0]]
[2023.09.26-10.30.16:676][  0]LogConfig: Setting CVar [[gc.UseDisregardForGCOnDedicatedServers:0]]
[2023.09.26-10.30.16:676][  0]LogConfig: Setting CVar [[gc.MultithreadedDestructionEnabled:1]]
[2023.09.26-10.30.16:676][  0]LogConfig: Applying CVar settings from Section [/Script/Engine.NetworkSettings] File [C:/Users/1465500/Documents/GitHub/Shoter/TopDownShooterBsz/Saved/Config/Windows/Engine.ini]
[2023.09.26-10.30.16:676][  0]LogConfig: Applying CVar settings from Section [/Script/UnrealEd.CookerSettings] File [C:/Users/1465500/Documents/GitHub/Shoter/TopDownShooterBsz/Saved/Config/Windows/Engine.ini]
[2023.09.26-10.30.16:679][  0]LogConfig: Applying CVar settings from Section [ViewDistanceQuality@3] File [C:/Users/1465500/Documents/GitHub/Shoter/TopDownShooterBsz/Saved/Config/Windows/Scalability.ini]
[2023.09.26-10.30.16:679][  0]LogConfig: Setting CVar [[r.SkeletalMeshLODBias:0]]
[2023.09.26-10.30.16:679][  0]LogConfig: Setting CVar [[r.ViewDistanceScale:1.0]]
[2023.09.26-10.30.16:679][  0]LogConfig: Applying CVar settings from Section [AntiAliasingQuality@3] File [C:/Users/1465500/Documents/GitHub/Shoter/TopDownShooterBsz/Saved/Config/Windows/Scalability.ini]
[2023.09.26-10.30.16:679][  0]LogConfig: Setting CVar [[r.PostProcessAAQuality:4]]
[2023.09.26-10.30.16:679][  0]LogConfig: Applying CVar settings from Section [ShadowQuality@3] File [C:/Users/1465500/Documents/GitHub/Shoter/TopDownShooterBsz/Saved/Config/Windows/Scalability.ini]
[2023.09.26-10.30.16:679][  0]LogConfig: Setting CVar [[r.LightFunctionQuality:1]]
[2023.09.26-10.30.16:679][  0]LogConfig: Setting CVar [[r.ShadowQuality:5]]
[2023.09.26-10.30.16:679][  0]LogConfig: Setting CVar [[r.Shadow.CSM.MaxCascades:10]]
[2023.09.26-10.30.16:679][  0]LogConfig: Setting CVar [[r.Shadow.MaxResolution:2048]]
[2023.09.26-10.30.16:679][  0]LogConfig: Setting CVar [[r.Shadow.MaxCSMResolution:2048]]
[2023.09.26-10.30.16:679][  0]LogConfig: Setting CVar [[r.Shadow.RadiusThreshold:0.01]]
[2023.09.26-10.30.16:679][  0]LogConfig: Setting CVar [[r.Shadow.DistanceScale:1.0]]
[2023.09.26-10.30.16:679][  0]LogConfig: Setting CVar [[r.Shadow.CSM.TransitionScale:1.0]]
[2023.09.26-10.30.16:679][  0]LogConfig: Setting CVar [[r.Shadow.PreShadowResolutionFactor:1.0]]
[2023.09.26-10.30.16:679][  0]LogConfig: Setting CVar [[r.DistanceFieldShadowing:1]]
[2023.09.26-10.30.16:679][  0]LogConfig: Setting CVar [[r.DistanceFieldAO:1]]
[2023.09.26-10.30.16:679][  0]LogConfig: Setting CVar [[r.AOQuality:2]]
[2023.09.26-10.30.16:679][  0]LogConfig: Setting CVar [[r.VolumetricFog:1]]
[2023.09.26-10.30.16:679][  0]LogConfig: Setting CVar [[r.VolumetricFog.GridPixelSize:8]]
[2023.09.26-10.30.16:679][  0]LogConfig: Setting CVar [[r.VolumetricFog.GridSizeZ:128]]
[2023.09.26-10.30.16:679][  0]LogConfig: Setting CVar [[r.VolumetricFog.HistoryMissSupersampleCount:4]]
[2023.09.26-10.30.16:679][  0]LogConfig: Setting CVar [[r.LightMaxDrawDistanceScale:1]]
[2023.09.26-10.30.16:679][  0]LogConfig: Setting CVar [[r.CapsuleShadows:1]]
[2023.09.26-10.30.16:679][  0]LogConfig: Applying CVar settings from Section [PostProcessQuality@3] File [C:/Users/1465500/Documents/GitHub/Shoter/TopDownShooterBsz/Saved/Config/Windows/Scalability.ini]
[2023.09.26-10.30.16:680][  0]LogConfig: Setting CVar [[r.MotionBlurQuality:4]]
[2023.09.26-10.30.16:680][  0]LogConfig: Setting CVar [[r.AmbientOcclusionMipLevelFactor:0.4]]
[2023.09.26-10.30.16:680][  0]LogConfig: Setting CVar [[r.AmbientOcclusionMaxQuality:100]]
[2023.09.26-10.30.16:680][  0]LogConfig: Setting CVar [[r.AmbientOcclusionLevels:-1]]
[2023.09.26-10.30.16:680][  0]LogConfig: Setting CVar [[r.AmbientOcclusionRadiusScale:1.0]]
[2023.09.26-10.30.16:680][  0]LogConfig: Setting CVar [[r.DepthOfFieldQuality:2]]
[2023.09.26-10.30.16:680][  0]LogConfig: Setting CVar [[r.RenderTargetPoolMin:400]]
[2023.09.26-10.30.16:680][  0]LogConfig: Setting CVar [[r.LensFlareQuality:2]]
[2023.09.26-10.30.16:680][  0]LogConfig: Setting CVar [[r.SceneColorFringeQuality:1]]
[2023.09.26-10.30.16:680][  0]LogConfig: Setting CVar [[r.EyeAdaptationQuality:2]]
[2023.09.26-10.30.16:680][  0]LogConfig: Setting CVar [[r.BloomQuality:5]]
[2023.09.26-10.30.16:680][  0]LogConfig: Setting CVar [[r.FastBlurThreshold:100]]
[2023.09.26-10.30.16:680][  0]LogConfig: Setting CVar [[r.Upscale.Quality:3]]
[2023.09.26-10.30.16:680][  0]LogConfig: Setting CVar [[r.Tonemapper.GrainQuantization:1]]
[2023.09.26-10.30.16:680][  0]LogConfig: Setting CVar [[r.LightShaftQuality:1]]
[2023.09.26-10.30.16:680][  0]LogConfig: Setting CVar [[r.Filter.SizeScale:1]]
[2023.09.26-10.30.16:680][  0]LogConfig: Setting CVar [[r.Tonemapper.Quality:5]]
[2023.09.26-10.30.16:680][  0]LogConfig: Setting CVar [[r.DOF.Gather.AccumulatorQuality:1        ; higher gathering accumulator quality]]
[2023.09.26-10.30.16:680][  0]LogConfig: Setting CVar [[r.DOF.Gather.PostfilterMethod:1          ; Median3x3 postfilering method]]
[2023.09.26-10.30.16:680][  0]LogConfig: Setting CVar [[r.DOF.Gather.EnableBokehSettings:0       ; no bokeh simulation when gathering]]
[2023.09.26-10.30.16:680][  0]LogConfig: Setting CVar [[r.DOF.Gather.RingCount:4                 ; medium number of samples when gathering]]
[2023.09.26-10.30.16:680][  0]LogConfig: Setting CVar [[r.DOF.Scatter.ForegroundCompositing:1    ; additive foreground scattering]]
[2023.09.26-10.30.16:680][  0]LogConfig: Setting CVar [[r.DOF.Scatter.BackgroundCompositing:2    ; additive background scattering]]
[2023.09.26-10.30.16:680][  0]LogConfig: Setting CVar [[r.DOF.Scatter.EnableBokehSettings:1      ; bokeh simulation when scattering]]
[2023.09.26-10.30.16:680][  0]LogConfig: Setting CVar [[r.DOF.Scatter.MaxSpriteRatio:0.1         ; only a maximum of 10% of scattered bokeh]]
[2023.09.26-10.30.16:680][  0]LogConfig: Setting CVar [[r.DOF.Recombine.Quality:1                ; cheap slight out of focus]]
[2023.09.26-10.30.16:680][  0]LogConfig: Setting CVar [[r.DOF.Recombine.EnableBokehSettings:0    ; no bokeh simulation on slight out of focus]]
[2023.09.26-10.30.16:680][  0]LogConfig: Setting CVar [[r.DOF.TemporalAAQuality:1                ; more stable temporal accumulation]]
[2023.09.26-10.30.16:680][  0]LogConfig: Setting CVar [[r.DOF.Kernel.MaxForegroundRadius:0.025]]
[2023.09.26-10.30.16:680][  0]LogConfig: Setting CVar [[r.DOF.Kernel.MaxBackgroundRadius:0.025]]
[2023.09.26-10.30.16:680][  0]LogConfig: Applying CVar settings from Section [TextureQuality@3] File [C:/Users/1465500/Documents/GitHub/Shoter/TopDownShooterBsz/Saved/Config/Windows/Scalability.ini]
[2023.09.26-10.30.16:680][  0]LogConfig: Setting CVar [[r.Streaming.MipBias:0]]
[2023.09.26-10.30.16:680][  0]LogConfig: Setting CVar [[r.Streaming.AmortizeCPUToGPUCopy:0]]
[2023.09.26-10.30.16:680][  0]LogConfig: Setting CVar [[r.Streaming.MaxNumTexturesToStreamPerFrame:0]]
[2023.09.26-10.30.16:680][  0]LogConfig: Setting CVar [[r.Streaming.Boost:1]]
[2023.09.26-10.30.16:680][  0]LogConfig: Setting CVar [[r.MaxAnisotropy:8]]
[2023.09.26-10.30.16:680][  0]LogConfig: Setting CVar [[r.VT.MaxAnisotropy:8]]
[2023.09.26-10.30.16:680][  0]LogConfig: Setting CVar [[r.Streaming.LimitPoolSizeToVRAM:0]]
[2023.09.26-10.30.16:680][  0]LogConfig: Setting CVar [[r.Streaming.PoolSize:1000]]
[2023.09.26-10.30.16:680][  0]LogConfig: Setting CVar [[r.Streaming.MaxEffectiveScreenSize:0]]
[2023.09.26-10.30.16:680][  0]LogConfig: Applying CVar settings from Section [EffectsQuality@3] File [C:/Users/1465500/Documents/GitHub/Shoter/TopDownShooterBsz/Saved/Config/Windows/Scalability.ini]
[2023.09.26-10.30.16:680][  0]LogConfig: Setting CVar [[r.TranslucencyLightingVolumeDim:64]]
[2023.09.26-10.30.16:680][  0]LogConfig: Setting CVar [[r.RefractionQuality:2]]
[2023.09.26-10.30.16:680][  0]LogConfig: Setting CVar [[r.SSR.Quality:3]]
[2023.09.26-10.30.16:680][  0]LogConfig: Setting CVar [[r.SSR.HalfResSceneColor:0]]
[2023.09.26-10.30.16:680][  0]LogConfig: Setting CVar [[r.SceneColorFormat:4]]
[2023.09.26-10.30.16:680][  0]LogConfig: Setting CVar [[r.DetailMode:2]]
[2023.09.26-10.30.16:680][  0]LogConfig: Setting CVar [[r.TranslucencyVolumeBlur:1]]
[2023.09.26-10.30.16:680][  0]LogConfig: Setting CVar [[r.MaterialQualityLevel:1 ; High quality]]
[2023.09.26-10.30.16:680][  0]LogConfig: Setting CVar [[r.AnisotropicMaterials:1]]
[2023.09.26-10.30.16:680][  0]LogConfig: Setting CVar [[r.SSS.Scale:1]]
[2023.09.26-10.30.16:680][  0]LogConfig: Setting CVar [[r.SSS.SampleSet:2]]
[2023.09.26-10.30.16:680][  0]LogConfig: Setting CVar [[r.SSS.Quality:1]]
[2023.09.26-10.30.16:680][  0]LogConfig: Setting CVar [[r.SSS.HalfRes:0]]
[2023.09.26-10.30.16:680][  0]LogConfig: Setting CVar [[r.SSGI.Quality:3]]
[2023.09.26-10.30.16:680][  0]LogConfig: Setting CVar [[r.EmitterSpawnRateScale:1.0]]
[2023.09.26-10.30.16:680][  0]LogConfig: Setting CVar [[r.ParticleLightQuality:2]]
[2023.09.26-10.30.16:680][  0]LogConfig: Setting CVar [[r.SkyAtmosphere.AerialPerspectiveLUT.FastApplyOnOpaque:1 ; Always have FastSkyLUT 1 in this case to avoid wrong sky]]
[2023.09.26-10.30.16:680][  0]LogConfig: Setting CVar [[r.SkyAtmosphere.AerialPerspectiveLUT.SampleCountMaxPerSlice:4]]
[2023.09.26-10.30.16:680][  0]LogConfig: Setting CVar [[r.SkyAtmosphere.AerialPerspectiveLUT.DepthResolution:16.0]]
[2023.09.26-10.30.16:680][  0]LogConfig: Setting CVar [[r.SkyAtmosphere.FastSkyLUT:1]]
[2023.09.26-10.30.16:680][  0]LogConfig: Setting CVar [[r.SkyAtmosphere.FastSkyLUT.SampleCountMin:4.0]]
[2023.09.26-10.30.16:680][  0]LogConfig: Setting CVar [[r.SkyAtmosphere.FastSkyLUT.SampleCountMax:128.0]]
[2023.09.26-10.30.16:680][  0]LogConfig: Setting CVar [[r.SkyAtmosphere.SampleCountMin:4.0]]
[2023.09.26-10.30.16:680][  0]LogConfig: Setting CVar [[r.SkyAtmosphere.SampleCountMax:128.0]]
[2023.09.26-10.30.16:680][  0]LogConfig: Setting CVar [[r.SkyAtmosphere.TransmittanceLUT.UseSmallFormat:0]]
[2023.09.26-10.30.16:680][  0]LogConfig: Setting CVar [[r.SkyAtmosphere.TransmittanceLUT.SampleCount:10.0]]
[2023.09.26-10.30.16:680][  0]LogConfig: Setting CVar [[r.SkyAtmosphere.MultiScatteringLUT.SampleCount:15.0]]
[2023.09.26-10.30.16:680][  0]LogConfig: Setting CVar [[r.SkyLight.RealTimeReflectionCapture:1]]
[2023.09.26-10.30.16:680][  0]LogConfig: Applying CVar settings from Section [FoliageQuality@3] File [C:/Users/1465500/Documents/GitHub/Shoter/TopDownShooterBsz/Saved/Config/Windows/Scalability.ini]
[2023.09.26-10.30.16:680][  0]LogConfig: Setting CVar [[foliage.DensityScale:1.0]]
[2023.09.26-10.30.16:680][  0]LogConfig: Setting CVar [[grass.DensityScale:1.0]]
[2023.09.26-10.30.16:680][  0]LogConfig: Applying CVar settings from Section [ShadingQuality@3] File [C:/Users/1465500/Documents/GitHub/Shoter/TopDownShooterBsz/Saved/Config/Windows/Scalability.ini]
[2023.09.26-10.30.16:680][  0]LogConfig: Setting CVar [[r.HairStrands.SkyLighting.IntegrationType:2]]
[2023.09.26-10.30.16:680][  0]LogConfig: Setting CVar [[r.HairStrands.SkyAO.SampleCount:4]]
[2023.09.26-10.30.16:680][  0]LogConfig: Setting CVar [[r.HairStrands.Visibility.MSAA.SamplePerPixel:4]]
[2023.09.26-10.30.16:680][  0]LogInit: Selected Device Profile: [Windows]
[2023.09.26-10.30.16:680][  0]LogInit: Applying CVar settings loaded from the selected device profile: [Windows]
[2023.09.26-10.30.16:680][  0]LogHAL: Display: Platform has ~ 16 GB [16859500544 / 17179869184 / 16], which maps to Larger [LargestMinGB=32, LargerMinGB=12, DefaultMinGB=8, SmallerMinGB=6, SmallestMinGB=0)
[2023.09.26-10.30.16:680][  0]LogInit: Going up to parent DeviceProfile []
[2023.09.26-10.30.16:680][  0]LogConfig: Applying CVar settings from Section [ViewDistanceQuality@3] File [C:/Users/1465500/Documents/GitHub/Shoter/TopDownShooterBsz/Saved/Config/Windows/Scalability.ini]
[2023.09.26-10.30.16:680][  0]LogConfig: Setting CVar [[r.SkeletalMeshLODBias:0]]
[2023.09.26-10.30.16:680][  0]LogConfig: Setting CVar [[r.ViewDistanceScale:1.0]]
[2023.09.26-10.30.16:680][  0]LogConfig: Applying CVar settings from Section [AntiAliasingQuality@3] File [C:/Users/1465500/Documents/GitHub/Shoter/TopDownShooterBsz/Saved/Config/Windows/Scalability.ini]
[2023.09.26-10.30.16:680][  0]LogConfig: Setting CVar [[r.PostProcessAAQuality:4]]
[2023.09.26-10.30.16:680][  0]LogConfig: Applying CVar settings from Section [ShadowQuality@3] File [C:/Users/1465500/Documents/GitHub/Shoter/TopDownShooterBsz/Saved/Config/Windows/Scalability.ini]
[2023.09.26-10.30.16:680][  0]LogConfig: Setting CVar [[r.LightFunctionQuality:1]]
[2023.09.26-10.30.16:680][  0]LogConfig: Setting CVar [[r.ShadowQuality:5]]
[2023.09.26-10.30.16:680][  0]LogConfig: Setting CVar [[r.Shadow.CSM.MaxCascades:10]]
[2023.09.26-10.30.16:680][  0]LogConfig: Setting CVar [[r.Shadow.MaxResolution:2048]]
[2023.09.26-10.30.16:680][  0]LogConfig: Setting CVar [[r.Shadow.MaxCSMResolution:2048]]
[2023.09.26-10.30.16:680][  0]LogConfig: Setting CVar [[r.Shadow.RadiusThreshold:0.01]]
[2023.09.26-10.30.16:680][  0]LogConfig: Setting CVar [[r.Shadow.DistanceScale:1.0]]
[2023.09.26-10.30.16:680][  0]LogConfig: Setting CVar [[r.Shadow.CSM.TransitionScale:1.0]]
[2023.09.26-10.30.16:680][  0]LogConfig: Setting CVar [[r.Shadow.PreShadowResolutionFactor:1.0]]
[2023.09.26-10.30.16:680][  0]LogConfig: Setting CVar [[r.DistanceFieldShadowing:1]]
[2023.09.26-10.30.16:680][  0]LogConfig: Setting CVar [[r.DistanceFieldAO:1]]
[2023.09.26-10.30.16:680][  0]LogConfig: Setting CVar [[r.AOQuality:2]]
[2023.09.26-10.30.16:680][  0]LogConfig: Setting CVar [[r.VolumetricFog:1]]
[2023.09.26-10.30.16:680][  0]LogConfig: Setting CVar [[r.VolumetricFog.GridPixelSize:8]]
[2023.09.26-10.30.16:681][  0]LogConfig: Setting CVar [[r.VolumetricFog.GridSizeZ:128]]
[2023.09.26-10.30.16:681][  0]LogConfig: Setting CVar [[r.VolumetricFog.HistoryMissSupersampleCount:4]]
[2023.09.26-10.30.16:681][  0]LogConfig: Setting CVar [[r.LightMaxDrawDistanceScale:1]]
[2023.09.26-10.30.16:681][  0]LogConfig: Setting CVar [[r.CapsuleShadows:1]]
[2023.09.26-10.30.16:681][  0]LogConfig: Applying CVar settings from Section [PostProcessQuality@3] File [C:/Users/1465500/Documents/GitHub/Shoter/TopDownShooterBsz/Saved/Config/Windows/Scalability.ini]
[2023.09.26-10.30.16:681][  0]LogConfig: Setting CVar [[r.MotionBlurQuality:4]]
[2023.09.26-10.30.16:681][  0]LogConfig: Setting CVar [[r.AmbientOcclusionMipLevelFactor:0.4]]
[2023.09.26-10.30.16:681][  0]LogConfig: Setting CVar [[r.AmbientOcclusionMaxQuality:100]]
[2023.09.26-10.30.16:681][  0]LogConfig: Setting CVar [[r.AmbientOcclusionLevels:-1]]
[2023.09.26-10.30.16:681][  0]LogConfig: Setting CVar [[r.AmbientOcclusionRadiusScale:1.0]]
[2023.09.26-10.30.16:681][  0]LogConfig: Setting CVar [[r.DepthOfFieldQuality:2]]
[2023.09.26-10.30.16:681][  0]LogConfig: Setting CVar [[r.RenderTargetPoolMin:400]]
[2023.09.26-10.30.16:681][  0]LogConfig: Setting CVar [[r.LensFlareQuality:2]]
[2023.09.26-10.30.16:681][  0]LogConfig: Setting CVar [[r.SceneColorFringeQuality:1]]
[2023.09.26-10.30.16:681][  0]LogConfig: Setting CVar [[r.EyeAdaptationQuality:2]]
[2023.09.26-10.30.16:681][  0]LogConfig: Setting CVar [[r.BloomQuality:5]]
[2023.09.26-10.30.16:681][  0]LogConfig: Setting CVar [[r.FastBlurThreshold:100]]
[2023.09.26-10.30.16:681][  0]LogConfig: Setting CVar [[r.Upscale.Quality:3]]
[2023.09.26-10.30.16:681][  0]LogConfig: Setting CVar [[r.Tonemapper.GrainQuantization:1]]
[2023.09.26-10.30.16:681][  0]LogConfig: Setting CVar [[r.LightShaftQuality:1]]
[2023.09.26-10.30.16:681][  0]LogConfig: Setting CVar [[r.Filter.SizeScale:1]]
[2023.09.26-10.30.16:681][  0]LogConfig: Setting CVar [[r.Tonemapper.Quality:5]]
[2023.09.26-10.30.16:681][  0]LogConfig: Setting CVar [[r.DOF.Gather.AccumulatorQuality:1        ; higher gathering accumulator quality]]
[2023.09.26-10.30.16:681][  0]LogConfig: Setting CVar [[r.DOF.Gather.PostfilterMethod:1          ; Median3x3 postfilering method]]
[2023.09.26-10.30.16:681][  0]LogConfig: Setting CVar [[r.DOF.Gather.EnableBokehSettings:0       ; no bokeh simulation when gathering]]
[2023.09.26-10.30.16:681][  0]LogConfig: Setting CVar [[r.DOF.Gather.RingCount:4                 ; medium number of samples when gathering]]
[2023.09.26-10.30.16:681][  0]LogConfig: Setting CVar [[r.DOF.Scatter.ForegroundCompositing:1    ; additive foreground scattering]]
[2023.09.26-10.30.16:681][  0]LogConfig: Setting CVar [[r.DOF.Scatter.BackgroundCompositing:2    ; additive background scattering]]
[2023.09.26-10.30.16:681][  0]LogConfig: Setting CVar [[r.DOF.Scatter.EnableBokehSettings:1      ; bokeh simulation when scattering]]
[2023.09.26-10.30.16:681][  0]LogConfig: Setting CVar [[r.DOF.Scatter.MaxSpriteRatio:0.1         ; only a maximum of 10% of scattered bokeh]]
[2023.09.26-10.30.16:681][  0]LogConfig: Setting CVar [[r.DOF.Recombine.Quality:1                ; cheap slight out of focus]]
[2023.09.26-10.30.16:681][  0]LogConfig: Setting CVar [[r.DOF.Recombine.EnableBokehSettings:0    ; no bokeh simulation on slight out of focus]]
[2023.09.26-10.30.16:681][  0]LogConfig: Setting CVar [[r.DOF.TemporalAAQuality:1                ; more stable temporal accumulation]]
[2023.09.26-10.30.16:681][  0]LogConfig: Setting CVar [[r.DOF.Kernel.MaxForegroundRadius:0.025]]
[2023.09.26-10.30.16:681][  0]LogConfig: Setting CVar [[r.DOF.Kernel.MaxBackgroundRadius:0.025]]
[2023.09.26-10.30.16:681][  0]LogConfig: Applying CVar settings from Section [TextureQuality@3] File [C:/Users/1465500/Documents/GitHub/Shoter/TopDownShooterBsz/Saved/Config/Windows/Scalability.ini]
[2023.09.26-10.30.16:681][  0]LogConfig: Setting CVar [[r.Streaming.MipBias:0]]
[2023.09.26-10.30.16:681][  0]LogConfig: Setting CVar [[r.Streaming.AmortizeCPUToGPUCopy:0]]
[2023.09.26-10.30.16:681][  0]LogConfig: Setting CVar [[r.Streaming.MaxNumTexturesToStreamPerFrame:0]]
[2023.09.26-10.30.16:681][  0]LogConfig: Setting CVar [[r.Streaming.Boost:1]]
[2023.09.26-10.30.16:681][  0]LogConfig: Setting CVar [[r.MaxAnisotropy:8]]
[2023.09.26-10.30.16:681][  0]LogConfig: Setting CVar [[r.VT.MaxAnisotropy:8]]
[2023.09.26-10.30.16:681][  0]LogConfig: Setting CVar [[r.Streaming.LimitPoolSizeToVRAM:0]]
[2023.09.26-10.30.16:681][  0]LogConfig: Setting CVar [[r.Streaming.PoolSize:1000]]
[2023.09.26-10.30.16:681][  0]LogConfig: Setting CVar [[r.Streaming.MaxEffectiveScreenSize:0]]
[2023.09.26-10.30.16:681][  0]LogConfig: Applying CVar settings from Section [EffectsQuality@3] File [C:/Users/1465500/Documents/GitHub/Shoter/TopDownShooterBsz/Saved/Config/Windows/Scalability.ini]
[2023.09.26-10.30.16:681][  0]LogConfig: Setting CVar [[r.TranslucencyLightingVolumeDim:64]]
[2023.09.26-10.30.16:681][  0]LogConfig: Setting CVar [[r.RefractionQuality:2]]
[2023.09.26-10.30.16:681][  0]LogConfig: Setting CVar [[r.SSR.Quality:3]]
[2023.09.26-10.30.16:681][  0]LogConfig: Setting CVar [[r.SSR.HalfResSceneColor:0]]
[2023.09.26-10.30.16:681][  0]LogConfig: Setting CVar [[r.SceneColorFormat:4]]
[2023.09.26-10.30.16:681][  0]LogConfig: Setting CVar [[r.DetailMode:2]]
[2023.09.26-10.30.16:681][  0]LogConfig: Setting CVar [[r.TranslucencyVolumeBlur:1]]
[2023.09.26-10.30.16:681][  0]LogConfig: Setting CVar [[r.MaterialQualityLevel:1 ; High quality]]
[2023.09.26-10.30.16:681][  0]LogConfig: Setting CVar [[r.AnisotropicMaterials:1]]
[2023.09.26-10.30.16:681][  0]LogConfig: Setting CVar [[r.SSS.Scale:1]]
[2023.09.26-10.30.16:681][  0]LogConfig: Setting CVar [[r.SSS.SampleSet:2]]
[2023.09.26-10.30.16:681][  0]LogConfig: Setting CVar [[r.SSS.Quality:1]]
[2023.09.26-10.30.16:681][  0]LogConfig: Setting CVar [[r.SSS.HalfRes:0]]
[2023.09.26-10.30.16:681][  0]LogConfig: Setting CVar [[r.SSGI.Quality:3]]
[2023.09.26-10.30.16:681][  0]LogConfig: Setting CVar [[r.EmitterSpawnRateScale:1.0]]
[2023.09.26-10.30.16:681][  0]LogConfig: Setting CVar [[r.ParticleLightQuality:2]]
[2023.09.26-10.30.16:681][  0]LogConfig: Setting CVar [[r.SkyAtmosphere.AerialPerspectiveLUT.FastApplyOnOpaque:1 ; Always have FastSkyLUT 1 in this case to avoid wrong sky]]
[2023.09.26-10.30.16:681][  0]LogConfig: Setting CVar [[r.SkyAtmosphere.AerialPerspectiveLUT.SampleCountMaxPerSlice:4]]
[2023.09.26-10.30.16:681][  0]LogConfig: Setting CVar [[r.SkyAtmosphere.AerialPerspectiveLUT.DepthResolution:16.0]]
[2023.09.26-10.30.16:681][  0]LogConfig: Setting CVar [[r.SkyAtmosphere.FastSkyLUT:1]]
[2023.09.26-10.30.16:681][  0]LogConfig: Setting CVar [[r.SkyAtmosphere.FastSkyLUT.SampleCountMin:4.0]]
[2023.09.26-10.30.16:681][  0]LogConfig: Setting CVar [[r.SkyAtmosphere.FastSkyLUT.SampleCountMax:128.0]]
[2023.09.26-10.30.16:681][  0]LogConfig: Setting CVar [[r.SkyAtmosphere.SampleCountMin:4.0]]
[2023.09.26-10.30.16:681][  0]LogConfig: Setting CVar [[r.SkyAtmosphere.SampleCountMax:128.0]]
[2023.09.26-10.30.16:681][  0]LogConfig: Setting CVar [[r.SkyAtmosphere.TransmittanceLUT.UseSmallFormat:0]]
[2023.09.26-10.30.16:681][  0]LogConfig: Setting CVar [[r.SkyAtmosphere.TransmittanceLUT.SampleCount:10.0]]
[2023.09.26-10.30.16:681][  0]LogConfig: Setting CVar [[r.SkyAtmosphere.MultiScatteringLUT.SampleCount:15.0]]
[2023.09.26-10.30.16:681][  0]LogConfig: Setting CVar [[r.SkyLight.RealTimeReflectionCapture:1]]
[2023.09.26-10.30.16:681][  0]LogConfig: Applying CVar settings from Section [FoliageQuality@3] File [C:/Users/1465500/Documents/GitHub/Shoter/TopDownShooterBsz/Saved/Config/Windows/Scalability.ini]
[2023.09.26-10.30.16:681][  0]LogConfig: Setting CVar [[foliage.DensityScale:1.0]]
[2023.09.26-10.30.16:681][  0]LogConfig: Setting CVar [[grass.DensityScale:1.0]]
[2023.09.26-10.30.16:681][  0]LogConfig: Applying CVar settings from Section [ShadingQuality@3] File [C:/Users/1465500/Documents/GitHub/Shoter/TopDownShooterBsz/Saved/Config/Windows/Scalability.ini]
[2023.09.26-10.30.16:681][  0]LogConfig: Setting CVar [[r.HairStrands.SkyLighting.IntegrationType:2]]
[2023.09.26-10.30.16:681][  0]LogConfig: Setting CVar [[r.HairStrands.SkyAO.SampleCount:4]]
[2023.09.26-10.30.16:681][  0]LogConfig: Setting CVar [[r.HairStrands.Visibility.MSAA.SamplePerPixel:4]]
[2023.09.26-10.30.16:681][  0]LogConfig: Applying CVar settings from Section [Startup] File [../../../Engine/Config/ConsoleVariables.ini]
[2023.09.26-10.30.16:681][  0]LogConfig: Setting CVar [[net.UseAdaptiveNetUpdateFrequency:0]]
[2023.09.26-10.30.16:681][  0]LogConfig: Setting CVar [[p.chaos.AllowCreatePhysxBodies:1]]
[2023.09.26-10.30.16:681][  0]LogConfig: Setting CVar [[fx.SkipVectorVMBackendOptimizations:1]]
[2023.09.26-10.30.16:681][  0]LogConfig: Applying CVar settings from Section [ConsoleVariables] File [C:/Users/1465500/Documents/GitHub/Shoter/TopDownShooterBsz/Saved/Config/Windows/Engine.ini]
[2023.09.26-10.30.16:681][  0]LogConfig: Applying CVar settings from Section [ConsoleVariables] File [C:/Users/1465500/Documents/GitHub/Shoter/TopDownShooterBsz/Saved/Config/Windows/Editor.ini]
[2023.09.26-10.30.16:681][  0]LogInit: Computer: LAPTOP-VMUIJP0F
[2023.09.26-10.30.16:681][  0]LogInit: User: 1465500
[2023.09.26-10.30.16:681][  0]LogInit: CPU Page size=4096, Cores=4
[2023.09.26-10.30.16:681][  0]LogInit: High frequency timer resolution =10.000000 MHz
[2023.09.26-10.30.16:682][  0]LogMemory: Memory total: Physical=15.7GB (16GB approx)
[2023.09.26-10.30.16:682][  0]LogMemory: Platform Memory Stats for Windows
[2023.09.26-10.30.16:682][  0]LogMemory: Process Physical Memory: 143.04 MB used, 143.04 MB peak
[2023.09.26-10.30.16:682][  0]LogMemory: Process Virtual Memory: 118.38 MB used, 118.38 MB peak
[2023.09.26-10.30.16:682][  0]LogMemory: Physical Memory: 7521.50 MB used,  8556.97 MB free, 16078.47 MB total
[2023.09.26-10.30.16:682][  0]LogMemory: Virtual Memory: 134207888.00 MB used,  9837.45 MB free, 134217728.00 MB total
[2023.09.26-10.30.16:687][  0]LogWindows: WindowsPlatformFeatures enabled
[2023.09.26-10.30.16:709][  0]LogInit: Physics initialised using underlying interface: PhysX
[2023.09.26-10.30.16:710][  0]LogInit: Using OS detected language (pl-PL).
[2023.09.26-10.30.16:710][  0]LogInit: Using OS detected locale (pl-PL).
[2023.09.26-10.30.16:715][  0]LogTextLocalizationManager: No specific localization for 'pl-PL' exists, so the 'pl' localization will be used.
[2023.09.26-10.30.16:716][  0]LogTextLocalizationResource: LocRes '../../../Engine/Content/Localization/Editor/pl/Editor.locres' could not be opened for reading!
[2023.09.26-10.30.16:716][  0]LogTextLocalizationResource: LocRes '../../../Engine/Content/Localization/EditorTutorials/pl/EditorTutorials.locres' could not be opened for reading!
[2023.09.26-10.30.16:716][  0]LogTextLocalizationResource: LocRes '../../../Engine/Content/Localization/Keywords/pl/Keywords.locres' could not be opened for reading!
[2023.09.26-10.30.16:716][  0]LogTextLocalizationResource: LocRes '../../../Engine/Content/Localization/Category/pl/Category.locres' could not be opened for reading!
[2023.09.26-10.30.16:716][  0]LogTextLocalizationResource: LocRes '../../../Engine/Content/Localization/ToolTips/pl/ToolTips.locres' could not be opened for reading!
[2023.09.26-10.30.16:716][  0]LogTextLocalizationResource: LocRes '../../../Engine/Content/Localization/PropertyNames/pl/PropertyNames.locres' could not be opened for reading!
[2023.09.26-10.30.16:716][  0]LogTextLocalizationResource: LocRes '../../../Engine/Content/Localization/Engine/pl/Engine.locres' could not be opened for reading!
[2023.09.26-10.30.16:717][  0]LogInit: Setting process to per monitor DPI aware
[2023.09.26-10.30.16:731][  0]LogWindowsTextInputMethodSystem: Display: IME system deactivated.
[2023.09.26-10.30.16:740][  0]LogSlate: New Slate User Created.  User Index 0, Is Virtual User: 0
[2023.09.26-10.30.16:740][  0]LogSlate: Slate User Registered.  User Index 0, Is Virtual User: 0
[2023.09.26-10.30.16:844][  0]LogD3D11RHI: Loaded GFSDK_Aftermath_Lib.x64.dll
[2023.09.26-10.30.16:848][  0]LogHMD: Failed to initialize OpenVR with code 110
[2023.09.26-10.30.16:848][  0]LogD3D11RHI: D3D11 min allowed feature level: 11_0
[2023.09.26-10.30.16:848][  0]LogD3D11RHI: D3D11 max allowed feature level: 11_0
[2023.09.26-10.30.16:848][  0]LogD3D11RHI: D3D11 adapters:
[2023.09.26-10.30.16:978][  0]LogD3D11RHI:    0. 'Intel(R) Iris(R) Xe Graphics' (Feature Level 11_0)
[2023.09.26-10.30.16:978][  0]LogD3D11RHI:       128/0/8039 MB DedicatedVideo/DedicatedSystem/SharedSystem, Outputs:1, VendorId:0x8086
[2023.09.26-10.30.16:980][  0]LogD3D11RHI:    1. 'Microsoft Basic Render Driver' (Feature Level 11_0)
[2023.09.26-10.30.16:980][  0]LogD3D11RHI:       0/0/8039 MB DedicatedVideo/DedicatedSystem/SharedSystem, Outputs:0, VendorId:0x1414
[2023.09.26-10.30.16:980][  0]LogD3D11RHI: Chosen D3D11 Adapter:
[2023.09.26-10.30.16:980][  0]LogD3D11RHI:     Description : Intel(R) Iris(R) Xe Graphics
[2023.09.26-10.30.16:980][  0]LogD3D11RHI:     VendorId    : 8086
[2023.09.26-10.30.16:980][  0]LogD3D11RHI:     DeviceId    : 9a49
[2023.09.26-10.30.16:980][  0]LogD3D11RHI:     SubSysId    : 15cc1043
[2023.09.26-10.30.16:980][  0]LogD3D11RHI:     Revision    : 0001
[2023.09.26-10.30.16:980][  0]LogD3D11RHI:     DedicatedVideoMemory : 134217728 bytes
[2023.09.26-10.30.16:980][  0]LogD3D11RHI:     DedicatedSystemMemory : 0 bytes
[2023.09.26-10.30.16:980][  0]LogD3D11RHI:     SharedSystemMemory : 8429750272 bytes
[2023.09.26-10.30.16:980][  0]LogD3D11RHI:     AdapterLuid : 0 59089
[2023.09.26-10.30.16:990][  0]LogD3D11RHI: Creating new Direct3DDevice
[2023.09.26-10.30.16:990][  0]LogD3D11RHI:     GPU DeviceId: 0x9a49 (for the marketing name, search the web for "GPU Device Id")
[2023.09.26-10.30.16:990][  0]LogWindows: EnumDisplayDevices:
[2023.09.26-10.30.16:990][  0]LogWindows:    0. 'Intel(R) Iris(R) Xe Graphics' (P:1 D:1)
[2023.09.26-10.30.16:990][  0]LogWindows:    1. 'Intel(R) Iris(R) Xe Graphics' (P:0 D:0)
[2023.09.26-10.30.16:990][  0]LogWindows:    2. 'Intel(R) Iris(R) Xe Graphics' (P:0 D:0)
[2023.09.26-10.30.16:991][  0]LogWindows:    3. 'Intel(R) Iris(R) Xe Graphics' (P:0 D:0)
[2023.09.26-10.30.16:991][  0]LogWindows: DebugString: FoundDriverCount:4 
[2023.09.26-10.30.16:991][  0]LogD3D11RHI:     Adapter Name: Intel(R) Iris(R) Xe Graphics
[2023.09.26-10.30.16:991][  0]LogD3D11RHI:   Driver Version: 30.0.101.3111 (internal:30.0.101.3111, unified:30.0.101.3111)
[2023.09.26-10.30.16:991][  0]LogD3D11RHI:      Driver Date: 6-9-2022
[2023.09.26-10.30.16:991][  0]LogRHI: Texture pool is 1523 MB (70% of 2176 MB)
[2023.09.26-10.30.16:996][  0]LogD3D11RHI: Creating D3DDevice using adapter:
[2023.09.26-10.30.16:997][  0]LogD3D11RHI:     Description : Intel(R) Iris(R) Xe Graphics
[2023.09.26-10.30.16:997][  0]LogD3D11RHI:     VendorId    : 8086
[2023.09.26-10.30.16:997][  0]LogD3D11RHI:     DeviceId    : 9a49
[2023.09.26-10.30.16:997][  0]LogD3D11RHI:     SubSysId    : 15cc1043
[2023.09.26-10.30.16:997][  0]LogD3D11RHI:     Revision    : 0001
[2023.09.26-10.30.16:997][  0]LogD3D11RHI:     DedicatedVideoMemory : 134217728 bytes
[2023.09.26-10.30.16:997][  0]LogD3D11RHI:     DedicatedSystemMemory : 0 bytes
[2023.09.26-10.30.16:997][  0]LogD3D11RHI:     SharedSystemMemory : 8429750272 bytes
[2023.09.26-10.30.16:997][  0]LogD3D11RHI:     AdapterLuid : 0 59089
[2023.09.26-10.30.17:098][  0]LogD3D11RHI: RHI does not have support for 64 bit atomics
[2023.09.26-10.30.17:113][  0]LogD3D11RHI: Intel Extensions support version Full=16777216, Major=1, Minor=0, Revision=0
[2023.09.26-10.30.17:113][  0]LogD3D11RHI: Intel Extensions support version Full=16777217, Major=1, Minor=0, Revision=1
[2023.09.26-10.30.17:114][  0]LogD3D11RHI: Intel Extensions Framework enabled
[2023.09.26-10.30.17:114][  0]LogD3D11RHI: [IntelMetricsDiscovery] Started
[2023.09.26-10.30.17:114][  0]LogD3D11RHI: Async texture creation enabled
[2023.09.26-10.30.17:114][  0]LogD3D11RHI: Array index from any shader is supported
[2023.09.26-10.30.17:127][  0]LogD3D11RHI: GPU Timing Frequency: 19.200000 (Debug: 2 0)
[2023.09.26-10.30.17:389][  0]LogTargetPlatformManager: Display: Loaded TargetPlatform 'AllDesktop'
[2023.09.26-10.30.17:409][  0]LogTargetPlatformManager: Display: Loaded TargetPlatform 'Android'
[2023.09.26-10.30.17:409][  0]LogTargetPlatformManager: Display: Loaded TargetPlatform 'Android_ASTC'
[2023.09.26-10.30.17:409][  0]LogTargetPlatformManager: Display: Loaded TargetPlatform 'Android_DXT'
[2023.09.26-10.30.17:409][  0]LogTargetPlatformManager: Display: Loaded TargetPlatform 'Android_ETC2'
[2023.09.26-10.30.17:409][  0]LogTargetPlatformManager: Display: Loaded TargetPlatform 'AndroidClient'
[2023.09.26-10.30.17:409][  0]LogTargetPlatformManager: Display: Loaded TargetPlatform 'Android_ASTCClient'
[2023.09.26-10.30.17:409][  0]LogTargetPlatformManager: Display: Loaded TargetPlatform 'Android_DXTClient'
[2023.09.26-10.30.17:409][  0]LogTargetPlatformManager: Display: Loaded TargetPlatform 'Android_ETC2Client'
[2023.09.26-10.30.17:409][  0]LogTargetPlatformManager: Display: Loaded TargetPlatform 'Android_Multi'
[2023.09.26-10.30.17:409][  0]LogTargetPlatformManager: Display: Loaded TargetPlatform 'Android_MultiClient'
[2023.09.26-10.30.17:426][  0]LogTargetPlatformManager: Display: Loaded TargetPlatform 'IOSClient'
[2023.09.26-10.30.17:426][  0]LogTargetPlatformManager: Display: Loaded TargetPlatform 'IOS'
[2023.09.26-10.30.17:435][  0]LogTargetPlatformManager: Display: Loaded TargetPlatform 'Linux'
[2023.09.26-10.30.17:440][  0]LogTargetPlatformManager: Display: Loaded TargetPlatform 'LinuxNoEditor'
[2023.09.26-10.30.17:444][  0]LogTargetPlatformManager: Display: Loaded TargetPlatform 'LinuxClient'
[2023.09.26-10.30.17:449][  0]LogTargetPlatformManager: Display: Loaded TargetPlatform 'LinuxServer'
[2023.09.26-10.30.17:457][  0]LogTargetPlatformManager: Display: Loaded TargetPlatform 'LinuxAArch64NoEditor'
[2023.09.26-10.30.17:461][  0]LogTargetPlatformManager: Display: Loaded TargetPlatform 'LinuxAArch64Client'
[2023.09.26-10.30.17:465][  0]LogTargetPlatformManager: Display: Loaded TargetPlatform 'LinuxAArch64Server'
[2023.09.26-10.30.17:489][  0]LogTargetPlatformManager: Display: Loaded TargetPlatform 'Lumin'
[2023.09.26-10.30.17:489][  0]LogTargetPlatformManager: Display: Loaded TargetPlatform 'LuminClient'
[2023.09.26-10.30.17:498][  0]LogTargetPlatformManager: Display: Loaded TargetPlatform 'MacNoEditor'
[2023.09.26-10.30.17:503][  0]LogTargetPlatformManager: Display: Loaded TargetPlatform 'Mac'
[2023.09.26-10.30.17:508][  0]LogTargetPlatformManager: Display: Loaded TargetPlatform 'MacClient'
[2023.09.26-10.30.17:512][  0]LogTargetPlatformManager: Display: Loaded TargetPlatform 'MacServer'
[2023.09.26-10.30.17:522][  0]LogTargetPlatformManager: Display: Loaded TargetPlatform 'TVOSClient'
[2023.09.26-10.30.17:522][  0]LogTargetPlatformManager: Display: Loaded TargetPlatform 'TVOS'
[2023.09.26-10.30.17:532][  0]LogTargetPlatformManager: Display: Loaded TargetPlatform 'WindowsNoEditor'
[2023.09.26-10.30.17:538][  0]LogTargetPlatformManager: Display: Loaded TargetPlatform 'Windows'
[2023.09.26-10.30.17:543][  0]LogTargetPlatformManager: Display: Loaded TargetPlatform 'WindowsClient'
[2023.09.26-10.30.17:547][  0]LogTargetPlatformManager: Display: Loaded TargetPlatform 'WindowsServer'
[2023.09.26-10.30.17:547][  0]LogTargetPlatformManager: Display: Building Assets For Windows
[2023.09.26-10.30.17:554][  0]LogAudioDebug: Display: Lib vorbis DLL was dynamically loaded.
[2023.09.26-10.30.17:585][  0]LogTextureFormatOodle: Display: Oodle Texture 2.9.0 init RDO Off
[2023.09.26-10.30.17:614][  0]LogRendererCore: Ray tracing is disabled. Reason: r.RayTracing=0.
[2023.09.26-10.30.17:614][  0]LogShaderCompilers: Guid format shader working directory is -26 characters bigger than the processId version (../../../../../../Users/1465500/Documents/GitHub/Shoter/TopDownShooterBsz/Intermediate/Shaders/WorkingDirectory/27048/).
[2023.09.26-10.30.17:614][  0]LogShaderCompilers: Cleaned the shader compiler working directory 'C:/Users/1465500/AppData/Local/Temp/UnrealShaderWorkingDir/8B7AC9D34A0C81BBC9199E87FF8CD6A4/'.
[2023.09.26-10.30.17:614][  0]LogXGEController: Cannot use XGE Controller as Incredibuild is not installed on this machine.
[2023.09.26-10.30.17:615][  0]LogShaderCompilers: Cannot use XGE Shader Compiler as Incredibuild is not installed on this machine.
[2023.09.26-10.30.17:615][  0]LogShaderCompilers: Display: Using Local Shader Compiler.
[2023.09.26-10.30.18:318][  0]LogDerivedDataCache: Display: Max Cache Size: 512 MB
[2023.09.26-10.30.18:381][  0]LogDerivedDataCache: Loaded boot cache 0.06s 94MB C:/Users/1465500/AppData/Local/UnrealEngine/4.27/DerivedDataCache/Boot.ddc.
[2023.09.26-10.30.18:381][  0]LogDerivedDataCache: Display: Loaded Boot cache: C:/Users/1465500/AppData/Local/UnrealEngine/4.27/DerivedDataCache/Boot.ddc
[2023.09.26-10.30.18:381][  0]LogDerivedDataCache: FDerivedDataBackendGraph:  Pak pak cache file ../../../../../../Users/1465500/Documents/GitHub/Shoter/TopDownShooterBsz/DerivedDataCache/DDC.ddp not found, will not use a pak cache.
[2023.09.26-10.30.18:381][  0]LogDerivedDataCache: Unable to find inner node Pak for hierarchical cache Hierarchy.
[2023.09.26-10.30.18:381][  0]LogDerivedDataCache: FDerivedDataBackendGraph:  CompressedPak pak cache file ../../../../../../Users/1465500/Documents/GitHub/Shoter/TopDownShooterBsz/DerivedDataCache/Compressed.ddp not found, will not use a pak cache.
[2023.09.26-10.30.18:381][  0]LogDerivedDataCache: Unable to find inner node CompressedPak for hierarchical cache Hierarchy.
[2023.09.26-10.30.18:399][  0]LogDerivedDataCache: Display: Pak cache opened for reading ../../../Engine/DerivedDataCache/Compressed.ddp.
[2023.09.26-10.30.18:399][  0]LogDerivedDataCache: FDerivedDataBackendGraph:  EnterprisePak pak cache file ../../../Enterprise/DerivedDataCache/Compressed.ddp not found, will not use a pak cache.
[2023.09.26-10.30.18:399][  0]LogDerivedDataCache: Unable to find inner node EnterprisePak for hierarchical cache Hierarchy.
[2023.09.26-10.30.18:407][  0]LogDerivedDataCache: Speed tests for C:/Users/1465500/AppData/Local/UnrealEngine/Common/DerivedDataCache took 0.01 seconds
[2023.09.26-10.30.18:407][  0]LogDerivedDataCache: Display: Performance to C:/Users/1465500/AppData/Local/UnrealEngine/Common/DerivedDataCache: Latency=0.03ms. RandomReadSpeed=1344.84MBs, RandomWriteSpeed=132.01MBs. Assigned SpeedClass 'Local'
[2023.09.26-10.30.18:408][  0]LogDerivedDataCache: Using Local data cache path C:/Users/1465500/AppData/Local/UnrealEngine/Common/DerivedDataCache: Writable
[2023.09.26-10.30.18:408][  0]LogDerivedDataCache: Shared data cache path not found in *engine.ini, will not use an Shared cache.
[2023.09.26-10.30.18:408][  0]LogDerivedDataCache: Unable to find inner node Shared for hierarchical cache Hierarchy.
[2023.09.26-10.30.18:472][  0]LogSlate: Using FreeType 2.10.0
[2023.09.26-10.30.18:473][  0]LogSlate: SlateFontServices - WITH_FREETYPE: 1, WITH_HARFBUZZ: 1
[2023.09.26-10.30.18:496][  0]LogAssetRegistry: FAssetRegistry took 0.0027 seconds to start up
[2023.09.26-10.30.18:745][  0]LogInit: Selected Device Profile: [Windows]
[2023.09.26-10.30.18:745][  0]LogInit: Active device profile: [000001EBAC7BAD00][000001EBA589DB00 49] Windows
[2023.09.26-10.30.18:745][  0]LogInit: Profiles: [000001EBAC7BAD00][000001EBA589DB00 49] Windows, [000001EBAC74D900][000001EBABF3A100 49] WindowsNoEditor, [000001EBAC7BA100][000001EBAB9FC280 49] WindowsServer, [000001EBAC74E400][000001EBABA00400 49] WindowsClient, [000001EBAC7BB600][000001EBAB84C580 49] IOS, [000001EBAC74FE00][000001EBAB850700 49] iPadAir, [000001EBAC7B8900][000001EBA577A880 49] iPadAir2, [000001EBAC6FD000][000001EBA577EAC0 49] IPadPro, [000001EBAC6FD100][000001EBABF7AB00 49] iPadAir3, [000001EBAC7B8800][000001EBA5782C40 49] iPadAir4, [000001EBAC6FF100][000001EBA5786D80 49] iPadMini2, [000001EBAC6FC800][000001EBA56FEF00 49] iPadMini3, [000001EBAC74E000][000001EBA5703080 49] iPadMini4, [000001EBAC6FFF00][000001EBA5707200 49] iPadMini5, [000001EBAC738900][000001EBA570F4C0 49] iPhone6, [000001EBAC738A00][000001EBA570B500 49] iPodTouch6, [000001EBAC7B8700][000001EBA57177C0 49] iPhone7, [000001EBAC7B9400][000001EBA5713800 49] iPodTouch7, [000001EBAC738300][000001EBA5745980 49] iPhone5S, [000001EBAC74EC00][000001EBA5749B00 49] iPhone6Plus, [000001EBAC73BB00][000001EBA574C100 49] iPhone6S, [000001EBAC74CA00][000001EBA5750280 49] iPhone6SPlus, [000001EBAC73B500][000001EBA5754400 49] iPhone7Plus, [000001EBAC74C800][000001EBA5758580 49] iPhoneSE, [000001EBAC73A100][000001EBA575C700 49] iPhone8, [000001EBAC74F600][000001EBA5760880 49] iPhone8Plus, [000001EBAC738400][000001EBABF3EA00 49] iPhoneX, [000001EBAC74F100][000001EBA578AB40 49] iPhoneXS, [000001EBAC7B9800][000001EBABF42C80 49] iPhoneXSMax, [000001EBAC74C300][000001EBABF46DC0 49] iPhoneXR, [000001EBAC7BB300][000001EBABF4AF00 49] iPhone11, [000001EBAC74D700][000001EBABF53080 49] iPhone11Pro, [000001EBAC7B9000][000001EBABF57200 49] iPhone11ProMax, [000001EBAC74CF00][000001EBABF5B380 49] iPhoneSE2, [000001EBAC7BA700][000001EBABF5F500 49] iPhone12Mini, [000001EBAC74D600][000001EBABF63680 49] iPhone12, [000001EBAC7B9D00][000001EBABF67800 49] iPhone12Pro, [000001EBAC74F000][000001EBABF6B980 49] iPhone12ProMax, [000001EBAC7B8E00][000001EBABF6FB00 49] iPadPro105, [000001EBAC74F500][000001EBABF72100 49] iPadPro129, [000001EBAC7BAA00][000001EBABF76280 49] iPadPro97, [000001EBAC74D100][000001EBABB32400 49] iPadPro2_129, [000001EBAC7B8100][000001EBABB36580 49] iPad5, [000001EBAC74E800][000001EBABB3A700 49] iPad6, [000001EBAC7B9500][000001EBABB3E880 49] iPad7, [000001EBAC74CE00][000001EBABB42A00 49] iPad8, [000001EBAC7B8F00][000001EBABB46B80 49] iPadPro11, [000001EBAC74C700][000001EBABB4AD00 49] iPadPro2_11, [000001EBAC7B9600][000001EBABF4EE40 49] iPadPro3_129, [000001EBAC74F800][000001EBABB4EF80 49] iPadPro4_129, [000001EBAC7B9200][000001EBABB530C0 49] AppleTV, [000001EBAC74F300][000001EBABB5B240 49] AppleTV4K, [000001EBAC7BAF00][000001EBABB5F3C0 49] TVOS, [000001EBAC74E500][000001EBABB63540 49] Mac, [000001EBAC7B9E00][000001EBABB676C0 49] MacClient, [000001EBAC74E300][000001EBABB6B840 49] MacNoEditor, [000001EBAC7BB800][000001EBABB6F9C0 49] MacServer, [000001EBAC74F400][000001EBABB73B40 49] Linux, [000001EBAC7BAB00][000001EBABB76140 49] LinuxAArch64, [000001EBAC74CB00][000001EBABB7A2C0 49] LinuxNoEditor, [000001EBAC7BB700][000001EBABB7E440 49] LinuxAArch64NoEditor, [000001EBAC74DC00][000001EBABB825C0 49] LinuxClient, [000001EBAC7B9B00][000001EBABB86740 49] LinuxAArch64Client, [000001EBAC74FF00][000001EBABB8A8C0 49] LinuxServer, [000001EBAC7B8200][000001EBABB8EA40 49] LinuxAArch64Server, [000001EBAC74E100][000001EBABB92BC0 49] Android, [000001EBAC7B8500][000001EBABB96D40 49] Android_Low, [000001EBAC74EF00][000001EBABB9AEC0 49] Android_Mid, [000001EBAC7BA400][000001EBABB57000 49] Android_High, [000001EBAC73A000][000001EBABB9F140 49] Android_Default, [000001EBAC6FD800][000001EBABBA3280 49] Android_Adreno4xx, [000001EBAC73AA00][000001EBABBA73C0 49] Android_Adreno5xx_Low, [000001EBAC6FD900][000001EBABBAF540 49] Android_Adreno5xx, [000001EBAC738100][000001EBABBB36C0 49] Android_Adreno6xx, [000001EBAC6FDA00][000001EBABBB7840 49] Android_Adreno6xx_Vulkan, [000001EBAC739100][000001EBABBBB9C0 49] Android_Mali_T6xx, [000001EBAC6FE600][000001EBABA0FB40 49] Android_Mali_T7xx, [000001EBAC73B200][000001EBABA12140 49] Android_Mali_T8xx, [000001EBAC6FFE00][000001EBABA162C0 49] Android_Mali_G71, [000001EBAC738500][000001EBABA1A440 49] Android_Mali_G72, [000001EBAC6FEE00][000001EBABA1E5C0 49] Android_Mali_G72_Vulkan, [000001EBAC739E00][000001EBABA22740 49] Android_Mali_G76, [000001EBAC6FD300][000001EBABA268C0 49] Android_Mali_G76_Vulkan, [000001EBAC738800][000001EBABA2AA40 49] Android_Mali_G77, [000001EBAC6FC100][000001EBABA2EBC0 49] Android_Mali_G77_Vulkan, [000001EBAC73BC00][000001EBABA32D40 49] Android_Mali_G78, [000001EBAC6FCA00][000001EBABA36EC0 49] Android_Mali_G78_Vulkan, [000001EBAC73B800][000001EBABA3B040 49] Android_Mali_G710, [000001EBAC6FDE00][000001EBABBAB180 49] Android_Mali_G710_Vulkan, [000001EBAC73AD00][000001EBABA3F2C0 49] Android_Vulkan_SM5, [000001EBAC6FC200][000001EBABA43400 49] Android_PowerVR_G6xxx, [000001EBAC73BD00][000001EBABA47540 49] Android_PowerVR_GT7xxx, [000001EBAC6FE500][000001EBABA4F6C0 49] Android_PowerVR_GE8xxx, [000001EBAC73AB00][000001EBABA53840 49] Android_PowerVR_GM9xxx, [000001EBAC6FE200][000001EBABA579C0 49] Android_PowerVR_GM9xxx_Vulkan, [000001EBAC739300][000001EBABA5BB40 49] Android_TegraK1, [000001EBAC6FE800][000001EBABA5E140 49] Android_Unknown_Vulkan, [000001EBAC739500][000001EBABA622C0 49] Lumin, [000001EBAC74FC00][000001EBABA66440 49] Lumin_Desktop, [000001EBAC73A900][000001EBABA6A5C0 49] HoloLens, 
[2023.09.26-10.30.18:860][  0]LogMeshReduction: Using QuadricMeshReduction for automatic static mesh reduction
[2023.09.26-10.30.18:860][  0]LogMeshReduction: Using SimplygonMeshReduction for automatic skeletal mesh reduction
[2023.09.26-10.30.18:860][  0]LogMeshReduction: Using ProxyLODMeshReduction for automatic mesh merging
[2023.09.26-10.30.18:860][  0]LogMeshReduction: No distributed automatic mesh merging module available
[2023.09.26-10.30.18:860][  0]LogMeshMerging: No distributed automatic mesh merging module available
[2023.09.26-10.30.18:873][  0]LogNetVersion: TopDownShooterBsz 1.0.0, NetCL: 17155196, EngineNetVer: 17, GameNetVer: 0 (Checksum: 3106199091)
[2023.09.26-10.30.19:216][  0]LogTexture: Default maximum texture size for cubemaps generated from long-lat sources has been changed from 512 to unlimited. In order to preserve old behaiour for '/Engine/MapTemplates/Sky/DaylightAmbientCubemap.DaylightAmbientCubemap', its maximum texture size has been explicitly set to 512.
[2023.09.26-10.30.19:266][  0]LogHMD: PokeAHoleMaterial loaded successfully
[2023.09.26-10.30.19:270][  0]LogUObjectArray: 17178 objects as part of root set at end of initial load.
[2023.09.26-10.30.19:271][  0]LogUObjectAllocator: 4302048 out of 0 bytes used by permanent object pool.
[2023.09.26-10.30.19:271][  0]LogUObjectArray: CloseDisregardForGC: 0/0 objects in disregard for GC pool
[2023.09.26-10.30.19:529][  0]LogNiagaraDebuggerClient: Niagara Debugger Client Initialized | Session: 96BB97AD47E6D754466C61B2F2AC2703 | Instance: AC9D228F4C27BDF8416625AC032A263D (LAPTOP-VMUIJP0F-27048).
[2023.09.26-10.30.19:637][  0]LogTcpMessaging: Initializing TcpMessaging bridge
[2023.09.26-10.30.19:643][  0]LogUdpMessaging: Initializing bridge on interface 0.0.0.0:0 to multicast group 230.0.0.1:6666.
[2023.09.26-10.30.19:662][  0]LogPython: Using Python 3.7.7
[2023.09.26-10.30.20:238][  0]SourceControl: Source control is disabled
[2023.09.26-10.30.20:238][  0]SourceControl: Source control is disabled
[2023.09.26-10.30.20:241][  0]SourceControl: Source control is disabled
[2023.09.26-10.30.20:244][  0]SourceControl: Source control is disabled
[2023.09.26-10.30.20:252][  0]SourceControl: Source control is disabled
[2023.09.26-10.30.20:308][  0]LogUProjectInfo: Found projects:
[2023.09.26-10.30.20:316][  0]LogVSAccessor: Display: Unable to create Visual Studio setup instance: 80040154
[2023.09.26-10.30.20:316][  0]LogVSAccessor: Display: Unable to create Visual Studio setup instance: 80040154
[2023.09.26-10.30.20:318][  0]LogVSAccessor: Display: Unable to create Visual Studio setup instance: 80040154
[2023.09.26-10.30.20:501][  0]LogOpenImageDenoise: OIDN starting up
[2023.09.26-10.30.20:514][  0]LogAndroidPermission: UAndroidPermissionCallbackProxy::GetInstance
[2023.09.26-10.30.20:538][  0]LogAudioCaptureCore: Display: No Audio Capture implementations found. Audio input will be silent.
[2023.09.26-10.30.20:538][  0]LogAudioCaptureCore: Display: No Audio Capture implementations found. Audio input will be silent.
[2023.09.26-10.30.20:649][  0]LogCollectionManager: Loaded 0 collections in 0.001351 seconds
[2023.09.26-10.30.20:671][  0]LogFileCache: Scanning file cache for directory 'C:/Users/1465500/Documents/GitHub/Shoter/TopDownShooterBsz/Saved/Collections/' took 0.00s
[2023.09.26-10.30.20:671][  0]LogFileCache: Scanning file cache for directory 'C:/Users/1465500/Documents/GitHub/Shoter/TopDownShooterBsz/Content/Developers/1465500/Collections/' took 0.00s
[2023.09.26-10.30.20:671][  0]LogFileCache: Scanning file cache for directory 'C:/Users/1465500/Documents/GitHub/Shoter/TopDownShooterBsz/Content/Collections/' took 0.00s
[2023.09.26-10.30.20:671][  0]LogOcInput: OculusInput pre-init called
[2023.09.26-10.30.20:882][  0]LogEngine: Initializing Engine...
[2023.09.26-10.30.20:889][  0]LogHMD: Failed to enumerate extensions. Please check that you have a valid OpenXR runtime installed.
[2023.09.26-10.30.20:889][  0]LogHMD: Failed to initialize OpenVR with code 110
[2023.09.26-10.30.20:889][  0]LogMagicLeap: Warning: VR disabled because ZI is not enabled.  To enable, in the editor, Edit -> Project Settings -> Plugins -> Magic Leap Plugin -> Enable Zero Iteration
[2023.09.26-10.30.20:890][  0]LogStats: UGameplayTagsManager::InitializeManager -  0.000 s
[2023.09.26-10.30.20:996][  0]LogInit: Initializing FReadOnlyCVARCache
[2023.09.26-10.30.21:005][  0]LogAIModule: Creating AISystem for world Untitled
[2023.09.26-10.30.21:005][  0]LogAudio: Display: Initializing Audio Device Manager...
[2023.09.26-10.30.21:009][  0]LogAudio: Display: Loading Default Audio Settings Objects...
[2023.09.26-10.30.21:009][  0]LogAudio: Display: No default SoundConcurrencyObject specified (or failed to load).
[2023.09.26-10.30.21:010][  0]LogAudio: Display: Audio Device Manager Initialized
[2023.09.26-10.30.21:010][  0]LogAudio: Display: Creating Audio Device:                 Id: 1, Scope: Shared, Realtime: True
[2023.09.26-10.30.21:010][  0]LogAudioMixer: Display: Audio Mixer Platform Settings:
[2023.09.26-10.30.21:010][  0]LogAudioMixer: Display: 	Sample Rate:						  48000
[2023.09.26-10.30.21:010][  0]LogAudioMixer: Display: 	Callback Buffer Frame Size Requested: 1024
[2023.09.26-10.30.21:010][  0]LogAudioMixer: Display: 	Callback Buffer Frame Size To Use:	  1024
[2023.09.26-10.30.21:010][  0]LogAudioMixer: Display: 	Number of buffers to queue:			  2
[2023.09.26-10.30.21:010][  0]LogAudioMixer: Display: 	Max Channels (voices):				  32
[2023.09.26-10.30.21:010][  0]LogAudioMixer: Display: 	Number of Async Source Workers:		  0
[2023.09.26-10.30.21:010][  0]LogAudio: Display: AudioDevice MaxSources: 32
[2023.09.26-10.30.21:010][  0]LogAudio: Display: Audio Spatialization Plugin: None (built-in).
[2023.09.26-10.30.21:010][  0]LogAudio: Display: Audio Reverb Plugin: None (built-in).
[2023.09.26-10.30.21:010][  0]LogAudio: Display: Audio Occlusion Plugin: None (built-in).
[2023.09.26-10.30.21:010][  0]LogAudioMixer: Display: Initializing audio mixer.
[2023.09.26-10.30.21:018][  0]LogAudioMixer: Display: 0: FrontLeft
[2023.09.26-10.30.21:018][  0]LogAudioMixer: Display: 1: FrontRight
[2023.09.26-10.30.21:354][  0]LogAudioMixer: Display: Using Audio Device Głośniki (Realtek(R) Audio)
[2023.09.26-10.30.21:355][  0]LogAudioMixer: Display: Initializing Sound Submixes...
[2023.09.26-10.30.21:358][  0]LogAudioMixer: Display: Creating Master Submix 'MasterSubmixDefault'
[2023.09.26-10.30.21:358][  0]LogAudioMixer: Display: Creating Master Submix 'MasterReverbSubmixDefault'
[2023.09.26-10.30.21:359][  0]LogAudioMixer: Display: Creating Master Submix 'MasterEQSubmixDefault'
[2023.09.26-10.30.21:359][  0]LogAudioMixer: FMixerPlatformXAudio2::StartAudioStream() called
[2023.09.26-10.30.21:359][  0]LogAudioMixer: Display: Output buffers initialized: Frames=1024, Channels=2, Samples=2048
[2023.09.26-10.30.21:360][  0]LogAudioMixer: Display: Starting AudioMixerPlatformInterface::RunInternal()
[2023.09.26-10.30.21:360][  0]LogAudioMixer: Display: FMixerPlatformXAudio2::SubmitBuffer() called for the first time
[2023.09.26-10.30.21:360][  0]LogInit: FAudioDevice initialized.
[2023.09.26-10.30.21:361][  0]LogAudio: Display: Audio Device (ID: 1) registered with world 'Untitled'.
[2023.09.26-10.30.21:361][  0]LogNetVersion: Set ProjectVersion to 1.0.0.0. Version Checksum will be recalculated on next use.
[2023.09.26-10.30.21:417][  0]LogDerivedDataCache: Saved boot cache 0.06s 94MB C:/Users/1465500/AppData/Local/UnrealEngine/4.27/DerivedDataCache/Boot.ddc.
[2023.09.26-10.30.21:418][  0]LogInit: Texture streaming: Enabled
[2023.09.26-10.30.21:431][  0]LogAnalytics: Display: [UEEditor.Rocket.Release] APIServer = https://datarouter.ol.epicgames.com/. AppVersion = 4.27.2-18319896+++UE4+Release-4.27
[2023.09.26-10.30.21:434][  0]LogEngineSessionManager: EngineSessionManager initialized
[2023.09.26-10.30.21:434][  0]LogEditorSessionSummary: Verbose: Initializing EditorSessionSummaryWriter for editor session tracking
[2023.09.26-10.30.21:436][  0]LogEditorSessionSummary: EditorSessionSummaryWriter initialized
[2023.09.26-10.30.21:463][  0]LogInit: Transaction tracking system initialized
[2023.09.26-10.30.21:484][  0]BlueprintLog: New page: Editor Load
[2023.09.26-10.30.21:543][  0]LocalizationService: Localization service is disabled
[2023.09.26-10.30.21:566][  0]TimingProfiler: Initialize
[2023.09.26-10.30.21:567][  0]TimingProfiler: OnSessionChanged
[2023.09.26-10.30.21:567][  0]LoadingProfiler: Initialize
[2023.09.26-10.30.21:567][  0]LoadingProfiler: OnSessionChanged
[2023.09.26-10.30.21:567][  0]NetworkingProfiler: Initialize
[2023.09.26-10.30.21:567][  0]NetworkingProfiler: OnSessionChanged
[2023.09.26-10.30.21:567][  0]MemoryProfiler: Initialize
[2023.09.26-10.30.21:567][  0]MemoryProfiler: OnSessionChanged
[2023.09.26-10.30.21:622][  0]LogVSAccessor: Display: Unable to create Visual Studio setup instance: 80040154
[2023.09.26-10.30.21:622][  0]LogVSAccessor: Display: Unable to create Visual Studio setup instance: 80040154
[2023.09.26-10.30.21:623][  0]LogVSAccessor: Display: Unable to create Visual Studio setup instance: 80040154
[2023.09.26-10.30.21:706][  0]LogCook: Display: CookSettings for Memory: MemoryMaxUsedVirtual 0MiB, MemoryMaxUsedPhysical 16384MiB, MemoryMinFreeVirtual 0MiB, MemoryMinFreePhysical 1024MiB
[2023.09.26-10.30.21:706][  0]LogCook: Display: Mobile HDR setting 1
[2023.09.26-10.30.21:891][  0]LogFileCache: Scanning file cache for directory 'C:/Users/1465500/Documents/GitHub/Shoter/TopDownShooterBsz/Content/' took 0.01s
[2023.09.26-10.30.22:066][  0]LogInit: Display: Engine is initialized. Leaving FEngineLoop::Init()
[2023.09.26-10.30.22:069][  0]SourceControl: Source control is disabled
[2023.09.26-10.30.22:069][  0]LogUnrealEdMisc: Loading editor; pre map load, took 6.602
[2023.09.26-10.30.22:069][  0]Cmd: MAP LOAD FILE="../../../../../../Users/1465500/Documents/GitHub/Shoter/TopDownShooterBsz/Content/MainFolder/main.umap" TEMPLATE=0 SHOWPROGRESS=1 FEATURELEVEL=3
[2023.09.26-10.30.22:075][  0]LightingResults: New page: Lighting Build
[2023.09.26-10.30.22:076][  0]LogWorld: UWorld::CleanupWorld for Untitled, bSessionEnded=true, bCleanupResources=true
[2023.09.26-10.30.22:076][  0]LogSlate: InvalidateAllWidgets triggered.  All widgets were invalidated
[2023.09.26-10.30.22:076][  0]MapCheck: New page: Map Check
[2023.09.26-10.30.22:076][  0]LightingResults: New page: Lighting Build
[2023.09.26-10.30.22:080][  0]LogAudio: Display: Audio Device unregistered from world 'None'.
[2023.09.26-10.30.22:082][  0]LogUObjectHash: Compacting FUObjectHashTables data took   0.65ms
[2023.09.26-10.30.22:138][  0]LogAudio: Display: Audio Device (ID: 1) registered with world 'main'.
[2023.09.26-10.30.22:139][  0]LogAIModule: Creating AISystem for world main
[2023.09.26-10.30.22:142][  0]LogEditorServer: Finished looking for orphan Actors (0.000 secs)
[2023.09.26-10.30.22:148][  0]LogUObjectHash: Compacting FUObjectHashTables data took   0.68ms
[2023.09.26-10.30.22:149][  0]Cmd: MAP CHECKDEP NOCLEARLOG
[2023.09.26-10.30.22:149][  0]MapCheck: Map check complete: 0 Error(s), 0 Warning(s), took 0,15ms to complete.
[2023.09.26-10.30.22:149][  0]LogFileHelpers: Loading map 'main' took 0.080
[2023.09.26-10.30.22:150][  0]LogUnrealEdMisc: Total Editor Startup Time, took 6.683
[2023.09.26-10.30.22:297][  0]LogSlate: Updating window title bar state: overlay mode, drag disabled, window buttons hidden, title bar hidden
[2023.09.26-10.30.22:304][  0]LogSlate: Updating window title bar state: overlay mode, drag disabled, window buttons hidden, title bar hidden
[2023.09.26-10.30.22:308][  0]LogSlate: Updating window title bar state: overlay mode, drag disabled, window buttons hidden, title bar hidden
[2023.09.26-10.30.22:314][  0]LogSlate: Updating window title bar state: overlay mode, drag disabled, window buttons hidden, title bar hidden
[2023.09.26-10.30.22:343][  0]LogNativeClassHierarchy: Verbose: Native class hierarchy populated in 0.0085 seconds. Added 3822 classes and 928 folders.
[2023.09.26-10.30.22:385][  0]LogNativeClassHierarchy: Verbose: Native class hierarchy updated for 'WidgetCarousel' in 0.0004 seconds. Added 0 classes and 0 folders.
[2023.09.26-10.30.22:410][  0]LogPakFile: PakFile PrimaryIndexSize=187
[2023.09.26-10.30.22:410][  0]LogPakFile: PakFile PathHashIndexSize=101
[2023.09.26-10.30.22:410][  0]LogPakFile: PakFile FullDirectoryIndexSize=148
[2023.09.26-10.30.22:410][  0]LogShaderLibrary: Display: ShaderCodeLibraryPakFileMountedCallback: PakFile 'C:/Program Files/Epic Games/UE_4.27/FeaturePacks/FP_FirstPerson.upack' (chunk index -1, root 'root:/') mounted
[2023.09.26-10.30.22:410][  0]LogShaderLibrary: Display: ShaderCodeLibraryPakFileMountedCallback: pending pak file info (ChunkID:-1 Root:root:/ File:C:/Program Files/Epic Games/UE_4.27/FeaturePacks/FP_FirstPerson.upack)
[2023.09.26-10.30.22:410][  0]LogPakFile: OnPakFileMounted2Time == 0.000060
[2023.09.26-10.30.22:419][  0]LogPakFile: PakFile PrimaryIndexSize=189
[2023.09.26-10.30.22:419][  0]LogPakFile: PakFile PathHashIndexSize=101
[2023.09.26-10.30.22:419][  0]LogPakFile: PakFile FullDirectoryIndexSize=152
[2023.09.26-10.30.22:419][  0]LogShaderLibrary: Display: ShaderCodeLibraryPakFileMountedCallback: PakFile 'C:/Program Files/Epic Games/UE_4.27/FeaturePacks/FP_FirstPersonBP.upack' (chunk index -1, root 'root:/') mounted
[2023.09.26-10.30.22:419][  0]LogShaderLibrary: Display: ShaderCodeLibraryPakFileMountedCallback: pending pak file info (ChunkID:-1 Root:root:/ File:C:/Program Files/Epic Games/UE_4.27/FeaturePacks/FP_FirstPersonBP.upack)
[2023.09.26-10.30.22:419][  0]LogPakFile: OnPakFileMounted2Time == 0.000045
[2023.09.26-10.30.22:425][  0]LogPakFile: PakFile PrimaryIndexSize=191
[2023.09.26-10.30.22:425][  0]LogPakFile: PakFile PathHashIndexSize=101
[2023.09.26-10.30.22:425][  0]LogPakFile: PakFile FullDirectoryIndexSize=160
[2023.09.26-10.30.22:425][  0]LogShaderLibrary: Display: ShaderCodeLibraryPakFileMountedCallback: PakFile 'C:/Program Files/Epic Games/UE_4.27/FeaturePacks/MobileStarterContent.upack' (chunk index -1, root 'root:/') mounted
[2023.09.26-10.30.22:425][  0]LogShaderLibrary: Display: ShaderCodeLibraryPakFileMountedCallback: pending pak file info (ChunkID:-1 Root:root:/ File:C:/Program Files/Epic Games/UE_4.27/FeaturePacks/MobileStarterContent.upack)
[2023.09.26-10.30.22:425][  0]LogPakFile: OnPakFileMounted2Time == 0.000039
[2023.09.26-10.30.22:431][  0]LogPakFile: PakFile PrimaryIndexSize=185
[2023.09.26-10.30.22:431][  0]LogPakFile: PakFile PathHashIndexSize=101
[2023.09.26-10.30.22:431][  0]LogPakFile: PakFile FullDirectoryIndexSize=148
[2023.09.26-10.30.22:431][  0]LogShaderLibrary: Display: ShaderCodeLibraryPakFileMountedCallback: PakFile 'C:/Program Files/Epic Games/UE_4.27/FeaturePacks/StarterContent.upack' (chunk index -1, root 'root:/') mounted
[2023.09.26-10.30.22:431][  0]LogShaderLibrary: Display: ShaderCodeLibraryPakFileMountedCallback: pending pak file info (ChunkID:-1 Root:root:/ File:C:/Program Files/Epic Games/UE_4.27/FeaturePacks/StarterContent.upack)
[2023.09.26-10.30.22:431][  0]LogPakFile: OnPakFileMounted2Time == 0.000039
[2023.09.26-10.30.22:438][  0]LogPakFile: PakFile PrimaryIndexSize=190
[2023.09.26-10.30.22:438][  0]LogPakFile: PakFile PathHashIndexSize=101
[2023.09.26-10.30.22:438][  0]LogPakFile: PakFile FullDirectoryIndexSize=154
[2023.09.26-10.30.22:438][  0]LogShaderLibrary: Display: ShaderCodeLibraryPakFileMountedCallback: PakFile 'C:/Program Files/Epic Games/UE_4.27/FeaturePacks/TP_2DSideScroller.upack' (chunk index -1, root 'root:/') mounted
[2023.09.26-10.30.22:438][  0]LogShaderLibrary: Display: ShaderCodeLibraryPakFileMountedCallback: pending pak file info (ChunkID:-1 Root:root:/ File:C:/Program Files/Epic Games/UE_4.27/FeaturePacks/TP_2DSideScroller.upack)
[2023.09.26-10.30.22:438][  0]LogPakFile: OnPakFileMounted2Time == 0.000039
[2023.09.26-10.30.22:443][  0]LogPakFile: PakFile PrimaryIndexSize=192
[2023.09.26-10.30.22:443][  0]LogPakFile: PakFile PathHashIndexSize=101
[2023.09.26-10.30.22:443][  0]LogPakFile: PakFile FullDirectoryIndexSize=158
[2023.09.26-10.30.22:443][  0]LogShaderLibrary: Display: ShaderCodeLibraryPakFileMountedCallback: PakFile 'C:/Program Files/Epic Games/UE_4.27/FeaturePacks/TP_2DSideScrollerBP.upack' (chunk index -1, root 'root:/') mounted
[2023.09.26-10.30.22:443][  0]LogShaderLibrary: Display: ShaderCodeLibraryPakFileMountedCallback: pending pak file info (ChunkID:-1 Root:root:/ File:C:/Program Files/Epic Games/UE_4.27/FeaturePacks/TP_2DSideScrollerBP.upack)
[2023.09.26-10.30.22:443][  0]LogPakFile: OnPakFileMounted2Time == 0.000038
[2023.09.26-10.30.22:455][  0]LogPakFile: PakFile PrimaryIndexSize=182
[2023.09.26-10.30.22:455][  0]LogPakFile: PakFile PathHashIndexSize=101
[2023.09.26-10.30.22:455][  0]LogPakFile: PakFile FullDirectoryIndexSize=138
[2023.09.26-10.30.22:455][  0]LogShaderLibrary: Display: ShaderCodeLibraryPakFileMountedCallback: PakFile 'C:/Program Files/Epic Games/UE_4.27/FeaturePacks/TP_Flying.upack' (chunk index -1, root 'root:/') mounted
[2023.09.26-10.30.22:455][  0]LogShaderLibrary: Display: ShaderCodeLibraryPakFileMountedCallback: pending pak file info (ChunkID:-1 Root:root:/ File:C:/Program Files/Epic Games/UE_4.27/FeaturePacks/TP_Flying.upack)
[2023.09.26-10.30.22:455][  0]LogPakFile: OnPakFileMounted2Time == 0.000038
[2023.09.26-10.30.22:464][  0]LogPakFile: PakFile PrimaryIndexSize=184
[2023.09.26-10.30.22:464][  0]LogPakFile: PakFile PathHashIndexSize=101
[2023.09.26-10.30.22:464][  0]LogPakFile: PakFile FullDirectoryIndexSize=142
[2023.09.26-10.30.22:464][  0]LogShaderLibrary: Display: ShaderCodeLibraryPakFileMountedCallback: PakFile 'C:/Program Files/Epic Games/UE_4.27/FeaturePacks/TP_FlyingBP.upack' (chunk index -1, root 'root:/') mounted
[2023.09.26-10.30.22:464][  0]LogShaderLibrary: Display: ShaderCodeLibraryPakFileMountedCallback: pending pak file info (ChunkID:-1 Root:root:/ File:C:/Program Files/Epic Games/UE_4.27/FeaturePacks/TP_FlyingBP.upack)
[2023.09.26-10.30.22:464][  0]LogPakFile: OnPakFileMounted2Time == 0.000039
[2023.09.26-10.30.22:470][  0]LogPakFile: PakFile PrimaryIndexSize=188
[2023.09.26-10.30.22:470][  0]LogPakFile: PakFile PathHashIndexSize=101
[2023.09.26-10.30.22:470][  0]LogPakFile: PakFile FullDirectoryIndexSize=150
[2023.09.26-10.30.22:471][  0]LogShaderLibrary: Display: ShaderCodeLibraryPakFileMountedCallback: PakFile 'C:/Program Files/Epic Games/UE_4.27/FeaturePacks/TP_HandheldARBP.upack' (chunk index -1, root 'root:/') mounted
[2023.09.26-10.30.22:471][  0]LogShaderLibrary: Display: ShaderCodeLibraryPakFileMountedCallback: pending pak file info (ChunkID:-1 Root:root:/ File:C:/Program Files/Epic Games/UE_4.27/FeaturePacks/TP_HandheldARBP.upack)
[2023.09.26-10.30.22:471][  0]LogPakFile: OnPakFileMounted2Time == 0.000038
[2023.09.26-10.30.22:478][  0]LogPakFile: PakFile PrimaryIndexSize=182
[2023.09.26-10.30.22:478][  0]LogPakFile: PakFile PathHashIndexSize=101
[2023.09.26-10.30.22:478][  0]LogPakFile: PakFile FullDirectoryIndexSize=138
[2023.09.26-10.30.22:478][  0]LogShaderLibrary: Display: ShaderCodeLibraryPakFileMountedCallback: PakFile 'C:/Program Files/Epic Games/UE_4.27/FeaturePacks/TP_Puzzle.upack' (chunk index -1, root 'root:/') mounted
[2023.09.26-10.30.22:478][  0]LogShaderLibrary: Display: ShaderCodeLibraryPakFileMountedCallback: pending pak file info (ChunkID:-1 Root:root:/ File:C:/Program Files/Epic Games/UE_4.27/FeaturePacks/TP_Puzzle.upack)
[2023.09.26-10.30.22:478][  0]LogPakFile: OnPakFileMounted2Time == 0.000038
[2023.09.26-10.30.22:491][  0]LogPakFile: PakFile PrimaryIndexSize=184
[2023.09.26-10.30.22:492][  0]LogPakFile: PakFile PathHashIndexSize=101
[2023.09.26-10.30.22:492][  0]LogPakFile: PakFile FullDirectoryIndexSize=142
[2023.09.26-10.30.22:492][  0]LogShaderLibrary: Display: ShaderCodeLibraryPakFileMountedCallback: PakFile 'C:/Program Files/Epic Games/UE_4.27/FeaturePacks/TP_PuzzleBP.upack' (chunk index -1, root 'root:/') mounted
[2023.09.26-10.30.22:492][  0]LogShaderLibrary: Display: ShaderCodeLibraryPakFileMountedCallback: pending pak file info (ChunkID:-1 Root:root:/ File:C:/Program Files/Epic Games/UE_4.27/FeaturePacks/TP_PuzzleBP.upack)
[2023.09.26-10.30.22:492][  0]LogPakFile: OnPakFileMounted2Time == 0.000038
[2023.09.26-10.30.22:497][  0]LogPakFile: PakFile PrimaryIndexSize=183
[2023.09.26-10.30.22:497][  0]LogPakFile: PakFile PathHashIndexSize=101
[2023.09.26-10.30.22:498][  0]LogPakFile: PakFile FullDirectoryIndexSize=140
[2023.09.26-10.30.22:498][  0]LogShaderLibrary: Display: ShaderCodeLibraryPakFileMountedCallback: PakFile 'C:/Program Files/Epic Games/UE_4.27/FeaturePacks/TP_Rolling.upack' (chunk index -1, root 'root:/') mounted
[2023.09.26-10.30.22:498][  0]LogShaderLibrary: Display: ShaderCodeLibraryPakFileMountedCallback: pending pak file info (ChunkID:-1 Root:root:/ File:C:/Program Files/Epic Games/UE_4.27/FeaturePacks/TP_Rolling.upack)
[2023.09.26-10.30.22:498][  0]LogPakFile: OnPakFileMounted2Time == 0.000046
[2023.09.26-10.30.22:503][  0]LogPakFile: PakFile PrimaryIndexSize=185
[2023.09.26-10.30.22:503][  0]LogPakFile: PakFile PathHashIndexSize=101
[2023.09.26-10.30.22:503][  0]LogPakFile: PakFile FullDirectoryIndexSize=144
[2023.09.26-10.30.22:503][  0]LogShaderLibrary: Display: ShaderCodeLibraryPakFileMountedCallback: PakFile 'C:/Program Files/Epic Games/UE_4.27/FeaturePacks/TP_RollingBP.upack' (chunk index -1, root 'root:/') mounted
[2023.09.26-10.30.22:503][  0]LogShaderLibrary: Display: ShaderCodeLibraryPakFileMountedCallback: pending pak file info (ChunkID:-1 Root:root:/ File:C:/Program Files/Epic Games/UE_4.27/FeaturePacks/TP_RollingBP.upack)
[2023.09.26-10.30.22:503][  0]LogPakFile: OnPakFileMounted2Time == 0.000046
[2023.09.26-10.30.22:509][  0]LogPakFile: PakFile PrimaryIndexSize=188
[2023.09.26-10.30.22:509][  0]LogPakFile: PakFile PathHashIndexSize=101
[2023.09.26-10.30.22:509][  0]LogPakFile: PakFile FullDirectoryIndexSize=150
[2023.09.26-10.30.22:509][  0]LogShaderLibrary: Display: ShaderCodeLibraryPakFileMountedCallback: PakFile 'C:/Program Files/Epic Games/UE_4.27/FeaturePacks/TP_SideScroller.upack' (chunk index -1, root 'root:/') mounted
[2023.09.26-10.30.22:509][  0]LogShaderLibrary: Display: ShaderCodeLibraryPakFileMountedCallback: pending pak file info (ChunkID:-1 Root:root:/ File:C:/Program Files/Epic Games/UE_4.27/FeaturePacks/TP_SideScroller.upack)
[2023.09.26-10.30.22:509][  0]LogPakFile: OnPakFileMounted2Time == 0.000038
[2023.09.26-10.30.22:515][  0]LogPakFile: PakFile PrimaryIndexSize=190
[2023.09.26-10.30.22:515][  0]LogPakFile: PakFile PathHashIndexSize=101
[2023.09.26-10.30.22:515][  0]LogPakFile: PakFile FullDirectoryIndexSize=154
[2023.09.26-10.30.22:515][  0]LogShaderLibrary: Display: ShaderCodeLibraryPakFileMountedCallback: PakFile 'C:/Program Files/Epic Games/UE_4.27/FeaturePacks/TP_SideScrollerBP.upack' (chunk index -1, root 'root:/') mounted
[2023.09.26-10.30.22:515][  0]LogShaderLibrary: Display: ShaderCodeLibraryPakFileMountedCallback: pending pak file info (ChunkID:-1 Root:root:/ File:C:/Program Files/Epic Games/UE_4.27/FeaturePacks/TP_SideScrollerBP.upack)
[2023.09.26-10.30.22:515][  0]LogPakFile: OnPakFileMounted2Time == 0.000038
[2023.09.26-10.30.22:521][  0]LogPakFile: PakFile PrimaryIndexSize=187
[2023.09.26-10.30.22:521][  0]LogPakFile: PakFile PathHashIndexSize=101
[2023.09.26-10.30.22:521][  0]LogPakFile: PakFile FullDirectoryIndexSize=148
[2023.09.26-10.30.22:521][  0]LogShaderLibrary: Display: ShaderCodeLibraryPakFileMountedCallback: PakFile 'C:/Program Files/Epic Games/UE_4.27/FeaturePacks/TP_ThirdPerson.upack' (chunk index -1, root 'root:/') mounted
[2023.09.26-10.30.22:521][  0]LogShaderLibrary: Display: ShaderCodeLibraryPakFileMountedCallback: pending pak file info (ChunkID:-1 Root:root:/ File:C:/Program Files/Epic Games/UE_4.27/FeaturePacks/TP_ThirdPerson.upack)
[2023.09.26-10.30.22:522][  0]LogPakFile: OnPakFileMounted2Time == 0.000051
[2023.09.26-10.30.22:527][  0]LogPakFile: PakFile PrimaryIndexSize=189
[2023.09.26-10.30.22:527][  0]LogPakFile: PakFile PathHashIndexSize=101
[2023.09.26-10.30.22:527][  0]LogPakFile: PakFile FullDirectoryIndexSize=152
[2023.09.26-10.30.22:528][  0]LogShaderLibrary: Display: ShaderCodeLibraryPakFileMountedCallback: PakFile 'C:/Program Files/Epic Games/UE_4.27/FeaturePacks/TP_ThirdPersonBP.upack' (chunk index -1, root 'root:/') mounted
[2023.09.26-10.30.22:528][  0]LogShaderLibrary: Display: ShaderCodeLibraryPakFileMountedCallback: pending pak file info (ChunkID:-1 Root:root:/ File:C:/Program Files/Epic Games/UE_4.27/FeaturePacks/TP_ThirdPersonBP.upack)
[2023.09.26-10.30.22:528][  0]LogPakFile: OnPakFileMounted2Time == 0.000039
[2023.09.26-10.30.22:533][  0]LogPakFile: PakFile PrimaryIndexSize=183
[2023.09.26-10.30.22:533][  0]LogPakFile: PakFile PathHashIndexSize=101
[2023.09.26-10.30.22:533][  0]LogPakFile: PakFile FullDirectoryIndexSize=140
[2023.09.26-10.30.22:533][  0]LogShaderLibrary: Display: ShaderCodeLibraryPakFileMountedCallback: PakFile 'C:/Program Files/Epic Games/UE_4.27/FeaturePacks/TP_TopDown.upack' (chunk index -1, root 'root:/') mounted
[2023.09.26-10.30.22:533][  0]LogShaderLibrary: Display: ShaderCodeLibraryPakFileMountedCallback: pending pak file info (ChunkID:-1 Root:root:/ File:C:/Program Files/Epic Games/UE_4.27/FeaturePacks/TP_TopDown.upack)
[2023.09.26-10.30.22:533][  0]LogPakFile: OnPakFileMounted2Time == 0.000049
[2023.09.26-10.30.22:539][  0]LogPakFile: PakFile PrimaryIndexSize=185
[2023.09.26-10.30.22:539][  0]LogPakFile: PakFile PathHashIndexSize=101
[2023.09.26-10.30.22:539][  0]LogPakFile: PakFile FullDirectoryIndexSize=144
[2023.09.26-10.30.22:539][  0]LogShaderLibrary: Display: ShaderCodeLibraryPakFileMountedCallback: PakFile 'C:/Program Files/Epic Games/UE_4.27/FeaturePacks/TP_TopDownBP.upack' (chunk index -1, root 'root:/') mounted
[2023.09.26-10.30.22:539][  0]LogShaderLibrary: Display: ShaderCodeLibraryPakFileMountedCallback: pending pak file info (ChunkID:-1 Root:root:/ File:C:/Program Files/Epic Games/UE_4.27/FeaturePacks/TP_TopDownBP.upack)
[2023.09.26-10.30.22:539][  0]LogPakFile: OnPakFileMounted2Time == 0.000039
[2023.09.26-10.30.22:549][  0]LogPakFile: PakFile PrimaryIndexSize=185
[2023.09.26-10.30.22:549][  0]LogPakFile: PakFile PathHashIndexSize=101
[2023.09.26-10.30.22:549][  0]LogPakFile: PakFile FullDirectoryIndexSize=144
[2023.09.26-10.30.22:549][  0]LogShaderLibrary: Display: ShaderCodeLibraryPakFileMountedCallback: PakFile 'C:/Program Files/Epic Games/UE_4.27/FeaturePacks/TP_TwinStick.upack' (chunk index -1, root 'root:/') mounted
[2023.09.26-10.30.22:549][  0]LogShaderLibrary: Display: ShaderCodeLibraryPakFileMountedCallback: pending pak file info (ChunkID:-1 Root:root:/ File:C:/Program Files/Epic Games/UE_4.27/FeaturePacks/TP_TwinStick.upack)
[2023.09.26-10.30.22:549][  0]LogPakFile: OnPakFileMounted2Time == 0.000037
[2023.09.26-10.30.22:554][  0]LogPakFile: PakFile PrimaryIndexSize=187
[2023.09.26-10.30.22:554][  0]LogPakFile: PakFile PathHashIndexSize=101
[2023.09.26-10.30.22:554][  0]LogPakFile: PakFile FullDirectoryIndexSize=148
[2023.09.26-10.30.22:554][  0]LogShaderLibrary: Display: ShaderCodeLibraryPakFileMountedCallback: PakFile 'C:/Program Files/Epic Games/UE_4.27/FeaturePacks/TP_TwinStickBP.upack' (chunk index -1, root 'root:/') mounted
[2023.09.26-10.30.22:554][  0]LogShaderLibrary: Display: ShaderCodeLibraryPakFileMountedCallback: pending pak file info (ChunkID:-1 Root:root:/ File:C:/Program Files/Epic Games/UE_4.27/FeaturePacks/TP_TwinStickBP.upack)
[2023.09.26-10.30.22:555][  0]LogPakFile: OnPakFileMounted2Time == 0.000052
[2023.09.26-10.30.22:562][  0]LogPakFile: PakFile PrimaryIndexSize=183
[2023.09.26-10.30.22:562][  0]LogPakFile: PakFile PathHashIndexSize=101
[2023.09.26-10.30.22:562][  0]LogPakFile: PakFile FullDirectoryIndexSize=140
[2023.09.26-10.30.22:562][  0]LogShaderLibrary: Display: ShaderCodeLibraryPakFileMountedCallback: PakFile 'C:/Program Files/Epic Games/UE_4.27/FeaturePacks/TP_Vehicle.upack' (chunk index -1, root 'root:/') mounted
[2023.09.26-10.30.22:562][  0]LogShaderLibrary: Display: ShaderCodeLibraryPakFileMountedCallback: pending pak file info (ChunkID:-1 Root:root:/ File:C:/Program Files/Epic Games/UE_4.27/FeaturePacks/TP_Vehicle.upack)
[2023.09.26-10.30.22:562][  0]LogPakFile: OnPakFileMounted2Time == 0.000038
[2023.09.26-10.30.22:568][  0]LogPakFile: PakFile PrimaryIndexSize=186
[2023.09.26-10.30.22:568][  0]LogPakFile: PakFile PathHashIndexSize=101
[2023.09.26-10.30.22:568][  0]LogPakFile: PakFile FullDirectoryIndexSize=146
[2023.09.26-10.30.22:568][  0]LogShaderLibrary: Display: ShaderCodeLibraryPakFileMountedCallback: PakFile 'C:/Program Files/Epic Games/UE_4.27/FeaturePacks/TP_VehicleAdv.upack' (chunk index -1, root 'root:/') mounted
[2023.09.26-10.30.22:568][  0]LogShaderLibrary: Display: ShaderCodeLibraryPakFileMountedCallback: pending pak file info (ChunkID:-1 Root:root:/ File:C:/Program Files/Epic Games/UE_4.27/FeaturePacks/TP_VehicleAdv.upack)
[2023.09.26-10.30.22:568][  0]LogPakFile: OnPakFileMounted2Time == 0.000038
[2023.09.26-10.30.22:574][  0]LogPakFile: PakFile PrimaryIndexSize=188
[2023.09.26-10.30.22:574][  0]LogPakFile: PakFile PathHashIndexSize=101
[2023.09.26-10.30.22:574][  0]LogPakFile: PakFile FullDirectoryIndexSize=150
[2023.09.26-10.30.22:574][  0]LogShaderLibrary: Display: ShaderCodeLibraryPakFileMountedCallback: PakFile 'C:/Program Files/Epic Games/UE_4.27/FeaturePacks/TP_VehicleAdvBP.upack' (chunk index -1, root 'root:/') mounted
[2023.09.26-10.30.22:574][  0]LogShaderLibrary: Display: ShaderCodeLibraryPakFileMountedCallback: pending pak file info (ChunkID:-1 Root:root:/ File:C:/Program Files/Epic Games/UE_4.27/FeaturePacks/TP_VehicleAdvBP.upack)
[2023.09.26-10.30.22:574][  0]LogPakFile: OnPakFileMounted2Time == 0.000038
[2023.09.26-10.30.22:581][  0]LogPakFile: PakFile PrimaryIndexSize=185
[2023.09.26-10.30.22:581][  0]LogPakFile: PakFile PathHashIndexSize=101
[2023.09.26-10.30.22:581][  0]LogPakFile: PakFile FullDirectoryIndexSize=144
[2023.09.26-10.30.22:581][  0]LogShaderLibrary: Display: ShaderCodeLibraryPakFileMountedCallback: PakFile 'C:/Program Files/Epic Games/UE_4.27/FeaturePacks/TP_VehicleBP.upack' (chunk index -1, root 'root:/') mounted
[2023.09.26-10.30.22:581][  0]LogShaderLibrary: Display: ShaderCodeLibraryPakFileMountedCallback: pending pak file info (ChunkID:-1 Root:root:/ File:C:/Program Files/Epic Games/UE_4.27/FeaturePacks/TP_VehicleBP.upack)
[2023.09.26-10.30.22:581][  0]LogPakFile: OnPakFileMounted2Time == 0.000039
[2023.09.26-10.30.22:587][  0]LogPakFile: PakFile PrimaryIndexSize=192
[2023.09.26-10.30.22:587][  0]LogPakFile: PakFile PathHashIndexSize=101
[2023.09.26-10.30.22:587][  0]LogPakFile: PakFile FullDirectoryIndexSize=158
[2023.09.26-10.30.22:587][  0]LogShaderLibrary: Display: ShaderCodeLibraryPakFileMountedCallback: PakFile 'C:/Program Files/Epic Games/UE_4.27/FeaturePacks/TP_VirtualRealityBP.upack' (chunk index -1, root 'root:/') mounted
[2023.09.26-10.30.22:587][  0]LogShaderLibrary: Display: ShaderCodeLibraryPakFileMountedCallback: pending pak file info (ChunkID:-1 Root:root:/ File:C:/Program Files/Epic Games/UE_4.27/FeaturePacks/TP_VirtualRealityBP.upack)
[2023.09.26-10.30.22:587][  0]LogPakFile: OnPakFileMounted2Time == 0.000039
[2023.09.26-10.30.22:973][  0]LogNativeClassHierarchy: Verbose: Native class hierarchy updated for 'AddContentDialog' in 0.0003 seconds. Added 0 classes and 0 folders.
[2023.09.26-10.30.22:977][  0]LogNativeClassHierarchy: Verbose: Native class hierarchy updated for 'SceneOutliner' in 0.0003 seconds. Added 2 classes and 0 folders.
[2023.09.26-10.30.23:030][  0]LogNativeClassHierarchy: Verbose: Native class hierarchy updated for 'HierarchicalLODOutliner' in 0.0003 seconds. Added 0 classes and 0 folders.
[2023.09.26-10.30.23:030][  0]LogLoad: (Engine Initialization) Total time: 7.56 seconds
[2023.09.26-10.30.23:031][  0]LogLoad: (Engine Initialization) Total Blueprint compile time: 0.00 seconds
[2023.09.26-10.30.23:077][  0]LogAssetRegistry: Asset discovery search completed in 4.5821 seconds
[2023.09.26-10.30.23:083][  0]LogCollectionManager: Fixed up redirectors for 0 collections in 0.000004 seconds (updated 0 objects)
[2023.09.26-10.30.23:086][  0]LogContentStreaming: Texture pool size now 1000 MB
[2023.09.26-10.30.23:091][  0]LogSlate: Took 0.000162 seconds to synchronously load lazily loaded font '../../../Engine/Content/Slate/Fonts/Roboto-Regular.ttf' (155K)
[2023.09.26-10.30.23:098][  0]LogSlate: Took 0.005873 seconds to synchronously load lazily loaded font '../../../Engine/Content/Editor/Slate/Fonts/FontAwesome.ttf' (139K)
[2023.09.26-10.30.23:099][  0]LogSlate: Took 0.000158 seconds to synchronously load lazily loaded font '../../../Engine/Content/Slate/Fonts/Roboto-Bold.ttf' (160K)
[2023.09.26-10.30.23:365][  0]LogRenderer: Reallocating scene render targets to support 488x256 Format 10 NumSamples 1 (Frame:1).
[2023.09.26-10.30.23:365][  0]LogSlate: Took 0.000699 seconds to synchronously load lazily loaded font '../../../Engine/Content/Slate/Fonts/Roboto-Light.ttf' (167K)
[2023.09.26-10.30.24:054][ 30]LogSlate: Took 0.000244 seconds to synchronously load lazily loaded font '../../../Engine/Content/Slate/Fonts/Roboto-Light.ttf' (167K)
[2023.09.26-10.30.38:441][833]LogAssetEditorSubsystem: Opening Asset editor for Blueprint /Game/Blueprints/Pawns/PB_Soldier01.PB_Soldier01
[2023.09.26-10.30.39:763][833]LogNativeClassHierarchy: Verbose: Native class hierarchy updated for 'BlueprintGraph' in 0.0005 seconds. Added 126 classes and 0 folders.
[2023.09.26-10.30.40:827][833]LogSlate: Took 0.000233 seconds to synchronously load lazily loaded font '../../../Engine/Content/Slate/Fonts/Roboto-BoldCondensed.ttf' (158K)
[2023.09.26-10.30.41:031][834]LogSlate: Took 0.007862 seconds to synchronously load lazily loaded font '../../../Engine/Content/Slate/Fonts/Roboto-Italic.ttf' (157K)
[2023.09.26-10.30.50:643][263]LogSlate: Window 'PB_Soldier01' being destroyed
[2023.09.26-10.31.07:772][363]LogD3D11RHI: Error: SwapChain->ResizeBuffers(0, SizeX, SizeY, RenderTargetFormat, SwapChainFlags) failed 
 at D:/Build/++UE4/Sync/Engine/Source/Runtime/Windows/D3D11RHI/Private/D3D11Viewport.cpp:298 
 with error DXGI_ERROR_DEVICE_REMOVED, 
 (Size=1621x921 Fullscreen=0 Format=DXGI_FORMAT_R10G10B10A2_UNORM(0x00000018)) -> (Size=1296x736 Fullscreen=0 Format=DXGI_FORMAT_R10G10B10A2_UNORM(0x00000018))
[2023.09.26-10.31.07:772][363]LogD3D11RHI: [Aftermath] GDynamicRHI=000001EB868256C0, GDX11NVAfterMathEnabled=0, Result=0xFFFFFFFF, bDeviceActive=0
[2023.09.26-10.31.07:772][363]LogOutputDevice: Warning: 

Script Stack (0 frames):

[2023.09.26-10.31.07:772][363]LogWindows: Windows GetLastError: Operacja ukończona pomyślnie. (0)
[2023.09.26-10.31.09:911][363]LogWindows: FPlatformMisc::RequestExit(0)
[2023.09.26-10.31.09:911][363]LogWindows: FPlatformMisc::RequestExitWithStatus(0, 0)
[2023.09.26-10.31.09:911][363]LogCore: Engine exit requested (reason: Win RequestExit)
[2023.09.26-10.31.09:912][363]LogWindows: FPlatformMisc::RequestExit(1)
[2023.09.26-10.31.09:912][363]LogWindows: FPlatformMisc::RequestExitWithStatus(1, 3)
[2023.09.26-10.31.09:912][363]LogCore: Engine exit requested (reason: Win RequestExit; note: exit was already requested)
[2023.09.26-10.31.09:913][363]Log file closed, 09/26/23 12:31:09
