Log file open, 09/23/23 14:47:04
LogWindows: Failed to load 'aqProf.dll' (GetLastError=126)
LogWindows: File 'aqProf.dll' does not exist
LogWindows: Failed to load 'VtuneApi.dll' (GetLastError=126)
LogWindows: File 'VtuneApi.dll' does not exist
LogWindows: Failed to load 'VtuneApi32e.dll' (GetLastError=126)
LogWindows: File 'VtuneApi32e.dll' does not exist
LogConsoleResponse: Display: Failed to find resolution value strings in scalability ini. Falling back to default.
LogConsoleResponse: Display: Failed to find resolution value strings in scalability ini. Falling back to default.
LogInit: Display: Running engine for game: TopDownShooterBsz
LogPlatformFile: Not using cached read wrapper
LogTaskGraph: Started task graph with 5 named threads and 23 total threads with 3 sets of task threads.
LogStats: Stats thread started at 0.233846
LogICUInternationalization: ICU TimeZone Detection - Raw Offset: +1:00, Platform Override: ''
LogInit: Display: Loading text-based GConfig....
LogPluginManager: Mounting plugin MeshPainting
LogPluginManager: Mounting plugin XGEController
LogPluginManager: Mounting plugin Paper2D
LogPluginManager: Mounting plugin EnvironmentQueryEditor
LogPluginManager: Mounting plugin AISupport
LogPluginManager: Mounting plugin CameraShakePreviewer
LogPluginManager: Mounting plugin LightPropagationVolume
LogPluginManager: Mounting plugin GameplayCameras
LogPluginManager: Mounting plugin AnimationSharing
LogPluginManager: Mounting plugin GitSourceControl
LogPluginManager: Mounting plugin CodeLiteSourceCodeAccess
LogPluginManager: Mounting plugin CLionSourceCodeAccess
LogPluginManager: Mounting plugin KDevelopSourceCodeAccess
LogPluginManager: Mounting plugin NullSourceCodeAccess
LogPluginManager: Mounting plugin PerforceSourceControl
LogPluginManager: Mounting plugin PixWinPlugin
LogPluginManager: Mounting plugin PlasticSourceControl
LogPluginManager: Mounting plugin PropertyAccessNode
LogPluginManager: Mounting plugin OodleData
LogPluginManager: Mounting plugin RiderSourceCodeAccess
LogPluginManager: Mounting plugin SubversionSourceControl
LogPluginManager: Mounting plugin TextureFormatOodle
LogPluginManager: Mounting plugin VisualStudioSourceCodeAccess
LogPluginManager: Mounting plugin UObjectPlugin
LogPluginManager: Mounting plugin XCodeSourceCodeAccess
LogPluginManager: Mounting plugin PluginUtils
LogPluginManager: Mounting plugin OodleNetwork
LogPluginManager: Mounting plugin AssetManagerEditor
LogPluginManager: Mounting plugin CurveEditorTools
LogPluginManager: Mounting plugin VisualStudioCodeSourceCodeAccess
LogPluginManager: Mounting plugin DataValidation
LogPluginManager: Mounting plugin FacialAnimation
LogPluginManager: Mounting plugin GeometryMode
LogPluginManager: Mounting plugin GameplayTagsEditor
LogPluginManager: Mounting plugin MacGraphicsSwitching
LogPluginManager: Mounting plugin MaterialAnalyzer
LogPluginManager: Mounting plugin MobileLauncherProfileWizard
LogPluginManager: Mounting plugin PluginBrowser
LogPluginManager: Mounting plugin SpeedTreeImporter
LogPluginManager: Mounting plugin Niagara
LogPluginManager: Mounting plugin DatasmithContent
LogPluginManager: Mounting plugin CryptoKeys
LogPluginManager: Mounting plugin VariantManagerContent
LogPluginManager: Mounting plugin LuminPlatformFeatures
LogPluginManager: Mounting plugin MagicLeap
LogPluginManager: Mounting plugin MagicLeapLightEstimation
LogPluginManager: Mounting plugin MagicLeapMedia
LogPluginManager: Mounting plugin MagicLeapPassableWorld
LogPluginManager: Mounting plugin MLSDK
LogPluginManager: Mounting plugin AlembicImporter
LogPluginManager: Mounting plugin AutomationUtils
LogPluginManager: Mounting plugin BackChannel
LogPluginManager: Mounting plugin ChaosCloth
LogPluginManager: Mounting plugin ChaosClothEditor
LogPluginManager: Mounting plugin ChaosNiagara
LogPluginManager: Mounting plugin ChaosSolverPlugin
LogPluginManager: Mounting plugin CharacterAI
LogPluginManager: Mounting plugin ChaosEditor
LogPluginManager: Mounting plugin GeometryCache
LogPluginManager: Mounting plugin AndroidMedia
LogPluginManager: Mounting plugin GeometryCollectionPlugin
LogPluginManager: Mounting plugin AvfMedia
LogPluginManager: Mounting plugin ImgMedia
LogPluginManager: Mounting plugin MediaCompositing
LogPluginManager: Mounting plugin MediaPlayerEditor
LogPluginManager: Mounting plugin WebMMedia
LogPluginManager: Mounting plugin WmfMedia
LogPluginManager: Mounting plugin GeometryProcessing
LogPluginManager: Mounting plugin MotoSynth
LogPluginManager: Mounting plugin OpenImageDenoise
LogPluginManager: Mounting plugin PlanarCut
LogPluginManager: Mounting plugin PlatformCrypto
LogPluginManager: Mounting plugin ProxyLODPlugin
LogPluginManager: Mounting plugin PythonScriptPlugin
LogPluginManager: Mounting plugin SkeletalReduction
LogPluginManager: Mounting plugin TcpMessaging
LogPluginManager: Mounting plugin UdpMessaging
LogPluginManager: Mounting plugin ActorSequence
LogPluginManager: Mounting plugin LevelSequenceEditor
LogPluginManager: Mounting plugin MatineeToLevelSequence
LogPluginManager: Mounting plugin TemplateSequence
LogPluginManager: Mounting plugin OnlineSubsystem
LogPluginManager: Mounting plugin OnlineSubsystemNull
LogPluginManager: Mounting plugin OnlineSubsystemUtils
LogPluginManager: Mounting plugin LauncherChunkInstaller
LogPluginManager: Mounting plugin ActorLayerUtilities
LogPluginManager: Mounting plugin AndroidDeviceProfileSelector
LogPluginManager: Mounting plugin AndroidMoviePlayer
LogPluginManager: Mounting plugin AndroidPermission
LogPluginManager: Mounting plugin AppleImageUtils
LogPluginManager: Mounting plugin AppleMoviePlayer
LogPluginManager: Mounting plugin ArchVisCharacter
LogPluginManager: Mounting plugin AssetTags
LogPluginManager: Mounting plugin AudioCapture
LogPluginManager: Mounting plugin AudioSynesthesia
LogPluginManager: Mounting plugin CableComponent
LogPluginManager: Mounting plugin ChunkDownloader
LogPluginManager: Mounting plugin CustomMeshComponent
LogPluginManager: Mounting plugin EditableMesh
LogPluginManager: Mounting plugin ExampleDeviceProfileSelector
LogPluginManager: Mounting plugin GoogleCloudMessaging
LogPluginManager: Mounting plugin GooglePAD
LogPluginManager: Mounting plugin ScreenshotTools
LogPluginManager: Mounting plugin IOSDeviceProfileSelector
LogPluginManager: Mounting plugin LinuxDeviceProfileSelector
LogPluginManager: Mounting plugin LocationServicesBPLibrary
LogPluginManager: Mounting plugin MobilePatchingUtils
LogPluginManager: Mounting plugin Takes
LogPluginManager: Mounting plugin OpenXR
LogPluginManager: Mounting plugin OpenXREyeTracker
LogPluginManager: Mounting plugin OpenXRHandTracking
LogPluginManager: Mounting plugin PhysXVehicles
LogPluginManager: Mounting plugin PostSplashScreen
LogPluginManager: Mounting plugin ProceduralMeshComponent
LogPluginManager: Mounting plugin PropertyAccessEditor
LogPluginManager: Mounting plugin RuntimePhysXCooking
LogPluginManager: Mounting plugin SignificanceManager
LogPluginManager: Mounting plugin SoundFields
LogPluginManager: Mounting plugin Synthesis
LogPluginManager: Mounting plugin WebMMoviePlayer
LogPluginManager: Mounting plugin WindowsMoviePlayer
LogPluginManager: Mounting plugin LiveLink
LogPluginManager: Mounting plugin ContentBrowserAssetDataSource
LogPluginManager: Mounting plugin ContentBrowserFileDataSource
LogPluginManager: Mounting plugin ContentBrowserClassDataSource
LogPluginManager: Mounting plugin OnlineSubsystemGooglePlay
LogPluginManager: Mounting plugin OnlineSubsystemIOS
LogPluginManager: Mounting plugin OculusVR
LogPluginManager: Mounting plugin SteamVR
PixWinPlugin: PIX capture plugin failed to initialize! Check that the process is launched from PIX.
LogInit: Using libcurl 7.55.1-DEV
LogInit:  - built for x86_64-pc-win32
LogInit:  - supports SSL with OpenSSL/1.1.1
LogInit:  - supports HTTP deflate (compression) using libz 1.2.8
LogInit:  - other features:
LogInit:      CURL_VERSION_SSL
LogInit:      CURL_VERSION_LIBZ
LogInit:      CURL_VERSION_IPV6
LogInit:      CURL_VERSION_ASYNCHDNS
LogInit:      CURL_VERSION_LARGEFILE
LogInit:      CURL_VERSION_IDN
LogInit:  CurlRequestOptions (configurable via config and command line):
LogInit:  - bVerifyPeer = true  - Libcurl will verify peer certificate
LogInit:  - bUseHttpProxy = false  - Libcurl will NOT use HTTP proxy
LogInit:  - bDontReuseConnections = false  - Libcurl will reuse connections
LogInit:  - MaxHostConnections = 16  - Libcurl will limit the number of connections to a host
LogInit:  - LocalHostAddr = Default
LogInit:  - BufferSize = 65536
LogOnline: OSS: Creating online subsystem instance for: NULL
LogInit: WinSock: version 1.1 (2.2), MaxSocks=32767, MaxUdp=65467
LogOnline: OSS: TryLoadSubsystemAndSetDefault: Loaded subsystem for module [NULL]
LogOculusPluginWrapper: OculusPlugin initialized successfully
LogHMD: Failed initializing OVRPlugin 1.59.0
LogInit: Build: ++UE4+Release-4.27-CL-18319896
LogInit: Engine Version: 4.27.2-18319896+++UE4+Release-4.27
LogInit: Compatible Engine Version: 4.27.0-17155196+++UE4+Release-4.27
LogInit: Net CL: 17155196
LogInit: OS: Windows 10 (Release 2009) (), CPU: 11th Gen Intel(R) Core(TM) i5-1135G7 @ 2.40GHz, GPU: Intel(R) Iris(R) Xe Graphics
LogInit: Compiled (64-bit): Nov 30 2021 07:12:08
LogInit: Compiled with Visual C++: 19.24.28315.00
LogInit: Build Configuration: Development
LogInit: Branch Name: ++UE4+Release-4.27
LogInit: Command Line: 
LogInit: Base Directory: C:/Program Files/Epic Games/UE_4.27/Engine/Binaries/Win64/
LogInit: Allocator: TBB
LogInit: Installed Engine Build: 1
LogDevObjectVersion: Number of dev versions registered: 29
LogDevObjectVersion:   Dev-Blueprints (B0D832E4-1F89-4F0D-ACCF-7EB736FD4AA2): 10
LogDevObjectVersion:   Dev-Build (E1C64328-A22C-4D53-A36C-8E866417BD8C): 0
LogDevObjectVersion:   Dev-Core (375EC13C-06E4-48FB-B500-84F0262A717E): 4
LogDevObjectVersion:   Dev-Editor (E4B068ED-F494-42E9-A231-DA0B2E46BB41): 40
LogDevObjectVersion:   Dev-Framework (CFFC743F-43B0-4480-9391-14DF171D2073): 37
LogDevObjectVersion:   Dev-Mobile (B02B49B5-BB20-44E9-A304-32B752E40360): 3
LogDevObjectVersion:   Dev-Networking (A4E4105C-59A1-49B5-A7C5-40C4547EDFEE): 0
LogDevObjectVersion:   Dev-Online (39C831C9-5AE6-47DC-9A44-9C173E1C8E7C): 0
LogDevObjectVersion:   Dev-Physics (78F01B33-EBEA-4F98-B9B4-84EACCB95AA2): 14
LogDevObjectVersion:   Dev-Platform (6631380F-2D4D-43E0-8009-CF276956A95A): 0
LogDevObjectVersion:   Dev-Rendering (12F88B9F-8875-4AFC-A67C-D90C383ABD29): 45
LogDevObjectVersion:   Dev-Sequencer (7B5AE74C-D270-4C10-A958-57980B212A5A): 13
LogDevObjectVersion:   Dev-VR (D7296918-1DD6-4BDD-9DE2-64A83CC13884): 3
LogDevObjectVersion:   Dev-LoadTimes (C2A15278-BFE7-4AFE-6C17-90FF531DF755): 1
LogDevObjectVersion:   Private-Geometry (6EACA3D4-40EC-4CC1-B786-8BED09428FC5): 3
LogDevObjectVersion:   Dev-AnimPhys (29E575DD-E0A3-4627-9D10-D276232CDCEA): 17
LogDevObjectVersion:   Dev-Anim (AF43A65D-7FD3-4947-9873-3E8ED9C1BB05): 15
LogDevObjectVersion:   Dev-ReflectionCapture (6B266CEC-1EC7-4B8F-A30B-E4D90942FC07): 1
LogDevObjectVersion:   Dev-Automation (0DF73D61-A23F-47EA-B727-89E90C41499A): 1
LogDevObjectVersion:   FortniteMain (601D1886-AC64-4F84-AA16-D3DE0DEAC7D6): 47
LogDevObjectVersion:   FortniteRelease (E7086368-6B23-4C58-8439-1B7016265E91): 1
LogDevObjectVersion:   Dev-Enterprise (9DFFBCD6-494F-0158-E221-12823C92A888): 10
LogDevObjectVersion:   Dev-Niagara (F2AED0AC-9AFE-416F-8664-AA7FFA26D6FC): 1
LogDevObjectVersion:   Dev-Destruction (174F1F0B-B4C6-45A5-B13F-2EE8D0FB917D): 10
LogDevObjectVersion:   Dev-Physics-Ext (35F94A83-E258-406C-A318-09F59610247C): 41
LogDevObjectVersion:   Dev-PhysicsMaterial-Chaos (B68FC16E-8B1B-42E2-B453-215C058844FE): 1
LogDevObjectVersion:   Dev-CineCamera (B2E18506-4273-CFC2-A54E-F4BB758BBA07): 1
LogDevObjectVersion:   Dev-VirtualProduction (64F58936-FD1B-42BA-BA96-7289D5D0FA4E): 1
LogDevObjectVersion:   Dev-MediaFramework (6F0ED827-A609-4895-9C91-998D90180EA4): 2
LogInit: Presizing for max 25165824 objects, including 0 objects not considered by GC, pre-allocating 0 bytes for permanent pool.
LogConfig: Applying CVar settings from Section [/Script/Engine.StreamingSettings] File [C:/Users/1465500/Documents/GitHub/Shoter/TopDownShooterBsz/Saved/Config/Windows/Engine.ini]
LogConfig: Setting CVar [[s.MinBulkDataSizeForAsyncLoading:131072]]
LogConfig: Setting CVar [[s.AsyncLoadingThreadEnabled:0]]
LogConfig: Setting CVar [[s.EventDrivenLoaderEnabled:1]]
LogConfig: Setting CVar [[s.WarnIfTimeLimitExceeded:0]]
LogConfig: Setting CVar [[s.TimeLimitExceededMultiplier:1.5]]
LogConfig: Setting CVar [[s.TimeLimitExceededMinTime:0.005]]
LogConfig: Setting CVar [[s.UseBackgroundLevelStreaming:1]]
LogConfig: Setting CVar [[s.PriorityAsyncLoadingExtraTime:15.0]]
LogConfig: Setting CVar [[s.LevelStreamingActorsUpdateTimeLimit:5.0]]
LogConfig: Setting CVar [[s.PriorityLevelStreamingActorsUpdateExtraTime:5.0]]
LogConfig: Setting CVar [[s.LevelStreamingComponentsRegistrationGranularity:10]]
LogConfig: Setting CVar [[s.UnregisterComponentsTimeLimit:1.0]]
LogConfig: Setting CVar [[s.LevelStreamingComponentsUnregistrationGranularity:5]]
LogConfig: Setting CVar [[s.FlushStreamingOnExit:1]]
LogInit: Object subsystem initialized
LogConfig: Setting CVar [[con.DebugEarlyDefault:1]]
LogConfig: Setting CVar [[r.setres:1280x720]]
[2023.09.23-12.47.05:135][  0]LogConfig: Setting CVar [[r.VSync:0]]
[2023.09.23-12.47.05:135][  0]LogConfig: Setting CVar [[r.RHICmdBypass:0]]
[2023.09.23-12.47.05:135][  0]LogConfig: Applying CVar settings from Section [/Script/Engine.RendererSettings] File [C:/Users/1465500/Documents/GitHub/Shoter/TopDownShooterBsz/Saved/Config/Windows/Engine.ini]
[2023.09.23-12.47.05:135][  0]LogConfig: Setting CVar [[r.GPUCrashDebugging:0]]
[2023.09.23-12.47.05:135][  0]LogConfig: Applying CVar settings from Section [/Script/Engine.RendererOverrideSettings] File [C:/Users/1465500/Documents/GitHub/Shoter/TopDownShooterBsz/Saved/Config/Windows/Engine.ini]
[2023.09.23-12.47.05:135][  0]LogConfig: Applying CVar settings from Section [/Script/Engine.StreamingSettings] File [C:/Users/1465500/Documents/GitHub/Shoter/TopDownShooterBsz/Saved/Config/Windows/Engine.ini]
[2023.09.23-12.47.05:135][  0]LogConfig: Setting CVar [[s.MinBulkDataSizeForAsyncLoading:131072]]
[2023.09.23-12.47.05:135][  0]LogConfig: Setting CVar [[s.AsyncLoadingThreadEnabled:0]]
[2023.09.23-12.47.05:135][  0]LogConfig: Setting CVar [[s.EventDrivenLoaderEnabled:1]]
[2023.09.23-12.47.05:135][  0]LogConfig: Setting CVar [[s.WarnIfTimeLimitExceeded:0]]
[2023.09.23-12.47.05:135][  0]LogConfig: Setting CVar [[s.TimeLimitExceededMultiplier:1.5]]
[2023.09.23-12.47.05:135][  0]LogConfig: Setting CVar [[s.TimeLimitExceededMinTime:0.005]]
[2023.09.23-12.47.05:135][  0]LogConfig: Setting CVar [[s.UseBackgroundLevelStreaming:1]]
[2023.09.23-12.47.05:135][  0]LogConfig: Setting CVar [[s.PriorityAsyncLoadingExtraTime:15.0]]
[2023.09.23-12.47.05:135][  0]LogConfig: Setting CVar [[s.LevelStreamingActorsUpdateTimeLimit:5.0]]
[2023.09.23-12.47.05:135][  0]LogConfig: Setting CVar [[s.PriorityLevelStreamingActorsUpdateExtraTime:5.0]]
[2023.09.23-12.47.05:135][  0]LogConfig: Setting CVar [[s.LevelStreamingComponentsRegistrationGranularity:10]]
[2023.09.23-12.47.05:135][  0]LogConfig: Setting CVar [[s.UnregisterComponentsTimeLimit:1.0]]
[2023.09.23-12.47.05:135][  0]LogConfig: Setting CVar [[s.LevelStreamingComponentsUnregistrationGranularity:5]]
[2023.09.23-12.47.05:135][  0]LogConfig: Setting CVar [[s.FlushStreamingOnExit:1]]
[2023.09.23-12.47.05:135][  0]LogConfig: Applying CVar settings from Section [/Script/Engine.GarbageCollectionSettings] File [C:/Users/1465500/Documents/GitHub/Shoter/TopDownShooterBsz/Saved/Config/Windows/Engine.ini]
[2023.09.23-12.47.05:135][  0]LogConfig: Setting CVar [[gc.MaxObjectsNotConsideredByGC:1]]
[2023.09.23-12.47.05:135][  0]LogConfig: Setting CVar [[gc.SizeOfPermanentObjectPool:0]]
[2023.09.23-12.47.05:135][  0]LogConfig: Setting CVar [[gc.FlushStreamingOnGC:0]]
[2023.09.23-12.47.05:135][  0]LogConfig: Setting CVar [[gc.NumRetriesBeforeForcingGC:10]]
[2023.09.23-12.47.05:135][  0]LogConfig: Setting CVar [[gc.AllowParallelGC:1]]
[2023.09.23-12.47.05:135][  0]LogConfig: Setting CVar [[gc.TimeBetweenPurgingPendingKillObjects:61.1]]
[2023.09.23-12.47.05:135][  0]LogConfig: Setting CVar [[gc.MaxObjectsInEditor:25165824]]
[2023.09.23-12.47.05:135][  0]LogConfig: Setting CVar [[gc.IncrementalBeginDestroyEnabled:1]]
[2023.09.23-12.47.05:135][  0]LogConfig: Setting CVar [[gc.CreateGCClusters:1]]
[2023.09.23-12.47.05:135][  0]LogConfig: Setting CVar [[gc.MinGCClusterSize:5]]
[2023.09.23-12.47.05:135][  0]LogConfig: Setting CVar [[gc.ActorClusteringEnabled:0]]
[2023.09.23-12.47.05:135][  0]LogConfig: Setting CVar [[gc.BlueprintClusteringEnabled:0]]
[2023.09.23-12.47.05:135][  0]LogConfig: Setting CVar [[gc.UseDisregardForGCOnDedicatedServers:0]]
[2023.09.23-12.47.05:135][  0]LogConfig: Setting CVar [[gc.MultithreadedDestructionEnabled:1]]
[2023.09.23-12.47.05:135][  0]LogConfig: Applying CVar settings from Section [/Script/Engine.NetworkSettings] File [C:/Users/1465500/Documents/GitHub/Shoter/TopDownShooterBsz/Saved/Config/Windows/Engine.ini]
[2023.09.23-12.47.05:135][  0]LogConfig: Applying CVar settings from Section [/Script/UnrealEd.CookerSettings] File [C:/Users/1465500/Documents/GitHub/Shoter/TopDownShooterBsz/Saved/Config/Windows/Engine.ini]
[2023.09.23-12.47.05:139][  0]LogConfig: Applying CVar settings from Section [ViewDistanceQuality@3] File [C:/Users/1465500/Documents/GitHub/Shoter/TopDownShooterBsz/Saved/Config/Windows/Scalability.ini]
[2023.09.23-12.47.05:139][  0]LogConfig: Setting CVar [[r.SkeletalMeshLODBias:0]]
[2023.09.23-12.47.05:139][  0]LogConfig: Setting CVar [[r.ViewDistanceScale:1.0]]
[2023.09.23-12.47.05:139][  0]LogConfig: Applying CVar settings from Section [AntiAliasingQuality@3] File [C:/Users/1465500/Documents/GitHub/Shoter/TopDownShooterBsz/Saved/Config/Windows/Scalability.ini]
[2023.09.23-12.47.05:139][  0]LogConfig: Setting CVar [[r.PostProcessAAQuality:4]]
[2023.09.23-12.47.05:139][  0]LogConfig: Applying CVar settings from Section [ShadowQuality@3] File [C:/Users/1465500/Documents/GitHub/Shoter/TopDownShooterBsz/Saved/Config/Windows/Scalability.ini]
[2023.09.23-12.47.05:139][  0]LogConfig: Setting CVar [[r.LightFunctionQuality:1]]
[2023.09.23-12.47.05:139][  0]LogConfig: Setting CVar [[r.ShadowQuality:5]]
[2023.09.23-12.47.05:139][  0]LogConfig: Setting CVar [[r.Shadow.CSM.MaxCascades:10]]
[2023.09.23-12.47.05:139][  0]LogConfig: Setting CVar [[r.Shadow.MaxResolution:2048]]
[2023.09.23-12.47.05:139][  0]LogConfig: Setting CVar [[r.Shadow.MaxCSMResolution:2048]]
[2023.09.23-12.47.05:139][  0]LogConfig: Setting CVar [[r.Shadow.RadiusThreshold:0.01]]
[2023.09.23-12.47.05:139][  0]LogConfig: Setting CVar [[r.Shadow.DistanceScale:1.0]]
[2023.09.23-12.47.05:139][  0]LogConfig: Setting CVar [[r.Shadow.CSM.TransitionScale:1.0]]
[2023.09.23-12.47.05:139][  0]LogConfig: Setting CVar [[r.Shadow.PreShadowResolutionFactor:1.0]]
[2023.09.23-12.47.05:139][  0]LogConfig: Setting CVar [[r.DistanceFieldShadowing:1]]
[2023.09.23-12.47.05:139][  0]LogConfig: Setting CVar [[r.DistanceFieldAO:1]]
[2023.09.23-12.47.05:139][  0]LogConfig: Setting CVar [[r.AOQuality:2]]
[2023.09.23-12.47.05:139][  0]LogConfig: Setting CVar [[r.VolumetricFog:1]]
[2023.09.23-12.47.05:139][  0]LogConfig: Setting CVar [[r.VolumetricFog.GridPixelSize:8]]
[2023.09.23-12.47.05:139][  0]LogConfig: Setting CVar [[r.VolumetricFog.GridSizeZ:128]]
[2023.09.23-12.47.05:139][  0]LogConfig: Setting CVar [[r.VolumetricFog.HistoryMissSupersampleCount:4]]
[2023.09.23-12.47.05:139][  0]LogConfig: Setting CVar [[r.LightMaxDrawDistanceScale:1]]
[2023.09.23-12.47.05:139][  0]LogConfig: Setting CVar [[r.CapsuleShadows:1]]
[2023.09.23-12.47.05:139][  0]LogConfig: Applying CVar settings from Section [PostProcessQuality@3] File [C:/Users/1465500/Documents/GitHub/Shoter/TopDownShooterBsz/Saved/Config/Windows/Scalability.ini]
[2023.09.23-12.47.05:139][  0]LogConfig: Setting CVar [[r.MotionBlurQuality:4]]
[2023.09.23-12.47.05:139][  0]LogConfig: Setting CVar [[r.AmbientOcclusionMipLevelFactor:0.4]]
[2023.09.23-12.47.05:139][  0]LogConfig: Setting CVar [[r.AmbientOcclusionMaxQuality:100]]
[2023.09.23-12.47.05:139][  0]LogConfig: Setting CVar [[r.AmbientOcclusionLevels:-1]]
[2023.09.23-12.47.05:139][  0]LogConfig: Setting CVar [[r.AmbientOcclusionRadiusScale:1.0]]
[2023.09.23-12.47.05:139][  0]LogConfig: Setting CVar [[r.DepthOfFieldQuality:2]]
[2023.09.23-12.47.05:139][  0]LogConfig: Setting CVar [[r.RenderTargetPoolMin:400]]
[2023.09.23-12.47.05:139][  0]LogConfig: Setting CVar [[r.LensFlareQuality:2]]
[2023.09.23-12.47.05:139][  0]LogConfig: Setting CVar [[r.SceneColorFringeQuality:1]]
[2023.09.23-12.47.05:139][  0]LogConfig: Setting CVar [[r.EyeAdaptationQuality:2]]
[2023.09.23-12.47.05:139][  0]LogConfig: Setting CVar [[r.BloomQuality:5]]
[2023.09.23-12.47.05:139][  0]LogConfig: Setting CVar [[r.FastBlurThreshold:100]]
[2023.09.23-12.47.05:139][  0]LogConfig: Setting CVar [[r.Upscale.Quality:3]]
[2023.09.23-12.47.05:139][  0]LogConfig: Setting CVar [[r.Tonemapper.GrainQuantization:1]]
[2023.09.23-12.47.05:139][  0]LogConfig: Setting CVar [[r.LightShaftQuality:1]]
[2023.09.23-12.47.05:139][  0]LogConfig: Setting CVar [[r.Filter.SizeScale:1]]
[2023.09.23-12.47.05:139][  0]LogConfig: Setting CVar [[r.Tonemapper.Quality:5]]
[2023.09.23-12.47.05:139][  0]LogConfig: Setting CVar [[r.DOF.Gather.AccumulatorQuality:1        ; higher gathering accumulator quality]]
[2023.09.23-12.47.05:139][  0]LogConfig: Setting CVar [[r.DOF.Gather.PostfilterMethod:1          ; Median3x3 postfilering method]]
[2023.09.23-12.47.05:139][  0]LogConfig: Setting CVar [[r.DOF.Gather.EnableBokehSettings:0       ; no bokeh simulation when gathering]]
[2023.09.23-12.47.05:139][  0]LogConfig: Setting CVar [[r.DOF.Gather.RingCount:4                 ; medium number of samples when gathering]]
[2023.09.23-12.47.05:139][  0]LogConfig: Setting CVar [[r.DOF.Scatter.ForegroundCompositing:1    ; additive foreground scattering]]
[2023.09.23-12.47.05:139][  0]LogConfig: Setting CVar [[r.DOF.Scatter.BackgroundCompositing:2    ; additive background scattering]]
[2023.09.23-12.47.05:139][  0]LogConfig: Setting CVar [[r.DOF.Scatter.EnableBokehSettings:1      ; bokeh simulation when scattering]]
[2023.09.23-12.47.05:139][  0]LogConfig: Setting CVar [[r.DOF.Scatter.MaxSpriteRatio:0.1         ; only a maximum of 10% of scattered bokeh]]
[2023.09.23-12.47.05:139][  0]LogConfig: Setting CVar [[r.DOF.Recombine.Quality:1                ; cheap slight out of focus]]
[2023.09.23-12.47.05:139][  0]LogConfig: Setting CVar [[r.DOF.Recombine.EnableBokehSettings:0    ; no bokeh simulation on slight out of focus]]
[2023.09.23-12.47.05:139][  0]LogConfig: Setting CVar [[r.DOF.TemporalAAQuality:1                ; more stable temporal accumulation]]
[2023.09.23-12.47.05:139][  0]LogConfig: Setting CVar [[r.DOF.Kernel.MaxForegroundRadius:0.025]]
[2023.09.23-12.47.05:139][  0]LogConfig: Setting CVar [[r.DOF.Kernel.MaxBackgroundRadius:0.025]]
[2023.09.23-12.47.05:139][  0]LogConfig: Applying CVar settings from Section [TextureQuality@3] File [C:/Users/1465500/Documents/GitHub/Shoter/TopDownShooterBsz/Saved/Config/Windows/Scalability.ini]
[2023.09.23-12.47.05:139][  0]LogConfig: Setting CVar [[r.Streaming.MipBias:0]]
[2023.09.23-12.47.05:139][  0]LogConfig: Setting CVar [[r.Streaming.AmortizeCPUToGPUCopy:0]]
[2023.09.23-12.47.05:139][  0]LogConfig: Setting CVar [[r.Streaming.MaxNumTexturesToStreamPerFrame:0]]
[2023.09.23-12.47.05:139][  0]LogConfig: Setting CVar [[r.Streaming.Boost:1]]
[2023.09.23-12.47.05:139][  0]LogConfig: Setting CVar [[r.MaxAnisotropy:8]]
[2023.09.23-12.47.05:139][  0]LogConfig: Setting CVar [[r.VT.MaxAnisotropy:8]]
[2023.09.23-12.47.05:139][  0]LogConfig: Setting CVar [[r.Streaming.LimitPoolSizeToVRAM:0]]
[2023.09.23-12.47.05:139][  0]LogConfig: Setting CVar [[r.Streaming.PoolSize:1000]]
[2023.09.23-12.47.05:139][  0]LogConfig: Setting CVar [[r.Streaming.MaxEffectiveScreenSize:0]]
[2023.09.23-12.47.05:139][  0]LogConfig: Applying CVar settings from Section [EffectsQuality@3] File [C:/Users/1465500/Documents/GitHub/Shoter/TopDownShooterBsz/Saved/Config/Windows/Scalability.ini]
[2023.09.23-12.47.05:139][  0]LogConfig: Setting CVar [[r.TranslucencyLightingVolumeDim:64]]
[2023.09.23-12.47.05:139][  0]LogConfig: Setting CVar [[r.RefractionQuality:2]]
[2023.09.23-12.47.05:139][  0]LogConfig: Setting CVar [[r.SSR.Quality:3]]
[2023.09.23-12.47.05:139][  0]LogConfig: Setting CVar [[r.SSR.HalfResSceneColor:0]]
[2023.09.23-12.47.05:139][  0]LogConfig: Setting CVar [[r.SceneColorFormat:4]]
[2023.09.23-12.47.05:139][  0]LogConfig: Setting CVar [[r.DetailMode:2]]
[2023.09.23-12.47.05:139][  0]LogConfig: Setting CVar [[r.TranslucencyVolumeBlur:1]]
[2023.09.23-12.47.05:139][  0]LogConfig: Setting CVar [[r.MaterialQualityLevel:1 ; High quality]]
[2023.09.23-12.47.05:140][  0]LogConfig: Setting CVar [[r.AnisotropicMaterials:1]]
[2023.09.23-12.47.05:140][  0]LogConfig: Setting CVar [[r.SSS.Scale:1]]
[2023.09.23-12.47.05:140][  0]LogConfig: Setting CVar [[r.SSS.SampleSet:2]]
[2023.09.23-12.47.05:140][  0]LogConfig: Setting CVar [[r.SSS.Quality:1]]
[2023.09.23-12.47.05:140][  0]LogConfig: Setting CVar [[r.SSS.HalfRes:0]]
[2023.09.23-12.47.05:140][  0]LogConfig: Setting CVar [[r.SSGI.Quality:3]]
[2023.09.23-12.47.05:140][  0]LogConfig: Setting CVar [[r.EmitterSpawnRateScale:1.0]]
[2023.09.23-12.47.05:140][  0]LogConfig: Setting CVar [[r.ParticleLightQuality:2]]
[2023.09.23-12.47.05:140][  0]LogConfig: Setting CVar [[r.SkyAtmosphere.AerialPerspectiveLUT.FastApplyOnOpaque:1 ; Always have FastSkyLUT 1 in this case to avoid wrong sky]]
[2023.09.23-12.47.05:140][  0]LogConfig: Setting CVar [[r.SkyAtmosphere.AerialPerspectiveLUT.SampleCountMaxPerSlice:4]]
[2023.09.23-12.47.05:140][  0]LogConfig: Setting CVar [[r.SkyAtmosphere.AerialPerspectiveLUT.DepthResolution:16.0]]
[2023.09.23-12.47.05:140][  0]LogConfig: Setting CVar [[r.SkyAtmosphere.FastSkyLUT:1]]
[2023.09.23-12.47.05:140][  0]LogConfig: Setting CVar [[r.SkyAtmosphere.FastSkyLUT.SampleCountMin:4.0]]
[2023.09.23-12.47.05:140][  0]LogConfig: Setting CVar [[r.SkyAtmosphere.FastSkyLUT.SampleCountMax:128.0]]
[2023.09.23-12.47.05:140][  0]LogConfig: Setting CVar [[r.SkyAtmosphere.SampleCountMin:4.0]]
[2023.09.23-12.47.05:140][  0]LogConfig: Setting CVar [[r.SkyAtmosphere.SampleCountMax:128.0]]
[2023.09.23-12.47.05:140][  0]LogConfig: Setting CVar [[r.SkyAtmosphere.TransmittanceLUT.UseSmallFormat:0]]
[2023.09.23-12.47.05:140][  0]LogConfig: Setting CVar [[r.SkyAtmosphere.TransmittanceLUT.SampleCount:10.0]]
[2023.09.23-12.47.05:140][  0]LogConfig: Setting CVar [[r.SkyAtmosphere.MultiScatteringLUT.SampleCount:15.0]]
[2023.09.23-12.47.05:140][  0]LogConfig: Setting CVar [[r.SkyLight.RealTimeReflectionCapture:1]]
[2023.09.23-12.47.05:140][  0]LogConfig: Applying CVar settings from Section [FoliageQuality@3] File [C:/Users/1465500/Documents/GitHub/Shoter/TopDownShooterBsz/Saved/Config/Windows/Scalability.ini]
[2023.09.23-12.47.05:140][  0]LogConfig: Setting CVar [[foliage.DensityScale:1.0]]
[2023.09.23-12.47.05:140][  0]LogConfig: Setting CVar [[grass.DensityScale:1.0]]
[2023.09.23-12.47.05:140][  0]LogConfig: Applying CVar settings from Section [ShadingQuality@3] File [C:/Users/1465500/Documents/GitHub/Shoter/TopDownShooterBsz/Saved/Config/Windows/Scalability.ini]
[2023.09.23-12.47.05:140][  0]LogConfig: Setting CVar [[r.HairStrands.SkyLighting.IntegrationType:2]]
[2023.09.23-12.47.05:140][  0]LogConfig: Setting CVar [[r.HairStrands.SkyAO.SampleCount:4]]
[2023.09.23-12.47.05:140][  0]LogConfig: Setting CVar [[r.HairStrands.Visibility.MSAA.SamplePerPixel:4]]
[2023.09.23-12.47.05:140][  0]LogInit: Selected Device Profile: [Windows]
[2023.09.23-12.47.05:140][  0]LogInit: Applying CVar settings loaded from the selected device profile: [Windows]
[2023.09.23-12.47.05:140][  0]LogHAL: Display: Platform has ~ 16 GB [16859500544 / 17179869184 / 16], which maps to Larger [LargestMinGB=32, LargerMinGB=12, DefaultMinGB=8, SmallerMinGB=6, SmallestMinGB=0)
[2023.09.23-12.47.05:140][  0]LogInit: Going up to parent DeviceProfile []
[2023.09.23-12.47.05:140][  0]LogConfig: Applying CVar settings from Section [ViewDistanceQuality@3] File [C:/Users/1465500/Documents/GitHub/Shoter/TopDownShooterBsz/Saved/Config/Windows/Scalability.ini]
[2023.09.23-12.47.05:140][  0]LogConfig: Setting CVar [[r.SkeletalMeshLODBias:0]]
[2023.09.23-12.47.05:140][  0]LogConfig: Setting CVar [[r.ViewDistanceScale:1.0]]
[2023.09.23-12.47.05:140][  0]LogConfig: Applying CVar settings from Section [AntiAliasingQuality@3] File [C:/Users/1465500/Documents/GitHub/Shoter/TopDownShooterBsz/Saved/Config/Windows/Scalability.ini]
[2023.09.23-12.47.05:140][  0]LogConfig: Setting CVar [[r.PostProcessAAQuality:4]]
[2023.09.23-12.47.05:140][  0]LogConfig: Applying CVar settings from Section [ShadowQuality@3] File [C:/Users/1465500/Documents/GitHub/Shoter/TopDownShooterBsz/Saved/Config/Windows/Scalability.ini]
[2023.09.23-12.47.05:140][  0]LogConfig: Setting CVar [[r.LightFunctionQuality:1]]
[2023.09.23-12.47.05:140][  0]LogConfig: Setting CVar [[r.ShadowQuality:5]]
[2023.09.23-12.47.05:140][  0]LogConfig: Setting CVar [[r.Shadow.CSM.MaxCascades:10]]
[2023.09.23-12.47.05:140][  0]LogConfig: Setting CVar [[r.Shadow.MaxResolution:2048]]
[2023.09.23-12.47.05:140][  0]LogConfig: Setting CVar [[r.Shadow.MaxCSMResolution:2048]]
[2023.09.23-12.47.05:140][  0]LogConfig: Setting CVar [[r.Shadow.RadiusThreshold:0.01]]
[2023.09.23-12.47.05:140][  0]LogConfig: Setting CVar [[r.Shadow.DistanceScale:1.0]]
[2023.09.23-12.47.05:140][  0]LogConfig: Setting CVar [[r.Shadow.CSM.TransitionScale:1.0]]
[2023.09.23-12.47.05:140][  0]LogConfig: Setting CVar [[r.Shadow.PreShadowResolutionFactor:1.0]]
[2023.09.23-12.47.05:140][  0]LogConfig: Setting CVar [[r.DistanceFieldShadowing:1]]
[2023.09.23-12.47.05:140][  0]LogConfig: Setting CVar [[r.DistanceFieldAO:1]]
[2023.09.23-12.47.05:140][  0]LogConfig: Setting CVar [[r.AOQuality:2]]
[2023.09.23-12.47.05:140][  0]LogConfig: Setting CVar [[r.VolumetricFog:1]]
[2023.09.23-12.47.05:140][  0]LogConfig: Setting CVar [[r.VolumetricFog.GridPixelSize:8]]
[2023.09.23-12.47.05:140][  0]LogConfig: Setting CVar [[r.VolumetricFog.GridSizeZ:128]]
[2023.09.23-12.47.05:140][  0]LogConfig: Setting CVar [[r.VolumetricFog.HistoryMissSupersampleCount:4]]
[2023.09.23-12.47.05:140][  0]LogConfig: Setting CVar [[r.LightMaxDrawDistanceScale:1]]
[2023.09.23-12.47.05:140][  0]LogConfig: Setting CVar [[r.CapsuleShadows:1]]
[2023.09.23-12.47.05:140][  0]LogConfig: Applying CVar settings from Section [PostProcessQuality@3] File [C:/Users/1465500/Documents/GitHub/Shoter/TopDownShooterBsz/Saved/Config/Windows/Scalability.ini]
[2023.09.23-12.47.05:140][  0]LogConfig: Setting CVar [[r.MotionBlurQuality:4]]
[2023.09.23-12.47.05:140][  0]LogConfig: Setting CVar [[r.AmbientOcclusionMipLevelFactor:0.4]]
[2023.09.23-12.47.05:140][  0]LogConfig: Setting CVar [[r.AmbientOcclusionMaxQuality:100]]
[2023.09.23-12.47.05:140][  0]LogConfig: Setting CVar [[r.AmbientOcclusionLevels:-1]]
[2023.09.23-12.47.05:140][  0]LogConfig: Setting CVar [[r.AmbientOcclusionRadiusScale:1.0]]
[2023.09.23-12.47.05:140][  0]LogConfig: Setting CVar [[r.DepthOfFieldQuality:2]]
[2023.09.23-12.47.05:140][  0]LogConfig: Setting CVar [[r.RenderTargetPoolMin:400]]
[2023.09.23-12.47.05:140][  0]LogConfig: Setting CVar [[r.LensFlareQuality:2]]
[2023.09.23-12.47.05:140][  0]LogConfig: Setting CVar [[r.SceneColorFringeQuality:1]]
[2023.09.23-12.47.05:140][  0]LogConfig: Setting CVar [[r.EyeAdaptationQuality:2]]
[2023.09.23-12.47.05:140][  0]LogConfig: Setting CVar [[r.BloomQuality:5]]
[2023.09.23-12.47.05:140][  0]LogConfig: Setting CVar [[r.FastBlurThreshold:100]]
[2023.09.23-12.47.05:140][  0]LogConfig: Setting CVar [[r.Upscale.Quality:3]]
[2023.09.23-12.47.05:140][  0]LogConfig: Setting CVar [[r.Tonemapper.GrainQuantization:1]]
[2023.09.23-12.47.05:140][  0]LogConfig: Setting CVar [[r.LightShaftQuality:1]]
[2023.09.23-12.47.05:140][  0]LogConfig: Setting CVar [[r.Filter.SizeScale:1]]
[2023.09.23-12.47.05:140][  0]LogConfig: Setting CVar [[r.Tonemapper.Quality:5]]
[2023.09.23-12.47.05:140][  0]LogConfig: Setting CVar [[r.DOF.Gather.AccumulatorQuality:1        ; higher gathering accumulator quality]]
[2023.09.23-12.47.05:140][  0]LogConfig: Setting CVar [[r.DOF.Gather.PostfilterMethod:1          ; Median3x3 postfilering method]]
[2023.09.23-12.47.05:140][  0]LogConfig: Setting CVar [[r.DOF.Gather.EnableBokehSettings:0       ; no bokeh simulation when gathering]]
[2023.09.23-12.47.05:140][  0]LogConfig: Setting CVar [[r.DOF.Gather.RingCount:4                 ; medium number of samples when gathering]]
[2023.09.23-12.47.05:140][  0]LogConfig: Setting CVar [[r.DOF.Scatter.ForegroundCompositing:1    ; additive foreground scattering]]
[2023.09.23-12.47.05:140][  0]LogConfig: Setting CVar [[r.DOF.Scatter.BackgroundCompositing:2    ; additive background scattering]]
[2023.09.23-12.47.05:140][  0]LogConfig: Setting CVar [[r.DOF.Scatter.EnableBokehSettings:1      ; bokeh simulation when scattering]]
[2023.09.23-12.47.05:140][  0]LogConfig: Setting CVar [[r.DOF.Scatter.MaxSpriteRatio:0.1         ; only a maximum of 10% of scattered bokeh]]
[2023.09.23-12.47.05:140][  0]LogConfig: Setting CVar [[r.DOF.Recombine.Quality:1                ; cheap slight out of focus]]
[2023.09.23-12.47.05:140][  0]LogConfig: Setting CVar [[r.DOF.Recombine.EnableBokehSettings:0    ; no bokeh simulation on slight out of focus]]
[2023.09.23-12.47.05:140][  0]LogConfig: Setting CVar [[r.DOF.TemporalAAQuality:1                ; more stable temporal accumulation]]
[2023.09.23-12.47.05:140][  0]LogConfig: Setting CVar [[r.DOF.Kernel.MaxForegroundRadius:0.025]]
[2023.09.23-12.47.05:140][  0]LogConfig: Setting CVar [[r.DOF.Kernel.MaxBackgroundRadius:0.025]]
[2023.09.23-12.47.05:140][  0]LogConfig: Applying CVar settings from Section [TextureQuality@3] File [C:/Users/1465500/Documents/GitHub/Shoter/TopDownShooterBsz/Saved/Config/Windows/Scalability.ini]
[2023.09.23-12.47.05:140][  0]LogConfig: Setting CVar [[r.Streaming.MipBias:0]]
[2023.09.23-12.47.05:140][  0]LogConfig: Setting CVar [[r.Streaming.AmortizeCPUToGPUCopy:0]]
[2023.09.23-12.47.05:140][  0]LogConfig: Setting CVar [[r.Streaming.MaxNumTexturesToStreamPerFrame:0]]
[2023.09.23-12.47.05:140][  0]LogConfig: Setting CVar [[r.Streaming.Boost:1]]
[2023.09.23-12.47.05:140][  0]LogConfig: Setting CVar [[r.MaxAnisotropy:8]]
[2023.09.23-12.47.05:140][  0]LogConfig: Setting CVar [[r.VT.MaxAnisotropy:8]]
[2023.09.23-12.47.05:140][  0]LogConfig: Setting CVar [[r.Streaming.LimitPoolSizeToVRAM:0]]
[2023.09.23-12.47.05:140][  0]LogConfig: Setting CVar [[r.Streaming.PoolSize:1000]]
[2023.09.23-12.47.05:140][  0]LogConfig: Setting CVar [[r.Streaming.MaxEffectiveScreenSize:0]]
[2023.09.23-12.47.05:140][  0]LogConfig: Applying CVar settings from Section [EffectsQuality@3] File [C:/Users/1465500/Documents/GitHub/Shoter/TopDownShooterBsz/Saved/Config/Windows/Scalability.ini]
[2023.09.23-12.47.05:141][  0]LogConfig: Setting CVar [[r.TranslucencyLightingVolumeDim:64]]
[2023.09.23-12.47.05:141][  0]LogConfig: Setting CVar [[r.RefractionQuality:2]]
[2023.09.23-12.47.05:141][  0]LogConfig: Setting CVar [[r.SSR.Quality:3]]
[2023.09.23-12.47.05:141][  0]LogConfig: Setting CVar [[r.SSR.HalfResSceneColor:0]]
[2023.09.23-12.47.05:141][  0]LogConfig: Setting CVar [[r.SceneColorFormat:4]]
[2023.09.23-12.47.05:141][  0]LogConfig: Setting CVar [[r.DetailMode:2]]
[2023.09.23-12.47.05:141][  0]LogConfig: Setting CVar [[r.TranslucencyVolumeBlur:1]]
[2023.09.23-12.47.05:141][  0]LogConfig: Setting CVar [[r.MaterialQualityLevel:1 ; High quality]]
[2023.09.23-12.47.05:141][  0]LogConfig: Setting CVar [[r.AnisotropicMaterials:1]]
[2023.09.23-12.47.05:141][  0]LogConfig: Setting CVar [[r.SSS.Scale:1]]
[2023.09.23-12.47.05:141][  0]LogConfig: Setting CVar [[r.SSS.SampleSet:2]]
[2023.09.23-12.47.05:141][  0]LogConfig: Setting CVar [[r.SSS.Quality:1]]
[2023.09.23-12.47.05:141][  0]LogConfig: Setting CVar [[r.SSS.HalfRes:0]]
[2023.09.23-12.47.05:141][  0]LogConfig: Setting CVar [[r.SSGI.Quality:3]]
[2023.09.23-12.47.05:141][  0]LogConfig: Setting CVar [[r.EmitterSpawnRateScale:1.0]]
[2023.09.23-12.47.05:141][  0]LogConfig: Setting CVar [[r.ParticleLightQuality:2]]
[2023.09.23-12.47.05:141][  0]LogConfig: Setting CVar [[r.SkyAtmosphere.AerialPerspectiveLUT.FastApplyOnOpaque:1 ; Always have FastSkyLUT 1 in this case to avoid wrong sky]]
[2023.09.23-12.47.05:141][  0]LogConfig: Setting CVar [[r.SkyAtmosphere.AerialPerspectiveLUT.SampleCountMaxPerSlice:4]]
[2023.09.23-12.47.05:141][  0]LogConfig: Setting CVar [[r.SkyAtmosphere.AerialPerspectiveLUT.DepthResolution:16.0]]
[2023.09.23-12.47.05:141][  0]LogConfig: Setting CVar [[r.SkyAtmosphere.FastSkyLUT:1]]
[2023.09.23-12.47.05:141][  0]LogConfig: Setting CVar [[r.SkyAtmosphere.FastSkyLUT.SampleCountMin:4.0]]
[2023.09.23-12.47.05:141][  0]LogConfig: Setting CVar [[r.SkyAtmosphere.FastSkyLUT.SampleCountMax:128.0]]
[2023.09.23-12.47.05:141][  0]LogConfig: Setting CVar [[r.SkyAtmosphere.SampleCountMin:4.0]]
[2023.09.23-12.47.05:141][  0]LogConfig: Setting CVar [[r.SkyAtmosphere.SampleCountMax:128.0]]
[2023.09.23-12.47.05:141][  0]LogConfig: Setting CVar [[r.SkyAtmosphere.TransmittanceLUT.UseSmallFormat:0]]
[2023.09.23-12.47.05:141][  0]LogConfig: Setting CVar [[r.SkyAtmosphere.TransmittanceLUT.SampleCount:10.0]]
[2023.09.23-12.47.05:141][  0]LogConfig: Setting CVar [[r.SkyAtmosphere.MultiScatteringLUT.SampleCount:15.0]]
[2023.09.23-12.47.05:141][  0]LogConfig: Setting CVar [[r.SkyLight.RealTimeReflectionCapture:1]]
[2023.09.23-12.47.05:141][  0]LogConfig: Applying CVar settings from Section [FoliageQuality@3] File [C:/Users/1465500/Documents/GitHub/Shoter/TopDownShooterBsz/Saved/Config/Windows/Scalability.ini]
[2023.09.23-12.47.05:141][  0]LogConfig: Setting CVar [[foliage.DensityScale:1.0]]
[2023.09.23-12.47.05:141][  0]LogConfig: Setting CVar [[grass.DensityScale:1.0]]
[2023.09.23-12.47.05:141][  0]LogConfig: Applying CVar settings from Section [ShadingQuality@3] File [C:/Users/1465500/Documents/GitHub/Shoter/TopDownShooterBsz/Saved/Config/Windows/Scalability.ini]
[2023.09.23-12.47.05:141][  0]LogConfig: Setting CVar [[r.HairStrands.SkyLighting.IntegrationType:2]]
[2023.09.23-12.47.05:141][  0]LogConfig: Setting CVar [[r.HairStrands.SkyAO.SampleCount:4]]
[2023.09.23-12.47.05:141][  0]LogConfig: Setting CVar [[r.HairStrands.Visibility.MSAA.SamplePerPixel:4]]
[2023.09.23-12.47.05:141][  0]LogConfig: Applying CVar settings from Section [Startup] File [../../../Engine/Config/ConsoleVariables.ini]
[2023.09.23-12.47.05:141][  0]LogConfig: Setting CVar [[net.UseAdaptiveNetUpdateFrequency:0]]
[2023.09.23-12.47.05:141][  0]LogConfig: Setting CVar [[p.chaos.AllowCreatePhysxBodies:1]]
[2023.09.23-12.47.05:141][  0]LogConfig: Setting CVar [[fx.SkipVectorVMBackendOptimizations:1]]
[2023.09.23-12.47.05:141][  0]LogConfig: Applying CVar settings from Section [ConsoleVariables] File [C:/Users/1465500/Documents/GitHub/Shoter/TopDownShooterBsz/Saved/Config/Windows/Engine.ini]
[2023.09.23-12.47.05:141][  0]LogConfig: Applying CVar settings from Section [ConsoleVariables] File [C:/Users/1465500/Documents/GitHub/Shoter/TopDownShooterBsz/Saved/Config/Windows/Editor.ini]
[2023.09.23-12.47.05:141][  0]LogInit: Computer: LAPTOP-VMUIJP0F
[2023.09.23-12.47.05:141][  0]LogInit: User: 1465500
[2023.09.23-12.47.05:141][  0]LogInit: CPU Page size=4096, Cores=4
[2023.09.23-12.47.05:141][  0]LogInit: High frequency timer resolution =10.000000 MHz
[2023.09.23-12.47.05:141][  0]LogMemory: Memory total: Physical=15.7GB (16GB approx)
[2023.09.23-12.47.05:141][  0]LogMemory: Platform Memory Stats for Windows
[2023.09.23-12.47.05:141][  0]LogMemory: Process Physical Memory: 144.96 MB used, 144.96 MB peak
[2023.09.23-12.47.05:141][  0]LogMemory: Process Virtual Memory: 128.51 MB used, 128.51 MB peak
[2023.09.23-12.47.05:141][  0]LogMemory: Physical Memory: 8004.99 MB used,  8073.48 MB free, 16078.47 MB total
[2023.09.23-12.47.05:141][  0]LogMemory: Virtual Memory: 134210152.00 MB used,  7573.00 MB free, 134217728.00 MB total
[2023.09.23-12.47.05:147][  0]LogWindows: WindowsPlatformFeatures enabled
[2023.09.23-12.47.05:167][  0]LogInit: Physics initialised using underlying interface: PhysX
[2023.09.23-12.47.05:167][  0]LogInit: Using OS detected language (pl-PL).
[2023.09.23-12.47.05:167][  0]LogInit: Using OS detected locale (pl-PL).
[2023.09.23-12.47.05:170][  0]LogTextLocalizationManager: No specific localization for 'pl-PL' exists, so the 'pl' localization will be used.
[2023.09.23-12.47.05:170][  0]LogTextLocalizationResource: LocRes '../../../Engine/Content/Localization/Editor/pl/Editor.locres' could not be opened for reading!
[2023.09.23-12.47.05:170][  0]LogTextLocalizationResource: LocRes '../../../Engine/Content/Localization/EditorTutorials/pl/EditorTutorials.locres' could not be opened for reading!
[2023.09.23-12.47.05:170][  0]LogTextLocalizationResource: LocRes '../../../Engine/Content/Localization/Keywords/pl/Keywords.locres' could not be opened for reading!
[2023.09.23-12.47.05:170][  0]LogTextLocalizationResource: LocRes '../../../Engine/Content/Localization/Category/pl/Category.locres' could not be opened for reading!
[2023.09.23-12.47.05:170][  0]LogTextLocalizationResource: LocRes '../../../Engine/Content/Localization/ToolTips/pl/ToolTips.locres' could not be opened for reading!
[2023.09.23-12.47.05:170][  0]LogTextLocalizationResource: LocRes '../../../Engine/Content/Localization/PropertyNames/pl/PropertyNames.locres' could not be opened for reading!
[2023.09.23-12.47.05:170][  0]LogTextLocalizationResource: LocRes '../../../Engine/Content/Localization/Engine/pl/Engine.locres' could not be opened for reading!
[2023.09.23-12.47.05:171][  0]LogInit: Setting process to per monitor DPI aware
[2023.09.23-12.47.05:186][  0]LogWindowsTextInputMethodSystem: Display: IME system deactivated.
[2023.09.23-12.47.05:195][  0]LogSlate: New Slate User Created.  User Index 0, Is Virtual User: 0
[2023.09.23-12.47.05:195][  0]LogSlate: Slate User Registered.  User Index 0, Is Virtual User: 0
[2023.09.23-12.47.05:304][  0]LogD3D11RHI: Loaded GFSDK_Aftermath_Lib.x64.dll
[2023.09.23-12.47.05:308][  0]LogHMD: Failed to initialize OpenVR with code 110
[2023.09.23-12.47.05:308][  0]LogD3D11RHI: D3D11 min allowed feature level: 11_0
[2023.09.23-12.47.05:308][  0]LogD3D11RHI: D3D11 max allowed feature level: 11_0
[2023.09.23-12.47.05:308][  0]LogD3D11RHI: D3D11 adapters:
[2023.09.23-12.47.05:439][  0]LogD3D11RHI:    0. 'Intel(R) Iris(R) Xe Graphics' (Feature Level 11_0)
[2023.09.23-12.47.05:439][  0]LogD3D11RHI:       128/0/8039 MB DedicatedVideo/DedicatedSystem/SharedSystem, Outputs:1, VendorId:0x8086
[2023.09.23-12.47.05:442][  0]LogD3D11RHI:    1. 'Microsoft Basic Render Driver' (Feature Level 11_0)
[2023.09.23-12.47.05:442][  0]LogD3D11RHI:       0/0/8039 MB DedicatedVideo/DedicatedSystem/SharedSystem, Outputs:0, VendorId:0x1414
[2023.09.23-12.47.05:442][  0]LogD3D11RHI: Chosen D3D11 Adapter:
[2023.09.23-12.47.05:442][  0]LogD3D11RHI:     Description : Intel(R) Iris(R) Xe Graphics
[2023.09.23-12.47.05:442][  0]LogD3D11RHI:     VendorId    : 8086
[2023.09.23-12.47.05:442][  0]LogD3D11RHI:     DeviceId    : 9a49
[2023.09.23-12.47.05:442][  0]LogD3D11RHI:     SubSysId    : 15cc1043
[2023.09.23-12.47.05:442][  0]LogD3D11RHI:     Revision    : 0001
[2023.09.23-12.47.05:442][  0]LogD3D11RHI:     DedicatedVideoMemory : 134217728 bytes
[2023.09.23-12.47.05:442][  0]LogD3D11RHI:     DedicatedSystemMemory : 0 bytes
[2023.09.23-12.47.05:442][  0]LogD3D11RHI:     SharedSystemMemory : 8429750272 bytes
[2023.09.23-12.47.05:442][  0]LogD3D11RHI:     AdapterLuid : 0 59089
[2023.09.23-12.47.05:451][  0]LogD3D11RHI: Creating new Direct3DDevice
[2023.09.23-12.47.05:451][  0]LogD3D11RHI:     GPU DeviceId: 0x9a49 (for the marketing name, search the web for "GPU Device Id")
[2023.09.23-12.47.05:451][  0]LogWindows: EnumDisplayDevices:
[2023.09.23-12.47.05:451][  0]LogWindows:    0. 'Intel(R) Iris(R) Xe Graphics' (P:1 D:1)
[2023.09.23-12.47.05:451][  0]LogWindows:    1. 'Intel(R) Iris(R) Xe Graphics' (P:0 D:0)
[2023.09.23-12.47.05:451][  0]LogWindows:    2. 'Intel(R) Iris(R) Xe Graphics' (P:0 D:0)
[2023.09.23-12.47.05:451][  0]LogWindows:    3. 'Intel(R) Iris(R) Xe Graphics' (P:0 D:0)
[2023.09.23-12.47.05:451][  0]LogWindows: DebugString: FoundDriverCount:4 
[2023.09.23-12.47.05:451][  0]LogD3D11RHI:     Adapter Name: Intel(R) Iris(R) Xe Graphics
[2023.09.23-12.47.05:451][  0]LogD3D11RHI:   Driver Version: 30.0.101.3111 (internal:30.0.101.3111, unified:30.0.101.3111)
[2023.09.23-12.47.05:451][  0]LogD3D11RHI:      Driver Date: 6-9-2022
[2023.09.23-12.47.05:451][  0]LogRHI: Texture pool is 1523 MB (70% of 2176 MB)
[2023.09.23-12.47.05:457][  0]LogD3D11RHI: Creating D3DDevice using adapter:
[2023.09.23-12.47.05:457][  0]LogD3D11RHI:     Description : Intel(R) Iris(R) Xe Graphics
[2023.09.23-12.47.05:457][  0]LogD3D11RHI:     VendorId    : 8086
[2023.09.23-12.47.05:457][  0]LogD3D11RHI:     DeviceId    : 9a49
[2023.09.23-12.47.05:457][  0]LogD3D11RHI:     SubSysId    : 15cc1043
[2023.09.23-12.47.05:457][  0]LogD3D11RHI:     Revision    : 0001
[2023.09.23-12.47.05:457][  0]LogD3D11RHI:     DedicatedVideoMemory : 134217728 bytes
[2023.09.23-12.47.05:457][  0]LogD3D11RHI:     DedicatedSystemMemory : 0 bytes
[2023.09.23-12.47.05:457][  0]LogD3D11RHI:     SharedSystemMemory : 8429750272 bytes
[2023.09.23-12.47.05:457][  0]LogD3D11RHI:     AdapterLuid : 0 59089
[2023.09.23-12.47.05:562][  0]LogD3D11RHI: RHI does not have support for 64 bit atomics
[2023.09.23-12.47.05:577][  0]LogD3D11RHI: Intel Extensions support version Full=16777216, Major=1, Minor=0, Revision=0
[2023.09.23-12.47.05:577][  0]LogD3D11RHI: Intel Extensions support version Full=16777217, Major=1, Minor=0, Revision=1
[2023.09.23-12.47.05:577][  0]LogD3D11RHI: Intel Extensions Framework enabled
[2023.09.23-12.47.05:578][  0]LogD3D11RHI: [IntelMetricsDiscovery] Started
[2023.09.23-12.47.05:578][  0]LogD3D11RHI: Async texture creation enabled
[2023.09.23-12.47.05:578][  0]LogD3D11RHI: Array index from any shader is supported
[2023.09.23-12.47.05:609][  0]LogD3D11RHI: GPU Timing Frequency: 19.200000 (Debug: 2 0)
[2023.09.23-12.47.05:890][  0]LogTargetPlatformManager: Display: Loaded TargetPlatform 'AllDesktop'
[2023.09.23-12.47.05:911][  0]LogTargetPlatformManager: Display: Loaded TargetPlatform 'Android'
[2023.09.23-12.47.05:911][  0]LogTargetPlatformManager: Display: Loaded TargetPlatform 'Android_ASTC'
[2023.09.23-12.47.05:911][  0]LogTargetPlatformManager: Display: Loaded TargetPlatform 'Android_DXT'
[2023.09.23-12.47.05:911][  0]LogTargetPlatformManager: Display: Loaded TargetPlatform 'Android_ETC2'
[2023.09.23-12.47.05:911][  0]LogTargetPlatformManager: Display: Loaded TargetPlatform 'AndroidClient'
[2023.09.23-12.47.05:911][  0]LogTargetPlatformManager: Display: Loaded TargetPlatform 'Android_ASTCClient'
[2023.09.23-12.47.05:911][  0]LogTargetPlatformManager: Display: Loaded TargetPlatform 'Android_DXTClient'
[2023.09.23-12.47.05:911][  0]LogTargetPlatformManager: Display: Loaded TargetPlatform 'Android_ETC2Client'
[2023.09.23-12.47.05:911][  0]LogTargetPlatformManager: Display: Loaded TargetPlatform 'Android_Multi'
[2023.09.23-12.47.05:911][  0]LogTargetPlatformManager: Display: Loaded TargetPlatform 'Android_MultiClient'
[2023.09.23-12.47.05:932][  0]LogTargetPlatformManager: Display: Loaded TargetPlatform 'IOSClient'
[2023.09.23-12.47.05:932][  0]LogTargetPlatformManager: Display: Loaded TargetPlatform 'IOS'
[2023.09.23-12.47.05:943][  0]LogTargetPlatformManager: Display: Loaded TargetPlatform 'Linux'
[2023.09.23-12.47.05:948][  0]LogTargetPlatformManager: Display: Loaded TargetPlatform 'LinuxNoEditor'
[2023.09.23-12.47.05:953][  0]LogTargetPlatformManager: Display: Loaded TargetPlatform 'LinuxClient'
[2023.09.23-12.47.05:958][  0]LogTargetPlatformManager: Display: Loaded TargetPlatform 'LinuxServer'
[2023.09.23-12.47.05:967][  0]LogTargetPlatformManager: Display: Loaded TargetPlatform 'LinuxAArch64NoEditor'
[2023.09.23-12.47.05:971][  0]LogTargetPlatformManager: Display: Loaded TargetPlatform 'LinuxAArch64Client'
[2023.09.23-12.47.05:976][  0]LogTargetPlatformManager: Display: Loaded TargetPlatform 'LinuxAArch64Server'
[2023.09.23-12.47.05:998][  0]LogTargetPlatformManager: Display: Loaded TargetPlatform 'Lumin'
[2023.09.23-12.47.05:998][  0]LogTargetPlatformManager: Display: Loaded TargetPlatform 'LuminClient'
[2023.09.23-12.47.06:006][  0]LogTargetPlatformManager: Display: Loaded TargetPlatform 'MacNoEditor'
[2023.09.23-12.47.06:010][  0]LogTargetPlatformManager: Display: Loaded TargetPlatform 'Mac'
[2023.09.23-12.47.06:015][  0]LogTargetPlatformManager: Display: Loaded TargetPlatform 'MacClient'
[2023.09.23-12.47.06:019][  0]LogTargetPlatformManager: Display: Loaded TargetPlatform 'MacServer'
[2023.09.23-12.47.06:028][  0]LogTargetPlatformManager: Display: Loaded TargetPlatform 'TVOSClient'
[2023.09.23-12.47.06:028][  0]LogTargetPlatformManager: Display: Loaded TargetPlatform 'TVOS'
[2023.09.23-12.47.06:037][  0]LogTargetPlatformManager: Display: Loaded TargetPlatform 'WindowsNoEditor'
[2023.09.23-12.47.06:041][  0]LogTargetPlatformManager: Display: Loaded TargetPlatform 'Windows'
[2023.09.23-12.47.06:046][  0]LogTargetPlatformManager: Display: Loaded TargetPlatform 'WindowsClient'
[2023.09.23-12.47.06:051][  0]LogTargetPlatformManager: Display: Loaded TargetPlatform 'WindowsServer'
[2023.09.23-12.47.06:051][  0]LogTargetPlatformManager: Display: Building Assets For Windows
[2023.09.23-12.47.06:059][  0]LogAudioDebug: Display: Lib vorbis DLL was dynamically loaded.
[2023.09.23-12.47.06:090][  0]LogTextureFormatOodle: Display: Oodle Texture 2.9.0 init RDO Off
[2023.09.23-12.47.06:120][  0]LogRendererCore: Ray tracing is disabled. Reason: r.RayTracing=0.
[2023.09.23-12.47.06:120][  0]LogShaderCompilers: Guid format shader working directory is -26 characters bigger than the processId version (../../../../../../Users/1465500/Documents/GitHub/Shoter/TopDownShooterBsz/Intermediate/Shaders/WorkingDirectory/27172/).
[2023.09.23-12.47.06:120][  0]LogShaderCompilers: Cleaned the shader compiler working directory 'C:/Users/1465500/AppData/Local/Temp/UnrealShaderWorkingDir/8756EED84B1966B2F2A40184072B72E6/'.
[2023.09.23-12.47.06:120][  0]LogXGEController: Cannot use XGE Controller as Incredibuild is not installed on this machine.
[2023.09.23-12.47.06:120][  0]LogShaderCompilers: Cannot use XGE Shader Compiler as Incredibuild is not installed on this machine.
[2023.09.23-12.47.06:120][  0]LogShaderCompilers: Display: Using Local Shader Compiler.
[2023.09.23-12.47.06:849][  0]LogDerivedDataCache: Display: Max Cache Size: 512 MB
[2023.09.23-12.47.06:917][  0]LogDerivedDataCache: Loaded boot cache 0.07s 94MB C:/Users/1465500/AppData/Local/UnrealEngine/4.27/DerivedDataCache/Boot.ddc.
[2023.09.23-12.47.06:917][  0]LogDerivedDataCache: Display: Loaded Boot cache: C:/Users/1465500/AppData/Local/UnrealEngine/4.27/DerivedDataCache/Boot.ddc
[2023.09.23-12.47.06:917][  0]LogDerivedDataCache: FDerivedDataBackendGraph:  Pak pak cache file ../../../../../../Users/1465500/Documents/GitHub/Shoter/TopDownShooterBsz/DerivedDataCache/DDC.ddp not found, will not use a pak cache.
[2023.09.23-12.47.06:917][  0]LogDerivedDataCache: Unable to find inner node Pak for hierarchical cache Hierarchy.
[2023.09.23-12.47.06:917][  0]LogDerivedDataCache: FDerivedDataBackendGraph:  CompressedPak pak cache file ../../../../../../Users/1465500/Documents/GitHub/Shoter/TopDownShooterBsz/DerivedDataCache/Compressed.ddp not found, will not use a pak cache.
[2023.09.23-12.47.06:917][  0]LogDerivedDataCache: Unable to find inner node CompressedPak for hierarchical cache Hierarchy.
[2023.09.23-12.47.06:936][  0]LogDerivedDataCache: Display: Pak cache opened for reading ../../../Engine/DerivedDataCache/Compressed.ddp.
[2023.09.23-12.47.06:936][  0]LogDerivedDataCache: FDerivedDataBackendGraph:  EnterprisePak pak cache file ../../../Enterprise/DerivedDataCache/Compressed.ddp not found, will not use a pak cache.
[2023.09.23-12.47.06:936][  0]LogDerivedDataCache: Unable to find inner node EnterprisePak for hierarchical cache Hierarchy.
[2023.09.23-12.47.06:943][  0]LogDerivedDataCache: Speed tests for C:/Users/1465500/AppData/Local/UnrealEngine/Common/DerivedDataCache took 0.01 seconds
[2023.09.23-12.47.06:943][  0]LogDerivedDataCache: Display: Performance to C:/Users/1465500/AppData/Local/UnrealEngine/Common/DerivedDataCache: Latency=0.02ms. RandomReadSpeed=1384.70MBs, RandomWriteSpeed=152.94MBs. Assigned SpeedClass 'Local'
[2023.09.23-12.47.06:944][  0]LogDerivedDataCache: Using Local data cache path C:/Users/1465500/AppData/Local/UnrealEngine/Common/DerivedDataCache: Writable
[2023.09.23-12.47.06:944][  0]LogDerivedDataCache: Shared data cache path not found in *engine.ini, will not use an Shared cache.
[2023.09.23-12.47.06:944][  0]LogDerivedDataCache: Unable to find inner node Shared for hierarchical cache Hierarchy.
[2023.09.23-12.47.06:991][  0]LogSlate: Using FreeType 2.10.0
[2023.09.23-12.47.06:991][  0]LogSlate: SlateFontServices - WITH_FREETYPE: 1, WITH_HARFBUZZ: 1
[2023.09.23-12.47.07:016][  0]LogAssetRegistry: FAssetRegistry took 0.0028 seconds to start up
[2023.09.23-12.47.07:268][  0]LogInit: Selected Device Profile: [Windows]
[2023.09.23-12.47.07:268][  0]LogInit: Active device profile: [000001F72CFCAD00][000001F726DF98C0 49] Windows
[2023.09.23-12.47.07:268][  0]LogInit: Profiles: [000001F72CFCAD00][000001F726DF98C0 49] Windows, [000001F72CF61900][000001F726C4FA40 49] WindowsNoEditor, [000001F72CFCA100][000001F726CE7BC0 49] WindowsServer, [000001F72CF62400][000001F72BFF41C0 49] WindowsClient, [000001F72CFCB600][000001F72BFF8340 49] IOS, [000001F72CF63E00][000001F72BFFC4C0 49] iPadAir, [000001F72CFC8900][000001F72C000640 49] iPadAir2, [000001F72CF11000][000001F72C008900 49] IPadPro, [000001F72CF11100][000001F72C004940 49] iPadAir3, [000001F72CFC8800][000001F726CB6A80 49] iPadAir4, [000001F72CF13100][000001F72C00CBC0 49] iPadMini2, [000001F72CF10800][000001F72C010D00 49] iPadMini3, [000001F72CF62000][000001F72C018E80 49] iPadMini4, [000001F72CF13F00][000001F72BC4B000 49] iPadMini5, [000001F72CF3C900][000001F72BC532C0 49] iPhone6, [000001F72CF3CA00][000001F72BC4F300 49] iPodTouch6, [000001F72CFC8700][000001F72BC5B5C0 49] iPhone7, [000001F72CFC9400][000001F72BC57600 49] iPodTouch7, [000001F72CF3C300][000001F72BC5F780 49] iPhone5S, [000001F72CF62C00][000001F72BC63900 49] iPhone6Plus, [000001F72CF3FB00][000001F72BC67A80 49] iPhone6S, [000001F72CF60A00][000001F72BC6BC00 49] iPhone6SPlus, [000001F72CF3F500][000001F72BC6E200 49] iPhone7Plus, [000001F72CF60800][000001F72BC72380 49] iPhoneSE, [000001F72CF3E100][000001F72BC76500 49] iPhone8, [000001F72CF63600][000001F72BC7A680 49] iPhone8Plus, [000001F72CF3C400][000001F72BC7E800 49] iPhoneX, [000001F72CF63100][000001F72BC82980 49] iPhoneXS, [000001F72CFC9800][000001F726C52B00 49] iPhoneXSMax, [000001F72CF60300][000001F72C014C40 49] iPhoneXR, [000001F72CFCB300][000001F726C56D80 49] iPhone11, [000001F72CF61700][000001F726C5AEC0 49] iPhone11Pro, [000001F72CFC9000][000001F726C63040 49] iPhone11ProMax, [000001F72CF60F00][000001F726C671C0 49] iPhoneSE2, [000001F72CFCA700][000001F726C6B340 49] iPhone12Mini, [000001F72CF61600][000001F726C6F4C0 49] iPhone12, [000001F72CFC9D00][000001F726C73640 49] iPhone12Pro, [000001F72CF63000][000001F726C777C0 49] iPhone12ProMax, [000001F72CFC8E00][000001F726C7B940 49] iPadPro105, [000001F72CF63500][000001F726C7FAC0 49] iPadPro129, [000001F72CFCAA00][000001F726C820C0 49] iPadPro97, [000001F72CF61100][000001F726C86240 49] iPadPro2_129, [000001F72CFC8100][000001F726C8A3C0 49] iPad5, [000001F72CF62800][000001F726B78540 49] iPad6, [000001F72CFC9500][000001F726B7C6C0 49] iPad7, [000001F72CF60E00][000001F726B80840 49] iPad8, [000001F72CFC8F00][000001F726B849C0 49] iPadPro11, [000001F72CF60700][000001F726B88B40 49] iPadPro2_11, [000001F72CFC9600][000001F726B8CCC0 49] iPadPro3_129, [000001F72CF63800][000001F726C5EE00 49] iPadPro4_129, [000001F72CFC9200][000001F726B90F40 49] AppleTV, [000001F72CF63300][000001F726B95080 49] AppleTV4K, [000001F72CFCAF00][000001F726B991C0 49] TVOS, [000001F72CF62500][000001F726BA1340 49] Mac, [000001F72CFC9E00][000001F726BA54C0 49] MacClient, [000001F72CF62300][000001F726BA9640 49] MacNoEditor, [000001F72CFCB800][000001F726BAD7C0 49] MacServer, [000001F72CF63400][000001F726BB1940 49] Linux, [000001F72CFCAB00][000001F726BB5AC0 49] LinuxAArch64, [000001F72CF60B00][000001F726BB80C0 49] LinuxNoEditor, [000001F72CFCB700][000001F726BBC240 49] LinuxAArch64NoEditor, [000001F72CF61C00][000001F726BC03C0 49] LinuxClient, [000001F72CFC9B00][000001F726BC4540 49] LinuxAArch64Client, [000001F72CF63F00][000001F726BC86C0 49] LinuxServer, [000001F72CFC8200][000001F726BCC840 49] LinuxAArch64Server, [000001F72CF62100][000001F726BD09C0 49] Android, [000001F72CFC8500][000001F726BD4B40 49] Android_Low, [000001F72CF62F00][000001F726BD8CC0 49] Android_Mid, [000001F72CFCA400][000001F726BDCE40 49] Android_High, [000001F72CF3E000][000001F726B9CF80 49] Android_Default, [000001F72CF11800][000001F726BE10C0 49] Android_Adreno4xx, [000001F72CF3EA00][000001F72BE11200 49] Android_Adreno5xx_Low, [000001F72CF11900][000001F72BE15340 49] Android_Adreno5xx, [000001F72CF3C100][000001F72BE1D4C0 49] Android_Adreno6xx, [000001F72CF11A00][000001F72BE21640 49] Android_Adreno6xx_Vulkan, [000001F72CF3D100][000001F72BE257C0 49] Android_Mali_T6xx, [000001F72CF12600][000001F72BE29940 49] Android_Mali_T7xx, [000001F72CF3F200][000001F72BE2DAC0 49] Android_Mali_T8xx, [000001F72CF13E00][000001F72BE300C0 49] Android_Mali_G71, [000001F72CF3C500][000001F72BE34240 49] Android_Mali_G72, [000001F72CF12E00][000001F72BE383C0 49] Android_Mali_G72_Vulkan, [000001F72CF3DE00][000001F72BE3C540 49] Android_Mali_G76, [000001F72CF11300][000001F72BE406C0 49] Android_Mali_G76_Vulkan, [000001F72CF3C800][000001F72BE44840 49] Android_Mali_G77, [000001F72CF10100][000001F72BE489C0 49] Android_Mali_G77_Vulkan, [000001F72CF3FC00][000001F72BE4CB40 49] Android_Mali_G78, [000001F72CF10A00][000001F72BE50CC0 49] Android_Mali_G78_Vulkan, [000001F72CF3F800][000001F72BE54E40 49] Android_Mali_G710, [000001F72CF11E00][000001F72BE58FC0 49] Android_Mali_G710_Vulkan, [000001F72CF3ED00][000001F72BE5D140 49] Android_Vulkan_SM5, [000001F72CF10200][000001F72BE19280 49] Android_PowerVR_G6xxx, [000001F72CF3FD00][000001F72BE613C0 49] Android_PowerVR_GT7xxx, [000001F72CF12500][000001F72BE65500 49] Android_PowerVR_GE8xxx, [000001F72CF3EB00][000001F72BE6D680 49] Android_PowerVR_GM9xxx, [000001F72CF12200][000001F72BE71800 49] Android_PowerVR_GM9xxx_Vulkan, [000001F72CF3D300][000001F72BE75980 49] Android_TegraK1, [000001F72CF12800][000001F72BE79B00 49] Android_Unknown_Vulkan, [000001F72CF3D500][000001F72BE7C100 49] Lumin, [000001F72CF63C00][000001F72BE80280 49] Lumin_Desktop, [000001F72CF3E900][000001F72BE84400 49] HoloLens, 
[2023.09.23-12.47.07:399][  0]LogMeshReduction: Using QuadricMeshReduction for automatic static mesh reduction
[2023.09.23-12.47.07:399][  0]LogMeshReduction: Using SimplygonMeshReduction for automatic skeletal mesh reduction
[2023.09.23-12.47.07:399][  0]LogMeshReduction: Using ProxyLODMeshReduction for automatic mesh merging
[2023.09.23-12.47.07:399][  0]LogMeshReduction: No distributed automatic mesh merging module available
[2023.09.23-12.47.07:399][  0]LogMeshMerging: No distributed automatic mesh merging module available
[2023.09.23-12.47.07:416][  0]LogNetVersion: TopDownShooterBsz 1.0.0, NetCL: 17155196, EngineNetVer: 17, GameNetVer: 0 (Checksum: 3106199091)
[2023.09.23-12.47.07:798][  0]LogTexture: Default maximum texture size for cubemaps generated from long-lat sources has been changed from 512 to unlimited. In order to preserve old behaiour for '/Engine/MapTemplates/Sky/DaylightAmbientCubemap.DaylightAmbientCubemap', its maximum texture size has been explicitly set to 512.
[2023.09.23-12.47.07:850][  0]LogHMD: PokeAHoleMaterial loaded successfully
[2023.09.23-12.47.07:855][  0]LogUObjectArray: 17178 objects as part of root set at end of initial load.
[2023.09.23-12.47.07:855][  0]LogUObjectAllocator: 4302048 out of 0 bytes used by permanent object pool.
[2023.09.23-12.47.07:855][  0]LogUObjectArray: CloseDisregardForGC: 0/0 objects in disregard for GC pool
[2023.09.23-12.47.08:165][  0]LogNiagaraDebuggerClient: Niagara Debugger Client Initialized | Session: EF85AD8D4DD95D0396935F9650C7CB90 | Instance: 7DF3A4CF43A9F4178942E2B3D55A3285 (LAPTOP-VMUIJP0F-27172).
[2023.09.23-12.47.08:286][  0]LogPython: Using Python 3.7.7
[2023.09.23-12.47.08:765][  0]LogTcpMessaging: Initializing TcpMessaging bridge
[2023.09.23-12.47.08:772][  0]LogUdpMessaging: Initializing bridge on interface 0.0.0.0:0 to multicast group 230.0.0.1:6666.
[2023.09.23-12.47.08:867][  0]SourceControl: Source control is disabled
[2023.09.23-12.47.08:867][  0]SourceControl: Source control is disabled
[2023.09.23-12.47.08:875][  0]SourceControl: Source control is disabled
[2023.09.23-12.47.08:878][  0]SourceControl: Source control is disabled
[2023.09.23-12.47.08:885][  0]SourceControl: Source control is disabled
[2023.09.23-12.47.08:889][  0]LogUProjectInfo: Found projects:
[2023.09.23-12.47.08:894][  0]LogVSAccessor: Display: Unable to create Visual Studio setup instance: 80040154
[2023.09.23-12.47.08:894][  0]LogVSAccessor: Display: Unable to create Visual Studio setup instance: 80040154
[2023.09.23-12.47.08:895][  0]LogVSAccessor: Display: Unable to create Visual Studio setup instance: 80040154
[2023.09.23-12.47.09:155][  0]LogOpenImageDenoise: OIDN starting up
[2023.09.23-12.47.09:169][  0]LogAndroidPermission: UAndroidPermissionCallbackProxy::GetInstance
[2023.09.23-12.47.09:197][  0]LogAudioCaptureCore: Display: No Audio Capture implementations found. Audio input will be silent.
[2023.09.23-12.47.09:197][  0]LogAudioCaptureCore: Display: No Audio Capture implementations found. Audio input will be silent.
[2023.09.23-12.47.09:411][  0]LogCollectionManager: Loaded 0 collections in 0.001561 seconds
[2023.09.23-12.47.09:434][  0]LogFileCache: Scanning file cache for directory 'C:/Users/1465500/Documents/GitHub/Shoter/TopDownShooterBsz/Saved/Collections/' took 0.00s
[2023.09.23-12.47.09:434][  0]LogFileCache: Scanning file cache for directory 'C:/Users/1465500/Documents/GitHub/Shoter/TopDownShooterBsz/Content/Developers/1465500/Collections/' took 0.00s
[2023.09.23-12.47.09:434][  0]LogFileCache: Scanning file cache for directory 'C:/Users/1465500/Documents/GitHub/Shoter/TopDownShooterBsz/Content/Collections/' took 0.00s
[2023.09.23-12.47.09:434][  0]LogOcInput: OculusInput pre-init called
[2023.09.23-12.47.09:671][  0]LogEngine: Initializing Engine...
[2023.09.23-12.47.09:680][  0]LogHMD: Failed to enumerate extensions. Please check that you have a valid OpenXR runtime installed.
[2023.09.23-12.47.09:680][  0]LogHMD: Failed to initialize OpenVR with code 110
[2023.09.23-12.47.09:680][  0]LogMagicLeap: Warning: VR disabled because ZI is not enabled.  To enable, in the editor, Edit -> Project Settings -> Plugins -> Magic Leap Plugin -> Enable Zero Iteration
[2023.09.23-12.47.09:681][  0]LogStats: UGameplayTagsManager::InitializeManager -  0.000 s
[2023.09.23-12.47.09:793][  0]LogInit: Initializing FReadOnlyCVARCache
[2023.09.23-12.47.09:804][  0]LogAIModule: Creating AISystem for world Untitled
[2023.09.23-12.47.09:805][  0]LogAudio: Display: Initializing Audio Device Manager...
[2023.09.23-12.47.09:809][  0]LogAudio: Display: Loading Default Audio Settings Objects...
[2023.09.23-12.47.09:810][  0]LogAudio: Display: No default SoundConcurrencyObject specified (or failed to load).
[2023.09.23-12.47.09:810][  0]LogAudio: Display: Audio Device Manager Initialized
[2023.09.23-12.47.09:810][  0]LogAudio: Display: Creating Audio Device:                 Id: 1, Scope: Shared, Realtime: True
[2023.09.23-12.47.09:810][  0]LogAudioMixer: Display: Audio Mixer Platform Settings:
[2023.09.23-12.47.09:810][  0]LogAudioMixer: Display: 	Sample Rate:						  48000
[2023.09.23-12.47.09:810][  0]LogAudioMixer: Display: 	Callback Buffer Frame Size Requested: 1024
[2023.09.23-12.47.09:810][  0]LogAudioMixer: Display: 	Callback Buffer Frame Size To Use:	  1024
[2023.09.23-12.47.09:810][  0]LogAudioMixer: Display: 	Number of buffers to queue:			  2
[2023.09.23-12.47.09:810][  0]LogAudioMixer: Display: 	Max Channels (voices):				  32
[2023.09.23-12.47.09:810][  0]LogAudioMixer: Display: 	Number of Async Source Workers:		  0
[2023.09.23-12.47.09:810][  0]LogAudio: Display: AudioDevice MaxSources: 32
[2023.09.23-12.47.09:811][  0]LogAudio: Display: Audio Spatialization Plugin: None (built-in).
[2023.09.23-12.47.09:811][  0]LogAudio: Display: Audio Reverb Plugin: None (built-in).
[2023.09.23-12.47.09:811][  0]LogAudio: Display: Audio Occlusion Plugin: None (built-in).
[2023.09.23-12.47.09:811][  0]LogAudioMixer: Display: Initializing audio mixer.
[2023.09.23-12.47.09:820][  0]LogAudioMixer: Display: 0: FrontLeft
[2023.09.23-12.47.09:820][  0]LogAudioMixer: Display: 1: FrontRight
[2023.09.23-12.47.10:209][  0]LogAudioMixer: Display: Using Audio Device Głośniki (Realtek(R) Audio)
[2023.09.23-12.47.10:211][  0]LogAudioMixer: Display: Initializing Sound Submixes...
[2023.09.23-12.47.10:214][  0]LogAudioMixer: Display: Creating Master Submix 'MasterSubmixDefault'
[2023.09.23-12.47.10:214][  0]LogAudioMixer: Display: Creating Master Submix 'MasterReverbSubmixDefault'
[2023.09.23-12.47.10:215][  0]LogAudioMixer: Display: Creating Master Submix 'MasterEQSubmixDefault'
[2023.09.23-12.47.10:215][  0]LogAudioMixer: FMixerPlatformXAudio2::StartAudioStream() called
[2023.09.23-12.47.10:215][  0]LogAudioMixer: Display: Output buffers initialized: Frames=1024, Channels=2, Samples=2048
[2023.09.23-12.47.10:217][  0]LogAudioMixer: Display: Starting AudioMixerPlatformInterface::RunInternal()
[2023.09.23-12.47.10:217][  0]LogAudioMixer: Display: FMixerPlatformXAudio2::SubmitBuffer() called for the first time
[2023.09.23-12.47.10:217][  0]LogInit: FAudioDevice initialized.
[2023.09.23-12.47.10:217][  0]LogAudio: Display: Audio Device (ID: 1) registered with world 'Untitled'.
[2023.09.23-12.47.10:217][  0]LogNetVersion: Set ProjectVersion to 1.0.0.0. Version Checksum will be recalculated on next use.
[2023.09.23-12.47.10:276][  0]LogDerivedDataCache: Saved boot cache 0.06s 94MB C:/Users/1465500/AppData/Local/UnrealEngine/4.27/DerivedDataCache/Boot.ddc.
[2023.09.23-12.47.10:276][  0]LogInit: Texture streaming: Enabled
[2023.09.23-12.47.10:289][  0]LogAnalytics: Display: [UEEditor.Rocket.Release] APIServer = https://datarouter.ol.epicgames.com/. AppVersion = 4.27.2-18319896+++UE4+Release-4.27
[2023.09.23-12.47.10:292][  0]LogEngineSessionManager: EngineSessionManager initialized
[2023.09.23-12.47.10:292][  0]LogEditorSessionSummary: Verbose: Initializing EditorSessionSummaryWriter for editor session tracking
[2023.09.23-12.47.10:294][  0]LogEditorSessionSummary: EditorSessionSummaryWriter initialized
[2023.09.23-12.47.10:323][  0]LogInit: Transaction tracking system initialized
[2023.09.23-12.47.10:345][  0]BlueprintLog: New page: Editor Load
[2023.09.23-12.47.10:407][  0]LocalizationService: Localization service is disabled
[2023.09.23-12.47.10:433][  0]TimingProfiler: Initialize
[2023.09.23-12.47.10:433][  0]TimingProfiler: OnSessionChanged
[2023.09.23-12.47.10:433][  0]LoadingProfiler: Initialize
[2023.09.23-12.47.10:433][  0]LoadingProfiler: OnSessionChanged
[2023.09.23-12.47.10:433][  0]NetworkingProfiler: Initialize
[2023.09.23-12.47.10:433][  0]NetworkingProfiler: OnSessionChanged
[2023.09.23-12.47.10:433][  0]MemoryProfiler: Initialize
[2023.09.23-12.47.10:433][  0]MemoryProfiler: OnSessionChanged
[2023.09.23-12.47.10:497][  0]LogVSAccessor: Display: Unable to create Visual Studio setup instance: 80040154
[2023.09.23-12.47.10:498][  0]LogVSAccessor: Display: Unable to create Visual Studio setup instance: 80040154
[2023.09.23-12.47.10:499][  0]LogVSAccessor: Display: Unable to create Visual Studio setup instance: 80040154
[2023.09.23-12.47.10:604][  0]LogCook: Display: CookSettings for Memory: MemoryMaxUsedVirtual 0MiB, MemoryMaxUsedPhysical 16384MiB, MemoryMinFreeVirtual 0MiB, MemoryMinFreePhysical 1024MiB
[2023.09.23-12.47.10:604][  0]LogCook: Display: Mobile HDR setting 1
[2023.09.23-12.47.10:806][  0]LogFileCache: Scanning file cache for directory 'C:/Users/1465500/Documents/GitHub/Shoter/TopDownShooterBsz/Content/' took 0.01s
[2023.09.23-12.47.10:990][  0]LogInit: Display: Engine is initialized. Leaving FEngineLoop::Init()
[2023.09.23-12.47.10:993][  0]SourceControl: Source control is disabled
[2023.09.23-12.47.10:993][  0]LogUnrealEdMisc: Loading editor; pre map load, took 6.915
[2023.09.23-12.47.10:993][  0]Cmd: MAP LOAD FILE="../../../../../../Users/1465500/Documents/GitHub/Shoter/TopDownShooterBsz/Content/MainFolder/main.umap" TEMPLATE=0 SHOWPROGRESS=1 FEATURELEVEL=3
[2023.09.23-12.47.10:998][  0]LightingResults: New page: Lighting Build
[2023.09.23-12.47.11:000][  0]LogWorld: UWorld::CleanupWorld for Untitled, bSessionEnded=true, bCleanupResources=true
[2023.09.23-12.47.11:000][  0]LogSlate: InvalidateAllWidgets triggered.  All widgets were invalidated
[2023.09.23-12.47.11:000][  0]MapCheck: New page: Map Check
[2023.09.23-12.47.11:000][  0]LightingResults: New page: Lighting Build
[2023.09.23-12.47.11:004][  0]LogAudio: Display: Audio Device unregistered from world 'None'.
[2023.09.23-12.47.11:007][  0]LogUObjectHash: Compacting FUObjectHashTables data took   0.66ms
[2023.09.23-12.47.11:068][  0]LogAudio: Display: Audio Device (ID: 1) registered with world 'main'.
[2023.09.23-12.47.11:068][  0]LogAIModule: Creating AISystem for world main
[2023.09.23-12.47.11:072][  0]LogEditorServer: Finished looking for orphan Actors (0.000 secs)
[2023.09.23-12.47.11:079][  0]LogUObjectHash: Compacting FUObjectHashTables data took   0.66ms
[2023.09.23-12.47.11:080][  0]Cmd: MAP CHECKDEP NOCLEARLOG
[2023.09.23-12.47.11:080][  0]MapCheck: Map check complete: 0 Error(s), 0 Warning(s), took 0,177ms to complete.
[2023.09.23-12.47.11:080][  0]LogFileHelpers: Loading map 'main' took 0.087
[2023.09.23-12.47.11:082][  0]LogUnrealEdMisc: Total Editor Startup Time, took 7.003
[2023.09.23-12.47.11:268][  0]LogSlate: Updating window title bar state: overlay mode, drag disabled, window buttons hidden, title bar hidden
[2023.09.23-12.47.11:276][  0]LogSlate: Updating window title bar state: overlay mode, drag disabled, window buttons hidden, title bar hidden
[2023.09.23-12.47.11:282][  0]LogSlate: Updating window title bar state: overlay mode, drag disabled, window buttons hidden, title bar hidden
[2023.09.23-12.47.11:288][  0]LogSlate: Updating window title bar state: overlay mode, drag disabled, window buttons hidden, title bar hidden
[2023.09.23-12.47.11:323][  0]LogNativeClassHierarchy: Verbose: Native class hierarchy populated in 0.0093 seconds. Added 3822 classes and 928 folders.
[2023.09.23-12.47.11:364][  0]LogNativeClassHierarchy: Verbose: Native class hierarchy updated for 'WidgetCarousel' in 0.0004 seconds. Added 0 classes and 0 folders.
[2023.09.23-12.47.11:390][  0]LogPakFile: PakFile PrimaryIndexSize=187
[2023.09.23-12.47.11:390][  0]LogPakFile: PakFile PathHashIndexSize=101
[2023.09.23-12.47.11:390][  0]LogPakFile: PakFile FullDirectoryIndexSize=148
[2023.09.23-12.47.11:390][  0]LogShaderLibrary: Display: ShaderCodeLibraryPakFileMountedCallback: PakFile 'C:/Program Files/Epic Games/UE_4.27/FeaturePacks/FP_FirstPerson.upack' (chunk index -1, root 'root:/') mounted
[2023.09.23-12.47.11:390][  0]LogShaderLibrary: Display: ShaderCodeLibraryPakFileMountedCallback: pending pak file info (ChunkID:-1 Root:root:/ File:C:/Program Files/Epic Games/UE_4.27/FeaturePacks/FP_FirstPerson.upack)
[2023.09.23-12.47.11:390][  0]LogPakFile: OnPakFileMounted2Time == 0.000049
[2023.09.23-12.47.11:401][  0]LogPakFile: PakFile PrimaryIndexSize=189
[2023.09.23-12.47.11:401][  0]LogPakFile: PakFile PathHashIndexSize=101
[2023.09.23-12.47.11:401][  0]LogPakFile: PakFile FullDirectoryIndexSize=152
[2023.09.23-12.47.11:401][  0]LogShaderLibrary: Display: ShaderCodeLibraryPakFileMountedCallback: PakFile 'C:/Program Files/Epic Games/UE_4.27/FeaturePacks/FP_FirstPersonBP.upack' (chunk index -1, root 'root:/') mounted
[2023.09.23-12.47.11:401][  0]LogShaderLibrary: Display: ShaderCodeLibraryPakFileMountedCallback: pending pak file info (ChunkID:-1 Root:root:/ File:C:/Program Files/Epic Games/UE_4.27/FeaturePacks/FP_FirstPersonBP.upack)
[2023.09.23-12.47.11:401][  0]LogPakFile: OnPakFileMounted2Time == 0.000080
[2023.09.23-12.47.11:408][  0]LogPakFile: PakFile PrimaryIndexSize=191
[2023.09.23-12.47.11:408][  0]LogPakFile: PakFile PathHashIndexSize=101
[2023.09.23-12.47.11:408][  0]LogPakFile: PakFile FullDirectoryIndexSize=160
[2023.09.23-12.47.11:408][  0]LogShaderLibrary: Display: ShaderCodeLibraryPakFileMountedCallback: PakFile 'C:/Program Files/Epic Games/UE_4.27/FeaturePacks/MobileStarterContent.upack' (chunk index -1, root 'root:/') mounted
[2023.09.23-12.47.11:408][  0]LogShaderLibrary: Display: ShaderCodeLibraryPakFileMountedCallback: pending pak file info (ChunkID:-1 Root:root:/ File:C:/Program Files/Epic Games/UE_4.27/FeaturePacks/MobileStarterContent.upack)
[2023.09.23-12.47.11:408][  0]LogPakFile: OnPakFileMounted2Time == 0.000040
[2023.09.23-12.47.11:418][  0]LogPakFile: PakFile PrimaryIndexSize=185
[2023.09.23-12.47.11:418][  0]LogPakFile: PakFile PathHashIndexSize=101
[2023.09.23-12.47.11:418][  0]LogPakFile: PakFile FullDirectoryIndexSize=148
[2023.09.23-12.47.11:418][  0]LogShaderLibrary: Display: ShaderCodeLibraryPakFileMountedCallback: PakFile 'C:/Program Files/Epic Games/UE_4.27/FeaturePacks/StarterContent.upack' (chunk index -1, root 'root:/') mounted
[2023.09.23-12.47.11:418][  0]LogShaderLibrary: Display: ShaderCodeLibraryPakFileMountedCallback: pending pak file info (ChunkID:-1 Root:root:/ File:C:/Program Files/Epic Games/UE_4.27/FeaturePacks/StarterContent.upack)
[2023.09.23-12.47.11:418][  0]LogPakFile: OnPakFileMounted2Time == 0.000044
[2023.09.23-12.47.11:426][  0]LogPakFile: PakFile PrimaryIndexSize=190
[2023.09.23-12.47.11:426][  0]LogPakFile: PakFile PathHashIndexSize=101
[2023.09.23-12.47.11:426][  0]LogPakFile: PakFile FullDirectoryIndexSize=154
[2023.09.23-12.47.11:426][  0]LogShaderLibrary: Display: ShaderCodeLibraryPakFileMountedCallback: PakFile 'C:/Program Files/Epic Games/UE_4.27/FeaturePacks/TP_2DSideScroller.upack' (chunk index -1, root 'root:/') mounted
[2023.09.23-12.47.11:426][  0]LogShaderLibrary: Display: ShaderCodeLibraryPakFileMountedCallback: pending pak file info (ChunkID:-1 Root:root:/ File:C:/Program Files/Epic Games/UE_4.27/FeaturePacks/TP_2DSideScroller.upack)
[2023.09.23-12.47.11:426][  0]LogPakFile: OnPakFileMounted2Time == 0.000056
[2023.09.23-12.47.11:434][  0]LogPakFile: PakFile PrimaryIndexSize=192
[2023.09.23-12.47.11:434][  0]LogPakFile: PakFile PathHashIndexSize=101
[2023.09.23-12.47.11:434][  0]LogPakFile: PakFile FullDirectoryIndexSize=158
[2023.09.23-12.47.11:434][  0]LogShaderLibrary: Display: ShaderCodeLibraryPakFileMountedCallback: PakFile 'C:/Program Files/Epic Games/UE_4.27/FeaturePacks/TP_2DSideScrollerBP.upack' (chunk index -1, root 'root:/') mounted
[2023.09.23-12.47.11:434][  0]LogShaderLibrary: Display: ShaderCodeLibraryPakFileMountedCallback: pending pak file info (ChunkID:-1 Root:root:/ File:C:/Program Files/Epic Games/UE_4.27/FeaturePacks/TP_2DSideScrollerBP.upack)
[2023.09.23-12.47.11:434][  0]LogPakFile: OnPakFileMounted2Time == 0.000036
[2023.09.23-12.47.11:455][  0]LogPakFile: PakFile PrimaryIndexSize=182
[2023.09.23-12.47.11:455][  0]LogPakFile: PakFile PathHashIndexSize=101
[2023.09.23-12.47.11:455][  0]LogPakFile: PakFile FullDirectoryIndexSize=138
[2023.09.23-12.47.11:455][  0]LogShaderLibrary: Display: ShaderCodeLibraryPakFileMountedCallback: PakFile 'C:/Program Files/Epic Games/UE_4.27/FeaturePacks/TP_Flying.upack' (chunk index -1, root 'root:/') mounted
[2023.09.23-12.47.11:455][  0]LogShaderLibrary: Display: ShaderCodeLibraryPakFileMountedCallback: pending pak file info (ChunkID:-1 Root:root:/ File:C:/Program Files/Epic Games/UE_4.27/FeaturePacks/TP_Flying.upack)
[2023.09.23-12.47.11:455][  0]LogPakFile: OnPakFileMounted2Time == 0.000048
[2023.09.23-12.47.11:464][  0]LogPakFile: PakFile PrimaryIndexSize=184
[2023.09.23-12.47.11:464][  0]LogPakFile: PakFile PathHashIndexSize=101
[2023.09.23-12.47.11:464][  0]LogPakFile: PakFile FullDirectoryIndexSize=142
[2023.09.23-12.47.11:464][  0]LogShaderLibrary: Display: ShaderCodeLibraryPakFileMountedCallback: PakFile 'C:/Program Files/Epic Games/UE_4.27/FeaturePacks/TP_FlyingBP.upack' (chunk index -1, root 'root:/') mounted
[2023.09.23-12.47.11:464][  0]LogShaderLibrary: Display: ShaderCodeLibraryPakFileMountedCallback: pending pak file info (ChunkID:-1 Root:root:/ File:C:/Program Files/Epic Games/UE_4.27/FeaturePacks/TP_FlyingBP.upack)
[2023.09.23-12.47.11:464][  0]LogPakFile: OnPakFileMounted2Time == 0.000038
[2023.09.23-12.47.11:472][  0]LogPakFile: PakFile PrimaryIndexSize=188
[2023.09.23-12.47.11:472][  0]LogPakFile: PakFile PathHashIndexSize=101
[2023.09.23-12.47.11:472][  0]LogPakFile: PakFile FullDirectoryIndexSize=150
[2023.09.23-12.47.11:472][  0]LogShaderLibrary: Display: ShaderCodeLibraryPakFileMountedCallback: PakFile 'C:/Program Files/Epic Games/UE_4.27/FeaturePacks/TP_HandheldARBP.upack' (chunk index -1, root 'root:/') mounted
[2023.09.23-12.47.11:472][  0]LogShaderLibrary: Display: ShaderCodeLibraryPakFileMountedCallback: pending pak file info (ChunkID:-1 Root:root:/ File:C:/Program Files/Epic Games/UE_4.27/FeaturePacks/TP_HandheldARBP.upack)
[2023.09.23-12.47.11:472][  0]LogPakFile: OnPakFileMounted2Time == 0.000037
[2023.09.23-12.47.11:485][  0]LogPakFile: PakFile PrimaryIndexSize=182
[2023.09.23-12.47.11:485][  0]LogPakFile: PakFile PathHashIndexSize=101
[2023.09.23-12.47.11:485][  0]LogPakFile: PakFile FullDirectoryIndexSize=138
[2023.09.23-12.47.11:485][  0]LogShaderLibrary: Display: ShaderCodeLibraryPakFileMountedCallback: PakFile 'C:/Program Files/Epic Games/UE_4.27/FeaturePacks/TP_Puzzle.upack' (chunk index -1, root 'root:/') mounted
[2023.09.23-12.47.11:485][  0]LogShaderLibrary: Display: ShaderCodeLibraryPakFileMountedCallback: pending pak file info (ChunkID:-1 Root:root:/ File:C:/Program Files/Epic Games/UE_4.27/FeaturePacks/TP_Puzzle.upack)
[2023.09.23-12.47.11:485][  0]LogPakFile: OnPakFileMounted2Time == 0.000051
[2023.09.23-12.47.11:508][  0]LogPakFile: PakFile PrimaryIndexSize=184
[2023.09.23-12.47.11:508][  0]LogPakFile: PakFile PathHashIndexSize=101
[2023.09.23-12.47.11:508][  0]LogPakFile: PakFile FullDirectoryIndexSize=142
[2023.09.23-12.47.11:508][  0]LogShaderLibrary: Display: ShaderCodeLibraryPakFileMountedCallback: PakFile 'C:/Program Files/Epic Games/UE_4.27/FeaturePacks/TP_PuzzleBP.upack' (chunk index -1, root 'root:/') mounted
[2023.09.23-12.47.11:508][  0]LogShaderLibrary: Display: ShaderCodeLibraryPakFileMountedCallback: pending pak file info (ChunkID:-1 Root:root:/ File:C:/Program Files/Epic Games/UE_4.27/FeaturePacks/TP_PuzzleBP.upack)
[2023.09.23-12.47.11:508][  0]LogPakFile: OnPakFileMounted2Time == 0.000058
[2023.09.23-12.47.11:516][  0]LogPakFile: PakFile PrimaryIndexSize=183
[2023.09.23-12.47.11:516][  0]LogPakFile: PakFile PathHashIndexSize=101
[2023.09.23-12.47.11:516][  0]LogPakFile: PakFile FullDirectoryIndexSize=140
[2023.09.23-12.47.11:516][  0]LogShaderLibrary: Display: ShaderCodeLibraryPakFileMountedCallback: PakFile 'C:/Program Files/Epic Games/UE_4.27/FeaturePacks/TP_Rolling.upack' (chunk index -1, root 'root:/') mounted
[2023.09.23-12.47.11:516][  0]LogShaderLibrary: Display: ShaderCodeLibraryPakFileMountedCallback: pending pak file info (ChunkID:-1 Root:root:/ File:C:/Program Files/Epic Games/UE_4.27/FeaturePacks/TP_Rolling.upack)
[2023.09.23-12.47.11:516][  0]LogPakFile: OnPakFileMounted2Time == 0.000048
[2023.09.23-12.47.11:525][  0]LogPakFile: PakFile PrimaryIndexSize=185
[2023.09.23-12.47.11:525][  0]LogPakFile: PakFile PathHashIndexSize=101
[2023.09.23-12.47.11:525][  0]LogPakFile: PakFile FullDirectoryIndexSize=144
[2023.09.23-12.47.11:525][  0]LogShaderLibrary: Display: ShaderCodeLibraryPakFileMountedCallback: PakFile 'C:/Program Files/Epic Games/UE_4.27/FeaturePacks/TP_RollingBP.upack' (chunk index -1, root 'root:/') mounted
[2023.09.23-12.47.11:526][  0]LogShaderLibrary: Display: ShaderCodeLibraryPakFileMountedCallback: pending pak file info (ChunkID:-1 Root:root:/ File:C:/Program Files/Epic Games/UE_4.27/FeaturePacks/TP_RollingBP.upack)
[2023.09.23-12.47.11:526][  0]LogPakFile: OnPakFileMounted2Time == 0.000064
[2023.09.23-12.47.11:535][  0]LogPakFile: PakFile PrimaryIndexSize=188
[2023.09.23-12.47.11:535][  0]LogPakFile: PakFile PathHashIndexSize=101
[2023.09.23-12.47.11:535][  0]LogPakFile: PakFile FullDirectoryIndexSize=150
[2023.09.23-12.47.11:535][  0]LogShaderLibrary: Display: ShaderCodeLibraryPakFileMountedCallback: PakFile 'C:/Program Files/Epic Games/UE_4.27/FeaturePacks/TP_SideScroller.upack' (chunk index -1, root 'root:/') mounted
[2023.09.23-12.47.11:536][  0]LogShaderLibrary: Display: ShaderCodeLibraryPakFileMountedCallback: pending pak file info (ChunkID:-1 Root:root:/ File:C:/Program Files/Epic Games/UE_4.27/FeaturePacks/TP_SideScroller.upack)
[2023.09.23-12.47.11:536][  0]LogPakFile: OnPakFileMounted2Time == 0.000043
[2023.09.23-12.47.11:543][  0]LogPakFile: PakFile PrimaryIndexSize=190
[2023.09.23-12.47.11:543][  0]LogPakFile: PakFile PathHashIndexSize=101
[2023.09.23-12.47.11:543][  0]LogPakFile: PakFile FullDirectoryIndexSize=154
[2023.09.23-12.47.11:543][  0]LogShaderLibrary: Display: ShaderCodeLibraryPakFileMountedCallback: PakFile 'C:/Program Files/Epic Games/UE_4.27/FeaturePacks/TP_SideScrollerBP.upack' (chunk index -1, root 'root:/') mounted
[2023.09.23-12.47.11:543][  0]LogShaderLibrary: Display: ShaderCodeLibraryPakFileMountedCallback: pending pak file info (ChunkID:-1 Root:root:/ File:C:/Program Files/Epic Games/UE_4.27/FeaturePacks/TP_SideScrollerBP.upack)
[2023.09.23-12.47.11:543][  0]LogPakFile: OnPakFileMounted2Time == 0.000040
[2023.09.23-12.47.11:551][  0]LogPakFile: PakFile PrimaryIndexSize=187
[2023.09.23-12.47.11:551][  0]LogPakFile: PakFile PathHashIndexSize=101
[2023.09.23-12.47.11:551][  0]LogPakFile: PakFile FullDirectoryIndexSize=148
[2023.09.23-12.47.11:551][  0]LogShaderLibrary: Display: ShaderCodeLibraryPakFileMountedCallback: PakFile 'C:/Program Files/Epic Games/UE_4.27/FeaturePacks/TP_ThirdPerson.upack' (chunk index -1, root 'root:/') mounted
[2023.09.23-12.47.11:551][  0]LogShaderLibrary: Display: ShaderCodeLibraryPakFileMountedCallback: pending pak file info (ChunkID:-1 Root:root:/ File:C:/Program Files/Epic Games/UE_4.27/FeaturePacks/TP_ThirdPerson.upack)
[2023.09.23-12.47.11:551][  0]LogPakFile: OnPakFileMounted2Time == 0.000046
[2023.09.23-12.47.11:559][  0]LogPakFile: PakFile PrimaryIndexSize=189
[2023.09.23-12.47.11:559][  0]LogPakFile: PakFile PathHashIndexSize=101
[2023.09.23-12.47.11:559][  0]LogPakFile: PakFile FullDirectoryIndexSize=152
[2023.09.23-12.47.11:559][  0]LogShaderLibrary: Display: ShaderCodeLibraryPakFileMountedCallback: PakFile 'C:/Program Files/Epic Games/UE_4.27/FeaturePacks/TP_ThirdPersonBP.upack' (chunk index -1, root 'root:/') mounted
[2023.09.23-12.47.11:559][  0]LogShaderLibrary: Display: ShaderCodeLibraryPakFileMountedCallback: pending pak file info (ChunkID:-1 Root:root:/ File:C:/Program Files/Epic Games/UE_4.27/FeaturePacks/TP_ThirdPersonBP.upack)
[2023.09.23-12.47.11:559][  0]LogPakFile: OnPakFileMounted2Time == 0.000038
[2023.09.23-12.47.11:567][  0]LogPakFile: PakFile PrimaryIndexSize=183
[2023.09.23-12.47.11:567][  0]LogPakFile: PakFile PathHashIndexSize=101
[2023.09.23-12.47.11:567][  0]LogPakFile: PakFile FullDirectoryIndexSize=140
[2023.09.23-12.47.11:567][  0]LogShaderLibrary: Display: ShaderCodeLibraryPakFileMountedCallback: PakFile 'C:/Program Files/Epic Games/UE_4.27/FeaturePacks/TP_TopDown.upack' (chunk index -1, root 'root:/') mounted
[2023.09.23-12.47.11:567][  0]LogShaderLibrary: Display: ShaderCodeLibraryPakFileMountedCallback: pending pak file info (ChunkID:-1 Root:root:/ File:C:/Program Files/Epic Games/UE_4.27/FeaturePacks/TP_TopDown.upack)
[2023.09.23-12.47.11:567][  0]LogPakFile: OnPakFileMounted2Time == 0.000108
[2023.09.23-12.47.11:575][  0]LogPakFile: PakFile PrimaryIndexSize=185
[2023.09.23-12.47.11:575][  0]LogPakFile: PakFile PathHashIndexSize=101
[2023.09.23-12.47.11:575][  0]LogPakFile: PakFile FullDirectoryIndexSize=144
[2023.09.23-12.47.11:575][  0]LogShaderLibrary: Display: ShaderCodeLibraryPakFileMountedCallback: PakFile 'C:/Program Files/Epic Games/UE_4.27/FeaturePacks/TP_TopDownBP.upack' (chunk index -1, root 'root:/') mounted
[2023.09.23-12.47.11:575][  0]LogShaderLibrary: Display: ShaderCodeLibraryPakFileMountedCallback: pending pak file info (ChunkID:-1 Root:root:/ File:C:/Program Files/Epic Games/UE_4.27/FeaturePacks/TP_TopDownBP.upack)
[2023.09.23-12.47.11:575][  0]LogPakFile: OnPakFileMounted2Time == 0.000070
[2023.09.23-12.47.11:589][  0]LogPakFile: PakFile PrimaryIndexSize=185
[2023.09.23-12.47.11:589][  0]LogPakFile: PakFile PathHashIndexSize=101
[2023.09.23-12.47.11:589][  0]LogPakFile: PakFile FullDirectoryIndexSize=144
[2023.09.23-12.47.11:589][  0]LogShaderLibrary: Display: ShaderCodeLibraryPakFileMountedCallback: PakFile 'C:/Program Files/Epic Games/UE_4.27/FeaturePacks/TP_TwinStick.upack' (chunk index -1, root 'root:/') mounted
[2023.09.23-12.47.11:590][  0]LogShaderLibrary: Display: ShaderCodeLibraryPakFileMountedCallback: pending pak file info (ChunkID:-1 Root:root:/ File:C:/Program Files/Epic Games/UE_4.27/FeaturePacks/TP_TwinStick.upack)
[2023.09.23-12.47.11:590][  0]LogPakFile: OnPakFileMounted2Time == 0.000042
[2023.09.23-12.47.11:598][  0]LogPakFile: PakFile PrimaryIndexSize=187
[2023.09.23-12.47.11:598][  0]LogPakFile: PakFile PathHashIndexSize=101
[2023.09.23-12.47.11:598][  0]LogPakFile: PakFile FullDirectoryIndexSize=148
[2023.09.23-12.47.11:598][  0]LogShaderLibrary: Display: ShaderCodeLibraryPakFileMountedCallback: PakFile 'C:/Program Files/Epic Games/UE_4.27/FeaturePacks/TP_TwinStickBP.upack' (chunk index -1, root 'root:/') mounted
[2023.09.23-12.47.11:598][  0]LogShaderLibrary: Display: ShaderCodeLibraryPakFileMountedCallback: pending pak file info (ChunkID:-1 Root:root:/ File:C:/Program Files/Epic Games/UE_4.27/FeaturePacks/TP_TwinStickBP.upack)
[2023.09.23-12.47.11:598][  0]LogPakFile: OnPakFileMounted2Time == 0.000053
[2023.09.23-12.47.11:606][  0]LogPakFile: PakFile PrimaryIndexSize=183
[2023.09.23-12.47.11:606][  0]LogPakFile: PakFile PathHashIndexSize=101
[2023.09.23-12.47.11:606][  0]LogPakFile: PakFile FullDirectoryIndexSize=140
[2023.09.23-12.47.11:606][  0]LogShaderLibrary: Display: ShaderCodeLibraryPakFileMountedCallback: PakFile 'C:/Program Files/Epic Games/UE_4.27/FeaturePacks/TP_Vehicle.upack' (chunk index -1, root 'root:/') mounted
[2023.09.23-12.47.11:606][  0]LogShaderLibrary: Display: ShaderCodeLibraryPakFileMountedCallback: pending pak file info (ChunkID:-1 Root:root:/ File:C:/Program Files/Epic Games/UE_4.27/FeaturePacks/TP_Vehicle.upack)
[2023.09.23-12.47.11:606][  0]LogPakFile: OnPakFileMounted2Time == 0.000062
[2023.09.23-12.47.11:614][  0]LogPakFile: PakFile PrimaryIndexSize=186
[2023.09.23-12.47.11:614][  0]LogPakFile: PakFile PathHashIndexSize=101
[2023.09.23-12.47.11:614][  0]LogPakFile: PakFile FullDirectoryIndexSize=146
[2023.09.23-12.47.11:614][  0]LogShaderLibrary: Display: ShaderCodeLibraryPakFileMountedCallback: PakFile 'C:/Program Files/Epic Games/UE_4.27/FeaturePacks/TP_VehicleAdv.upack' (chunk index -1, root 'root:/') mounted
[2023.09.23-12.47.11:614][  0]LogShaderLibrary: Display: ShaderCodeLibraryPakFileMountedCallback: pending pak file info (ChunkID:-1 Root:root:/ File:C:/Program Files/Epic Games/UE_4.27/FeaturePacks/TP_VehicleAdv.upack)
[2023.09.23-12.47.11:614][  0]LogPakFile: OnPakFileMounted2Time == 0.000067
[2023.09.23-12.47.11:625][  0]LogPakFile: PakFile PrimaryIndexSize=188
[2023.09.23-12.47.11:625][  0]LogPakFile: PakFile PathHashIndexSize=101
[2023.09.23-12.47.11:625][  0]LogPakFile: PakFile FullDirectoryIndexSize=150
[2023.09.23-12.47.11:625][  0]LogShaderLibrary: Display: ShaderCodeLibraryPakFileMountedCallback: PakFile 'C:/Program Files/Epic Games/UE_4.27/FeaturePacks/TP_VehicleAdvBP.upack' (chunk index -1, root 'root:/') mounted
[2023.09.23-12.47.11:625][  0]LogShaderLibrary: Display: ShaderCodeLibraryPakFileMountedCallback: pending pak file info (ChunkID:-1 Root:root:/ File:C:/Program Files/Epic Games/UE_4.27/FeaturePacks/TP_VehicleAdvBP.upack)
[2023.09.23-12.47.11:625][  0]LogPakFile: OnPakFileMounted2Time == 0.000078
[2023.09.23-12.47.11:633][  0]LogPakFile: PakFile PrimaryIndexSize=185
[2023.09.23-12.47.11:633][  0]LogPakFile: PakFile PathHashIndexSize=101
[2023.09.23-12.47.11:633][  0]LogPakFile: PakFile FullDirectoryIndexSize=144
[2023.09.23-12.47.11:633][  0]LogShaderLibrary: Display: ShaderCodeLibraryPakFileMountedCallback: PakFile 'C:/Program Files/Epic Games/UE_4.27/FeaturePacks/TP_VehicleBP.upack' (chunk index -1, root 'root:/') mounted
[2023.09.23-12.47.11:633][  0]LogShaderLibrary: Display: ShaderCodeLibraryPakFileMountedCallback: pending pak file info (ChunkID:-1 Root:root:/ File:C:/Program Files/Epic Games/UE_4.27/FeaturePacks/TP_VehicleBP.upack)
[2023.09.23-12.47.11:633][  0]LogPakFile: OnPakFileMounted2Time == 0.000038
[2023.09.23-12.47.11:641][  0]LogPakFile: PakFile PrimaryIndexSize=192
[2023.09.23-12.47.11:641][  0]LogPakFile: PakFile PathHashIndexSize=101
[2023.09.23-12.47.11:641][  0]LogPakFile: PakFile FullDirectoryIndexSize=158
[2023.09.23-12.47.11:641][  0]LogShaderLibrary: Display: ShaderCodeLibraryPakFileMountedCallback: PakFile 'C:/Program Files/Epic Games/UE_4.27/FeaturePacks/TP_VirtualRealityBP.upack' (chunk index -1, root 'root:/') mounted
[2023.09.23-12.47.11:641][  0]LogShaderLibrary: Display: ShaderCodeLibraryPakFileMountedCallback: pending pak file info (ChunkID:-1 Root:root:/ File:C:/Program Files/Epic Games/UE_4.27/FeaturePacks/TP_VirtualRealityBP.upack)
[2023.09.23-12.47.11:641][  0]LogPakFile: OnPakFileMounted2Time == 0.000061
[2023.09.23-12.47.11:995][  0]LogNativeClassHierarchy: Verbose: Native class hierarchy updated for 'AddContentDialog' in 0.0003 seconds. Added 0 classes and 0 folders.
[2023.09.23-12.47.12:001][  0]LogNativeClassHierarchy: Verbose: Native class hierarchy updated for 'SceneOutliner' in 0.0003 seconds. Added 2 classes and 0 folders.
[2023.09.23-12.47.12:062][  0]LogNativeClassHierarchy: Verbose: Native class hierarchy updated for 'HierarchicalLODOutliner' in 0.0003 seconds. Added 0 classes and 0 folders.
[2023.09.23-12.47.12:062][  0]LogLoad: (Engine Initialization) Total time: 7.98 seconds
[2023.09.23-12.47.12:062][  0]LogLoad: (Engine Initialization) Total Blueprint compile time: 0.00 seconds
[2023.09.23-12.47.12:113][  0]LogAssetRegistry: Asset discovery search completed in 5.0990 seconds
[2023.09.23-12.47.12:121][  0]LogCollectionManager: Fixed up redirectors for 0 collections in 0.000004 seconds (updated 0 objects)
[2023.09.23-12.47.12:123][  0]LogContentStreaming: Texture pool size now 1000 MB
[2023.09.23-12.47.12:131][  0]LogSlate: Took 0.000204 seconds to synchronously load lazily loaded font '../../../Engine/Content/Slate/Fonts/Roboto-Regular.ttf' (155K)
[2023.09.23-12.47.12:138][  0]LogSlate: Took 0.006380 seconds to synchronously load lazily loaded font '../../../Engine/Content/Editor/Slate/Fonts/FontAwesome.ttf' (139K)
[2023.09.23-12.47.12:140][  0]LogSlate: Took 0.000233 seconds to synchronously load lazily loaded font '../../../Engine/Content/Slate/Fonts/Roboto-Bold.ttf' (160K)
[2023.09.23-12.47.12:432][  0]LogRenderer: Reallocating scene render targets to support 744x360 Format 10 NumSamples 1 (Frame:1).
[2023.09.23-12.47.12:432][  0]LogSlate: Took 0.000816 seconds to synchronously load lazily loaded font '../../../Engine/Content/Slate/Fonts/Roboto-Light.ttf' (167K)
[2023.09.23-12.51.40:444][535]LogSlate: Took 0.000201 seconds to synchronously load lazily loaded font '../../../Engine/Content/Slate/Fonts/Roboto-Light.ttf' (167K)
[2023.09.23-12.51.40:468][535]LogAssetEditorSubsystem: Opening Asset editor for Blueprint /Game/Blueprints/Pawns/PB_Soldier01.PB_Soldier01
[2023.09.23-12.51.41:738][535]LogNativeClassHierarchy: Verbose: Native class hierarchy updated for 'BlueprintGraph' in 0.0012 seconds. Added 126 classes and 0 folders.
[2023.09.23-12.51.43:387][535]LogSlate: Took 0.000242 seconds to synchronously load lazily loaded font '../../../Engine/Content/Slate/Fonts/Roboto-BoldCondensed.ttf' (158K)
[2023.09.23-12.51.43:575][536]LogSlate: Took 0.008879 seconds to synchronously load lazily loaded font '../../../Engine/Content/Slate/Fonts/Roboto-Italic.ttf' (157K)
[2023.09.23-12.59.58:871][793]LogSlate: Window 'PB_Soldier01' being destroyed
[2023.09.23-13.01.06:153][ 40]LogUObjectHash: Compacting FUObjectHashTables data took   5.87ms
[2023.09.23-13.01.06:155][ 40]LogFileHelpers: Editor autosave (incl. external actors) for '/Game/MainFolder/main' took 0.073
[2023.09.23-13.01.06:163][ 40]OBJ SavePackage: Generating thumbnails for [2] asset(s) in package [/Game/Blueprints/Pawns/PB_Soldier01] ([2] browsable assets)...
[2023.09.23-13.01.06:207][ 40]OBJ SavePackage:     Rendered thumbnail for [BlueprintGeneratedClass /Game/Blueprints/Pawns/PB_Soldier01.PB_Soldier01_C]
[2023.09.23-13.01.06:235][ 40]OBJ SavePackage:     Rendered thumbnail for [Blueprint /Game/Blueprints/Pawns/PB_Soldier01.PB_Soldier01]
[2023.09.23-13.01.06:235][ 40]OBJ SavePackage: Finished generating thumbnails for package [/Game/Blueprints/Pawns/PB_Soldier01]
[2023.09.23-13.01.06:272][ 40]LogSavePackage: Moving '../../../../../../Users/1465500/Documents/GitHub/Shoter/TopDownShooterBsz/Saved/PB_Soldier01_Auto1ED95704C46A67C0B38C6CEA7AA89CA87.tmp' to '../../../../../../Users/1465500/Documents/GitHub/Shoter/TopDownShooterBsz/Saved/Autosaves/Game/Blueprints/Pawns/PB_Soldier01_Auto1.uasset'
[2023.09.23-13.01.06:279][ 40]LogFileHelpers: Auto-saving content packages took 0.123
[2023.09.23-13.01.31:353][532]BlueprintLog: New page: Compile PB_Soldier01
[2023.09.23-13.01.31:414][532]LogUObjectHash: Compacting FUObjectHashTables data took   1.92ms
[2023.09.23-13.01.35:205][754]LogUObjectHash: Compacting FUObjectHashTables data took   1.71ms
[2023.09.23-13.01.35:283][754]Cmd: OBJ SAVEPACKAGE PACKAGE="/Game/Blueprints/Pawns/PB_Soldier01" FILE="../../../../../../Users/1465500/Documents/GitHub/Shoter/TopDownShooterBsz/Content/Blueprints/Pawns/PB_Soldier01.uasset" SILENT=true
[2023.09.23-13.01.35:292][754]LogSavePackage: Moving '../../../../../../Users/1465500/Documents/GitHub/Shoter/TopDownShooterBsz/Saved/PB_Soldier01D637E2C84F50277E76C1F7BB65E83C51.tmp' to '../../../../../../Users/1465500/Documents/GitHub/Shoter/TopDownShooterBsz/Content/Blueprints/Pawns/PB_Soldier01.uasset'
[2023.09.23-13.01.35:345][754]AssetCheck: New page: Asset Save: PB_Soldier01
[2023.09.23-13.01.35:346][754]LogContentValidation: Display: Validating Blueprint /Game/Blueprints/Pawns/PB_Soldier01.PB_Soldier01
[2023.09.23-13.08.09:765][145]BlueprintLog: New page: Compile PB_Soldier01
[2023.09.23-13.08.09:810][145]LogUObjectHash: Compacting FUObjectHashTables data took   2.54ms
[2023.09.23-13.08.11:654][248]LogUObjectHash: Compacting FUObjectHashTables data took   1.87ms
[2023.09.23-13.08.11:704][248]Cmd: OBJ SAVEPACKAGE PACKAGE="/Game/Blueprints/Pawns/PB_Soldier01" FILE="../../../../../../Users/1465500/Documents/GitHub/Shoter/TopDownShooterBsz/Content/Blueprints/Pawns/PB_Soldier01.uasset" SILENT=true
[2023.09.23-13.08.11:718][248]LogSavePackage: Moving '../../../../../../Users/1465500/Documents/GitHub/Shoter/TopDownShooterBsz/Saved/PB_Soldier01867FD19B45A56C015A5189B8550F751C.tmp' to '../../../../../../Users/1465500/Documents/GitHub/Shoter/TopDownShooterBsz/Content/Blueprints/Pawns/PB_Soldier01.uasset'
[2023.09.23-13.08.11:735][248]AssetCheck: New page: Asset Save: PB_Soldier01
[2023.09.23-13.08.11:735][248]LogContentValidation: Display: Validating Blueprint /Game/Blueprints/Pawns/PB_Soldier01.PB_Soldier01
